CRITICAL - 2023-01-10 01:25:00 --> Undefined variable: total_guru
in APPPATH\Views\admin\V_Sekolah.php on line 96.
 1 APPPATH\Views\admin\V_Sekolah.php(96): CodeIgniter\Debug\Exceptions->errorHandler(8, 'Undefined variable: total_guru', 'APPPATH\\Views\\admin\\V_Sekolah.php', 96, [...])
 2 SYSTEMPATH\View\View.php(213): include('APPPATH\\Views\\admin\\V_Sekolah.php')
 3 SYSTEMPATH\View\View.php(216): CodeIgniter\View\View->CodeIgniter\View\{closure}()
 4 SYSTEMPATH\Common.php(1134): CodeIgniter\View\View->render('admin/V_Sekolah', [], true)
 5 APPPATH\Controllers\Sekolah.php(36): view('admin/V_Sekolah', [...])
 6 SYSTEMPATH\CodeIgniter.php(927): App\Controllers\Sekolah->index()
 7 SYSTEMPATH\CodeIgniter.php(482): CodeIgniter\CodeIgniter->runController(Object(App\Controllers\Sekolah))
 8 SYSTEMPATH\CodeIgniter.php(351): CodeIgniter\CodeIgniter->handleRequest(null, Object(Config\Cache), false)
 9 FCPATH\index.php(67): CodeIgniter\CodeIgniter->run()
10 SYSTEMPATH\Commands\Server\rewrite.php(46): require_once('FCPATH\\index.php')
CRITICAL - 2023-01-10 01:25:04 --> Undefined variable: total_guru
in APPPATH\Views\admin\V_Sekolah.php on line 96.
 1 APPPATH\Views\admin\V_Sekolah.php(96): CodeIgniter\Debug\Exceptions->errorHandler(8, 'Undefined variable: total_guru', 'APPPATH\\Views\\admin\\V_Sekolah.php', 96, [...])
 2 SYSTEMPATH\View\View.php(213): include('APPPATH\\Views\\admin\\V_Sekolah.php')
 3 SYSTEMPATH\View\View.php(216): CodeIgniter\View\View->CodeIgniter\View\{closure}()
 4 SYSTEMPATH\Common.php(1134): CodeIgniter\View\View->render('admin/V_Sekolah', [], true)
 5 APPPATH\Controllers\Sekolah.php(36): view('admin/V_Sekolah', [...])
 6 SYSTEMPATH\CodeIgniter.php(927): App\Controllers\Sekolah->index()
 7 SYSTEMPATH\CodeIgniter.php(482): CodeIgniter\CodeIgniter->runController(Object(App\Controllers\Sekolah))
 8 SYSTEMPATH\CodeIgniter.php(351): CodeIgniter\CodeIgniter->handleRequest(null, Object(Config\Cache), false)
 9 FCPATH\index.php(67): CodeIgniter\CodeIgniter->run()
10 SYSTEMPATH\Commands\Server\rewrite.php(46): require_once('FCPATH\\index.php')
CRITICAL - 2023-01-10 01:26:08 --> Undefined variable: total_guru
in APPPATH\Views\admin\V_Sekolah.php on line 96.
 1 APPPATH\Views\admin\V_Sekolah.php(96): CodeIgniter\Debug\Exceptions->errorHandler(8, 'Undefined variable: total_guru', 'APPPATH\\Views\\admin\\V_Sekolah.php', 96, [...])
 2 SYSTEMPATH\View\View.php(213): include('APPPATH\\Views\\admin\\V_Sekolah.php')
 3 SYSTEMPATH\View\View.php(216): CodeIgniter\View\View->CodeIgniter\View\{closure}()
 4 SYSTEMPATH\Common.php(1134): CodeIgniter\View\View->render('admin/V_Sekolah', [], true)
 5 APPPATH\Controllers\Sekolah.php(36): view('admin/V_Sekolah', [...])
 6 SYSTEMPATH\CodeIgniter.php(927): App\Controllers\Sekolah->index()
 7 SYSTEMPATH\CodeIgniter.php(482): CodeIgniter\CodeIgniter->runController(Object(App\Controllers\Sekolah))
 8 SYSTEMPATH\CodeIgniter.php(351): CodeIgniter\CodeIgniter->handleRequest(null, Object(Config\Cache), false)
 9 FCPATH\index.php(67): CodeIgniter\CodeIgniter->run()
10 SYSTEMPATH\Commands\Server\rewrite.php(46): require_once('FCPATH\\index.php')
CRITICAL - 2023-01-10 01:26:09 --> Undefined variable: total_guru
in APPPATH\Views\admin\V_Sekolah.php on line 96.
 1 APPPATH\Views\admin\V_Sekolah.php(96): CodeIgniter\Debug\Exceptions->errorHandler(8, 'Undefined variable: total_guru', 'APPPATH\\Views\\admin\\V_Sekolah.php', 96, [...])
 2 SYSTEMPATH\View\View.php(213): include('APPPATH\\Views\\admin\\V_Sekolah.php')
 3 SYSTEMPATH\View\View.php(216): CodeIgniter\View\View->CodeIgniter\View\{closure}()
 4 SYSTEMPATH\Common.php(1134): CodeIgniter\View\View->render('admin/V_Sekolah', [], true)
 5 APPPATH\Controllers\Sekolah.php(36): view('admin/V_Sekolah', [...])
 6 SYSTEMPATH\CodeIgniter.php(927): App\Controllers\Sekolah->index()
 7 SYSTEMPATH\CodeIgniter.php(482): CodeIgniter\CodeIgniter->runController(Object(App\Controllers\Sekolah))
 8 SYSTEMPATH\CodeIgniter.php(351): CodeIgniter\CodeIgniter->handleRequest(null, Object(Config\Cache), false)
 9 FCPATH\index.php(67): CodeIgniter\CodeIgniter->run()
10 SYSTEMPATH\Commands\Server\rewrite.php(46): require_once('FCPATH\\index.php')
CRITICAL - 2023-01-10 01:26:10 --> Undefined variable: total_guru
in APPPATH\Views\admin\V_Sekolah.php on line 96.
 1 APPPATH\Views\admin\V_Sekolah.php(96): CodeIgniter\Debug\Exceptions->errorHandler(8, 'Undefined variable: total_guru', 'APPPATH\\Views\\admin\\V_Sekolah.php', 96, [...])
 2 SYSTEMPATH\View\View.php(213): include('APPPATH\\Views\\admin\\V_Sekolah.php')
 3 SYSTEMPATH\View\View.php(216): CodeIgniter\View\View->CodeIgniter\View\{closure}()
 4 SYSTEMPATH\Common.php(1134): CodeIgniter\View\View->render('admin/V_Sekolah', [], true)
 5 APPPATH\Controllers\Sekolah.php(36): view('admin/V_Sekolah', [...])
 6 SYSTEMPATH\CodeIgniter.php(927): App\Controllers\Sekolah->index()
 7 SYSTEMPATH\CodeIgniter.php(482): CodeIgniter\CodeIgniter->runController(Object(App\Controllers\Sekolah))
 8 SYSTEMPATH\CodeIgniter.php(351): CodeIgniter\CodeIgniter->handleRequest(null, Object(Config\Cache), false)
 9 FCPATH\index.php(67): CodeIgniter\CodeIgniter->run()
10 SYSTEMPATH\Commands\Server\rewrite.php(46): require_once('FCPATH\\index.php')
CRITICAL - 2023-01-10 01:26:10 --> Undefined variable: total_guru
in APPPATH\Views\admin\V_Sekolah.php on line 96.
 1 APPPATH\Views\admin\V_Sekolah.php(96): CodeIgniter\Debug\Exceptions->errorHandler(8, 'Undefined variable: total_guru', 'APPPATH\\Views\\admin\\V_Sekolah.php', 96, [...])
 2 SYSTEMPATH\View\View.php(213): include('APPPATH\\Views\\admin\\V_Sekolah.php')
 3 SYSTEMPATH\View\View.php(216): CodeIgniter\View\View->CodeIgniter\View\{closure}()
 4 SYSTEMPATH\Common.php(1134): CodeIgniter\View\View->render('admin/V_Sekolah', [], true)
 5 APPPATH\Controllers\Sekolah.php(36): view('admin/V_Sekolah', [...])
 6 SYSTEMPATH\CodeIgniter.php(927): App\Controllers\Sekolah->index()
 7 SYSTEMPATH\CodeIgniter.php(482): CodeIgniter\CodeIgniter->runController(Object(App\Controllers\Sekolah))
 8 SYSTEMPATH\CodeIgniter.php(351): CodeIgniter\CodeIgniter->handleRequest(null, Object(Config\Cache), false)
 9 FCPATH\index.php(67): CodeIgniter\CodeIgniter->run()
10 SYSTEMPATH\Commands\Server\rewrite.php(46): require_once('FCPATH\\index.php')
CRITICAL - 2023-01-10 01:26:10 --> Undefined variable: total_guru
in APPPATH\Views\admin\V_Sekolah.php on line 96.
 1 APPPATH\Views\admin\V_Sekolah.php(96): CodeIgniter\Debug\Exceptions->errorHandler(8, 'Undefined variable: total_guru', 'APPPATH\\Views\\admin\\V_Sekolah.php', 96, [...])
 2 SYSTEMPATH\View\View.php(213): include('APPPATH\\Views\\admin\\V_Sekolah.php')
 3 SYSTEMPATH\View\View.php(216): CodeIgniter\View\View->CodeIgniter\View\{closure}()
 4 SYSTEMPATH\Common.php(1134): CodeIgniter\View\View->render('admin/V_Sekolah', [], true)
 5 APPPATH\Controllers\Sekolah.php(36): view('admin/V_Sekolah', [...])
 6 SYSTEMPATH\CodeIgniter.php(927): App\Controllers\Sekolah->index()
 7 SYSTEMPATH\CodeIgniter.php(482): CodeIgniter\CodeIgniter->runController(Object(App\Controllers\Sekolah))
 8 SYSTEMPATH\CodeIgniter.php(351): CodeIgniter\CodeIgniter->handleRequest(null, Object(Config\Cache), false)
 9 FCPATH\index.php(67): CodeIgniter\CodeIgniter->run()
10 SYSTEMPATH\Commands\Server\rewrite.php(46): require_once('FCPATH\\index.php')
CRITICAL - 2023-01-10 01:26:10 --> Undefined variable: total_guru
in APPPATH\Views\admin\V_Sekolah.php on line 96.
 1 APPPATH\Views\admin\V_Sekolah.php(96): CodeIgniter\Debug\Exceptions->errorHandler(8, 'Undefined variable: total_guru', 'APPPATH\\Views\\admin\\V_Sekolah.php', 96, [...])
 2 SYSTEMPATH\View\View.php(213): include('APPPATH\\Views\\admin\\V_Sekolah.php')
 3 SYSTEMPATH\View\View.php(216): CodeIgniter\View\View->CodeIgniter\View\{closure}()
 4 SYSTEMPATH\Common.php(1134): CodeIgniter\View\View->render('admin/V_Sekolah', [], true)
 5 APPPATH\Controllers\Sekolah.php(36): view('admin/V_Sekolah', [...])
 6 SYSTEMPATH\CodeIgniter.php(927): App\Controllers\Sekolah->index()
 7 SYSTEMPATH\CodeIgniter.php(482): CodeIgniter\CodeIgniter->runController(Object(App\Controllers\Sekolah))
 8 SYSTEMPATH\CodeIgniter.php(351): CodeIgniter\CodeIgniter->handleRequest(null, Object(Config\Cache), false)
 9 FCPATH\index.php(67): CodeIgniter\CodeIgniter->run()
10 SYSTEMPATH\Commands\Server\rewrite.php(46): require_once('FCPATH\\index.php')
CRITICAL - 2023-01-10 01:26:11 --> Undefined variable: total_guru
in APPPATH\Views\admin\V_Sekolah.php on line 96.
 1 APPPATH\Views\admin\V_Sekolah.php(96): CodeIgniter\Debug\Exceptions->errorHandler(8, 'Undefined variable: total_guru', 'APPPATH\\Views\\admin\\V_Sekolah.php', 96, [...])
 2 SYSTEMPATH\View\View.php(213): include('APPPATH\\Views\\admin\\V_Sekolah.php')
 3 SYSTEMPATH\View\View.php(216): CodeIgniter\View\View->CodeIgniter\View\{closure}()
 4 SYSTEMPATH\Common.php(1134): CodeIgniter\View\View->render('admin/V_Sekolah', [], true)
 5 APPPATH\Controllers\Sekolah.php(36): view('admin/V_Sekolah', [...])
 6 SYSTEMPATH\CodeIgniter.php(927): App\Controllers\Sekolah->index()
 7 SYSTEMPATH\CodeIgniter.php(482): CodeIgniter\CodeIgniter->runController(Object(App\Controllers\Sekolah))
 8 SYSTEMPATH\CodeIgniter.php(351): CodeIgniter\CodeIgniter->handleRequest(null, Object(Config\Cache), false)
 9 FCPATH\index.php(67): CodeIgniter\CodeIgniter->run()
10 SYSTEMPATH\Commands\Server\rewrite.php(46): require_once('FCPATH\\index.php')
CRITICAL - 2023-01-10 01:26:11 --> Undefined variable: total_guru
in APPPATH\Views\admin\V_Sekolah.php on line 96.
 1 APPPATH\Views\admin\V_Sekolah.php(96): CodeIgniter\Debug\Exceptions->errorHandler(8, 'Undefined variable: total_guru', 'APPPATH\\Views\\admin\\V_Sekolah.php', 96, [...])
 2 SYSTEMPATH\View\View.php(213): include('APPPATH\\Views\\admin\\V_Sekolah.php')
 3 SYSTEMPATH\View\View.php(216): CodeIgniter\View\View->CodeIgniter\View\{closure}()
 4 SYSTEMPATH\Common.php(1134): CodeIgniter\View\View->render('admin/V_Sekolah', [], true)
 5 APPPATH\Controllers\Sekolah.php(36): view('admin/V_Sekolah', [...])
 6 SYSTEMPATH\CodeIgniter.php(927): App\Controllers\Sekolah->index()
 7 SYSTEMPATH\CodeIgniter.php(482): CodeIgniter\CodeIgniter->runController(Object(App\Controllers\Sekolah))
 8 SYSTEMPATH\CodeIgniter.php(351): CodeIgniter\CodeIgniter->handleRequest(null, Object(Config\Cache), false)
 9 FCPATH\index.php(67): CodeIgniter\CodeIgniter->run()
10 SYSTEMPATH\Commands\Server\rewrite.php(46): require_once('FCPATH\\index.php')
CRITICAL - 2023-01-10 01:26:11 --> Undefined variable: total_guru
in APPPATH\Views\admin\V_Sekolah.php on line 96.
 1 APPPATH\Views\admin\V_Sekolah.php(96): CodeIgniter\Debug\Exceptions->errorHandler(8, 'Undefined variable: total_guru', 'APPPATH\\Views\\admin\\V_Sekolah.php', 96, [...])
 2 SYSTEMPATH\View\View.php(213): include('APPPATH\\Views\\admin\\V_Sekolah.php')
 3 SYSTEMPATH\View\View.php(216): CodeIgniter\View\View->CodeIgniter\View\{closure}()
 4 SYSTEMPATH\Common.php(1134): CodeIgniter\View\View->render('admin/V_Sekolah', [], true)
 5 APPPATH\Controllers\Sekolah.php(36): view('admin/V_Sekolah', [...])
 6 SYSTEMPATH\CodeIgniter.php(927): App\Controllers\Sekolah->index()
 7 SYSTEMPATH\CodeIgniter.php(482): CodeIgniter\CodeIgniter->runController(Object(App\Controllers\Sekolah))
 8 SYSTEMPATH\CodeIgniter.php(351): CodeIgniter\CodeIgniter->handleRequest(null, Object(Config\Cache), false)
 9 FCPATH\index.php(67): CodeIgniter\CodeIgniter->run()
10 SYSTEMPATH\Commands\Server\rewrite.php(46): require_once('FCPATH\\index.php')
CRITICAL - 2023-01-10 01:26:11 --> Undefined variable: total_guru
in APPPATH\Views\admin\V_Sekolah.php on line 96.
 1 APPPATH\Views\admin\V_Sekolah.php(96): CodeIgniter\Debug\Exceptions->errorHandler(8, 'Undefined variable: total_guru', 'APPPATH\\Views\\admin\\V_Sekolah.php', 96, [...])
 2 SYSTEMPATH\View\View.php(213): include('APPPATH\\Views\\admin\\V_Sekolah.php')
 3 SYSTEMPATH\View\View.php(216): CodeIgniter\View\View->CodeIgniter\View\{closure}()
 4 SYSTEMPATH\Common.php(1134): CodeIgniter\View\View->render('admin/V_Sekolah', [], true)
 5 APPPATH\Controllers\Sekolah.php(36): view('admin/V_Sekolah', [...])
 6 SYSTEMPATH\CodeIgniter.php(927): App\Controllers\Sekolah->index()
 7 SYSTEMPATH\CodeIgniter.php(482): CodeIgniter\CodeIgniter->runController(Object(App\Controllers\Sekolah))
 8 SYSTEMPATH\CodeIgniter.php(351): CodeIgniter\CodeIgniter->handleRequest(null, Object(Config\Cache), false)
 9 FCPATH\index.php(67): CodeIgniter\CodeIgniter->run()
10 SYSTEMPATH\Commands\Server\rewrite.php(46): require_once('FCPATH\\index.php')
CRITICAL - 2023-01-10 01:26:12 --> Undefined variable: total_guru
in APPPATH\Views\admin\V_Sekolah.php on line 96.
 1 APPPATH\Views\admin\V_Sekolah.php(96): CodeIgniter\Debug\Exceptions->errorHandler(8, 'Undefined variable: total_guru', 'APPPATH\\Views\\admin\\V_Sekolah.php', 96, [...])
 2 SYSTEMPATH\View\View.php(213): include('APPPATH\\Views\\admin\\V_Sekolah.php')
 3 SYSTEMPATH\View\View.php(216): CodeIgniter\View\View->CodeIgniter\View\{closure}()
 4 SYSTEMPATH\Common.php(1134): CodeIgniter\View\View->render('admin/V_Sekolah', [], true)
 5 APPPATH\Controllers\Sekolah.php(36): view('admin/V_Sekolah', [...])
 6 SYSTEMPATH\CodeIgniter.php(927): App\Controllers\Sekolah->index()
 7 SYSTEMPATH\CodeIgniter.php(482): CodeIgniter\CodeIgniter->runController(Object(App\Controllers\Sekolah))
 8 SYSTEMPATH\CodeIgniter.php(351): CodeIgniter\CodeIgniter->handleRequest(null, Object(Config\Cache), false)
 9 FCPATH\index.php(67): CodeIgniter\CodeIgniter->run()
10 SYSTEMPATH\Commands\Server\rewrite.php(46): require_once('FCPATH\\index.php')
CRITICAL - 2023-01-10 01:26:12 --> Undefined variable: total_guru
in APPPATH\Views\admin\V_Sekolah.php on line 96.
 1 APPPATH\Views\admin\V_Sekolah.php(96): CodeIgniter\Debug\Exceptions->errorHandler(8, 'Undefined variable: total_guru', 'APPPATH\\Views\\admin\\V_Sekolah.php', 96, [...])
 2 SYSTEMPATH\View\View.php(213): include('APPPATH\\Views\\admin\\V_Sekolah.php')
 3 SYSTEMPATH\View\View.php(216): CodeIgniter\View\View->CodeIgniter\View\{closure}()
 4 SYSTEMPATH\Common.php(1134): CodeIgniter\View\View->render('admin/V_Sekolah', [], true)
 5 APPPATH\Controllers\Sekolah.php(36): view('admin/V_Sekolah', [...])
 6 SYSTEMPATH\CodeIgniter.php(927): App\Controllers\Sekolah->index()
 7 SYSTEMPATH\CodeIgniter.php(482): CodeIgniter\CodeIgniter->runController(Object(App\Controllers\Sekolah))
 8 SYSTEMPATH\CodeIgniter.php(351): CodeIgniter\CodeIgniter->handleRequest(null, Object(Config\Cache), false)
 9 FCPATH\index.php(67): CodeIgniter\CodeIgniter->run()
10 SYSTEMPATH\Commands\Server\rewrite.php(46): require_once('FCPATH\\index.php')
CRITICAL - 2023-01-10 01:26:12 --> Undefined variable: total_guru
in APPPATH\Views\admin\V_Sekolah.php on line 96.
 1 APPPATH\Views\admin\V_Sekolah.php(96): CodeIgniter\Debug\Exceptions->errorHandler(8, 'Undefined variable: total_guru', 'APPPATH\\Views\\admin\\V_Sekolah.php', 96, [...])
 2 SYSTEMPATH\View\View.php(213): include('APPPATH\\Views\\admin\\V_Sekolah.php')
 3 SYSTEMPATH\View\View.php(216): CodeIgniter\View\View->CodeIgniter\View\{closure}()
 4 SYSTEMPATH\Common.php(1134): CodeIgniter\View\View->render('admin/V_Sekolah', [], true)
 5 APPPATH\Controllers\Sekolah.php(36): view('admin/V_Sekolah', [...])
 6 SYSTEMPATH\CodeIgniter.php(927): App\Controllers\Sekolah->index()
 7 SYSTEMPATH\CodeIgniter.php(482): CodeIgniter\CodeIgniter->runController(Object(App\Controllers\Sekolah))
 8 SYSTEMPATH\CodeIgniter.php(351): CodeIgniter\CodeIgniter->handleRequest(null, Object(Config\Cache), false)
 9 FCPATH\index.php(67): CodeIgniter\CodeIgniter->run()
10 SYSTEMPATH\Commands\Server\rewrite.php(46): require_once('FCPATH\\index.php')
CRITICAL - 2023-01-10 01:26:17 --> Undefined variable: total_guru
in APPPATH\Views\admin\V_Sekolah.php on line 96.
 1 APPPATH\Views\admin\V_Sekolah.php(96): CodeIgniter\Debug\Exceptions->errorHandler(8, 'Undefined variable: total_guru', 'APPPATH\\Views\\admin\\V_Sekolah.php', 96, [...])
 2 SYSTEMPATH\View\View.php(213): include('APPPATH\\Views\\admin\\V_Sekolah.php')
 3 SYSTEMPATH\View\View.php(216): CodeIgniter\View\View->CodeIgniter\View\{closure}()
 4 SYSTEMPATH\Common.php(1134): CodeIgniter\View\View->render('admin/V_Sekolah', [], true)
 5 APPPATH\Controllers\Sekolah.php(36): view('admin/V_Sekolah', [...])
 6 SYSTEMPATH\CodeIgniter.php(927): App\Controllers\Sekolah->index()
 7 SYSTEMPATH\CodeIgniter.php(482): CodeIgniter\CodeIgniter->runController(Object(App\Controllers\Sekolah))
 8 SYSTEMPATH\CodeIgniter.php(351): CodeIgniter\CodeIgniter->handleRequest(null, Object(Config\Cache), false)
 9 FCPATH\index.php(67): CodeIgniter\CodeIgniter->run()
10 SYSTEMPATH\Commands\Server\rewrite.php(46): require_once('FCPATH\\index.php')
CRITICAL - 2023-01-10 01:26:18 --> Undefined variable: total_guru
in APPPATH\Views\admin\V_Sekolah.php on line 96.
 1 APPPATH\Views\admin\V_Sekolah.php(96): CodeIgniter\Debug\Exceptions->errorHandler(8, 'Undefined variable: total_guru', 'APPPATH\\Views\\admin\\V_Sekolah.php', 96, [...])
 2 SYSTEMPATH\View\View.php(213): include('APPPATH\\Views\\admin\\V_Sekolah.php')
 3 SYSTEMPATH\View\View.php(216): CodeIgniter\View\View->CodeIgniter\View\{closure}()
 4 SYSTEMPATH\Common.php(1134): CodeIgniter\View\View->render('admin/V_Sekolah', [], true)
 5 APPPATH\Controllers\Sekolah.php(36): view('admin/V_Sekolah', [...])
 6 SYSTEMPATH\CodeIgniter.php(927): App\Controllers\Sekolah->index()
 7 SYSTEMPATH\CodeIgniter.php(482): CodeIgniter\CodeIgniter->runController(Object(App\Controllers\Sekolah))
 8 SYSTEMPATH\CodeIgniter.php(351): CodeIgniter\CodeIgniter->handleRequest(null, Object(Config\Cache), false)
 9 FCPATH\index.php(67): CodeIgniter\CodeIgniter->run()
10 SYSTEMPATH\Commands\Server\rewrite.php(46): require_once('FCPATH\\index.php')
CRITICAL - 2023-01-10 01:26:18 --> Undefined variable: total_guru
in APPPATH\Views\admin\V_Sekolah.php on line 96.
 1 APPPATH\Views\admin\V_Sekolah.php(96): CodeIgniter\Debug\Exceptions->errorHandler(8, 'Undefined variable: total_guru', 'APPPATH\\Views\\admin\\V_Sekolah.php', 96, [...])
 2 SYSTEMPATH\View\View.php(213): include('APPPATH\\Views\\admin\\V_Sekolah.php')
 3 SYSTEMPATH\View\View.php(216): CodeIgniter\View\View->CodeIgniter\View\{closure}()
 4 SYSTEMPATH\Common.php(1134): CodeIgniter\View\View->render('admin/V_Sekolah', [], true)
 5 APPPATH\Controllers\Sekolah.php(36): view('admin/V_Sekolah', [...])
 6 SYSTEMPATH\CodeIgniter.php(927): App\Controllers\Sekolah->index()
 7 SYSTEMPATH\CodeIgniter.php(482): CodeIgniter\CodeIgniter->runController(Object(App\Controllers\Sekolah))
 8 SYSTEMPATH\CodeIgniter.php(351): CodeIgniter\CodeIgniter->handleRequest(null, Object(Config\Cache), false)
 9 FCPATH\index.php(67): CodeIgniter\CodeIgniter->run()
10 SYSTEMPATH\Commands\Server\rewrite.php(46): require_once('FCPATH\\index.php')
CRITICAL - 2023-01-10 01:26:18 --> Undefined variable: total_guru
in APPPATH\Views\admin\V_Sekolah.php on line 96.
 1 APPPATH\Views\admin\V_Sekolah.php(96): CodeIgniter\Debug\Exceptions->errorHandler(8, 'Undefined variable: total_guru', 'APPPATH\\Views\\admin\\V_Sekolah.php', 96, [...])
 2 SYSTEMPATH\View\View.php(213): include('APPPATH\\Views\\admin\\V_Sekolah.php')
 3 SYSTEMPATH\View\View.php(216): CodeIgniter\View\View->CodeIgniter\View\{closure}()
 4 SYSTEMPATH\Common.php(1134): CodeIgniter\View\View->render('admin/V_Sekolah', [], true)
 5 APPPATH\Controllers\Sekolah.php(36): view('admin/V_Sekolah', [...])
 6 SYSTEMPATH\CodeIgniter.php(927): App\Controllers\Sekolah->index()
 7 SYSTEMPATH\CodeIgniter.php(482): CodeIgniter\CodeIgniter->runController(Object(App\Controllers\Sekolah))
 8 SYSTEMPATH\CodeIgniter.php(351): CodeIgniter\CodeIgniter->handleRequest(null, Object(Config\Cache), false)
 9 FCPATH\index.php(67): CodeIgniter\CodeIgniter->run()
10 SYSTEMPATH\Commands\Server\rewrite.php(46): require_once('FCPATH\\index.php')
CRITICAL - 2023-01-10 01:26:58 --> Undefined variable: total_tendik
in APPPATH\Views\admin\V_Sekolah.php on line 97.
 1 APPPATH\Views\admin\V_Sekolah.php(97): CodeIgniter\Debug\Exceptions->errorHandler(8, 'Undefined variable: total_tendik', 'APPPATH\\Views\\admin\\V_Sekolah.php', 97, [...])
 2 SYSTEMPATH\View\View.php(213): include('APPPATH\\Views\\admin\\V_Sekolah.php')
 3 SYSTEMPATH\View\View.php(216): CodeIgniter\View\View->CodeIgniter\View\{closure}()
 4 SYSTEMPATH\Common.php(1134): CodeIgniter\View\View->render('admin/V_Sekolah', [], true)
 5 APPPATH\Controllers\Sekolah.php(36): view('admin/V_Sekolah', [...])
 6 SYSTEMPATH\CodeIgniter.php(927): App\Controllers\Sekolah->index()
 7 SYSTEMPATH\CodeIgniter.php(482): CodeIgniter\CodeIgniter->runController(Object(App\Controllers\Sekolah))
 8 SYSTEMPATH\CodeIgniter.php(351): CodeIgniter\CodeIgniter->handleRequest(null, Object(Config\Cache), false)
 9 FCPATH\index.php(67): CodeIgniter\CodeIgniter->run()
10 SYSTEMPATH\Commands\Server\rewrite.php(46): require_once('FCPATH\\index.php')
CRITICAL - 2023-01-10 01:27:57 --> Undefined variable: total_guru
in APPPATH\Views\admin\V_Sekolah.php on line 96.
 1 APPPATH\Views\admin\V_Sekolah.php(96): CodeIgniter\Debug\Exceptions->errorHandler(8, 'Undefined variable: total_guru', 'APPPATH\\Views\\admin\\V_Sekolah.php', 96, [...])
 2 SYSTEMPATH\View\View.php(213): include('APPPATH\\Views\\admin\\V_Sekolah.php')
 3 SYSTEMPATH\View\View.php(216): CodeIgniter\View\View->CodeIgniter\View\{closure}()
 4 SYSTEMPATH\Common.php(1134): CodeIgniter\View\View->render('admin/V_Sekolah', [], true)
 5 APPPATH\Controllers\Sekolah.php(36): view('admin/V_Sekolah', [...])
 6 SYSTEMPATH\CodeIgniter.php(927): App\Controllers\Sekolah->index()
 7 SYSTEMPATH\CodeIgniter.php(482): CodeIgniter\CodeIgniter->runController(Object(App\Controllers\Sekolah))
 8 SYSTEMPATH\CodeIgniter.php(351): CodeIgniter\CodeIgniter->handleRequest(null, Object(Config\Cache), false)
 9 FCPATH\index.php(67): CodeIgniter\CodeIgniter->run()
10 SYSTEMPATH\Commands\Server\rewrite.php(46): require_once('FCPATH\\index.php')
CRITICAL - 2023-01-10 01:28:03 --> Undefined variable: total_tk
in APPPATH\Views\admin\V_Kecamatan.php on line 82.
 1 APPPATH\Views\admin\V_Kecamatan.php(82): CodeIgniter\Debug\Exceptions->errorHandler(8, 'Undefined variable: total_tk', 'APPPATH\\Views\\admin\\V_Kecamatan.php', 82, [...])
 2 SYSTEMPATH\View\View.php(213): include('APPPATH\\Views\\admin\\V_Kecamatan.php')
 3 SYSTEMPATH\View\View.php(216): CodeIgniter\View\View->CodeIgniter\View\{closure}()
 4 SYSTEMPATH\Common.php(1134): CodeIgniter\View\View->render('admin/V_Kecamatan', [], true)
 5 APPPATH\Controllers\Kecamatan.php(35): view('admin/V_Kecamatan', [...])
 6 SYSTEMPATH\CodeIgniter.php(927): App\Controllers\Kecamatan->index()
 7 SYSTEMPATH\CodeIgniter.php(482): CodeIgniter\CodeIgniter->runController(Object(App\Controllers\Kecamatan))
 8 SYSTEMPATH\CodeIgniter.php(351): CodeIgniter\CodeIgniter->handleRequest(null, Object(Config\Cache), false)
 9 FCPATH\index.php(67): CodeIgniter\CodeIgniter->run()
10 SYSTEMPATH\Commands\Server\rewrite.php(46): require_once('FCPATH\\index.php')
CRITICAL - 2023-01-10 01:30:27 --> Undefined variable: total_tk
in APPPATH\Views\admin\V_Kecamatan.php on line 82.
 1 APPPATH\Views\admin\V_Kecamatan.php(82): CodeIgniter\Debug\Exceptions->errorHandler(8, 'Undefined variable: total_tk', 'APPPATH\\Views\\admin\\V_Kecamatan.php', 82, [...])
 2 SYSTEMPATH\View\View.php(213): include('APPPATH\\Views\\admin\\V_Kecamatan.php')
 3 SYSTEMPATH\View\View.php(216): CodeIgniter\View\View->CodeIgniter\View\{closure}()
 4 SYSTEMPATH\Common.php(1134): CodeIgniter\View\View->render('admin/V_Kecamatan', [], true)
 5 APPPATH\Controllers\Kecamatan.php(35): view('admin/V_Kecamatan', [...])
 6 SYSTEMPATH\CodeIgniter.php(927): App\Controllers\Kecamatan->index()
 7 SYSTEMPATH\CodeIgniter.php(482): CodeIgniter\CodeIgniter->runController(Object(App\Controllers\Kecamatan))
 8 SYSTEMPATH\CodeIgniter.php(351): CodeIgniter\CodeIgniter->handleRequest(null, Object(Config\Cache), false)
 9 FCPATH\index.php(67): CodeIgniter\CodeIgniter->run()
10 SYSTEMPATH\Commands\Server\rewrite.php(46): require_once('FCPATH\\index.php')
CRITICAL - 2023-01-10 01:30:28 --> Undefined variable: total_tk
in APPPATH\Views\admin\V_Kecamatan.php on line 82.
 1 APPPATH\Views\admin\V_Kecamatan.php(82): CodeIgniter\Debug\Exceptions->errorHandler(8, 'Undefined variable: total_tk', 'APPPATH\\Views\\admin\\V_Kecamatan.php', 82, [...])
 2 SYSTEMPATH\View\View.php(213): include('APPPATH\\Views\\admin\\V_Kecamatan.php')
 3 SYSTEMPATH\View\View.php(216): CodeIgniter\View\View->CodeIgniter\View\{closure}()
 4 SYSTEMPATH\Common.php(1134): CodeIgniter\View\View->render('admin/V_Kecamatan', [], true)
 5 APPPATH\Controllers\Kecamatan.php(35): view('admin/V_Kecamatan', [...])
 6 SYSTEMPATH\CodeIgniter.php(927): App\Controllers\Kecamatan->index()
 7 SYSTEMPATH\CodeIgniter.php(482): CodeIgniter\CodeIgniter->runController(Object(App\Controllers\Kecamatan))
 8 SYSTEMPATH\CodeIgniter.php(351): CodeIgniter\CodeIgniter->handleRequest(null, Object(Config\Cache), false)
 9 FCPATH\index.php(67): CodeIgniter\CodeIgniter->run()
10 SYSTEMPATH\Commands\Server\rewrite.php(46): require_once('FCPATH\\index.php')
CRITICAL - 2023-01-10 01:30:28 --> Undefined variable: total_tk
in APPPATH\Views\admin\V_Kecamatan.php on line 82.
 1 APPPATH\Views\admin\V_Kecamatan.php(82): CodeIgniter\Debug\Exceptions->errorHandler(8, 'Undefined variable: total_tk', 'APPPATH\\Views\\admin\\V_Kecamatan.php', 82, [...])
 2 SYSTEMPATH\View\View.php(213): include('APPPATH\\Views\\admin\\V_Kecamatan.php')
 3 SYSTEMPATH\View\View.php(216): CodeIgniter\View\View->CodeIgniter\View\{closure}()
 4 SYSTEMPATH\Common.php(1134): CodeIgniter\View\View->render('admin/V_Kecamatan', [], true)
 5 APPPATH\Controllers\Kecamatan.php(35): view('admin/V_Kecamatan', [...])
 6 SYSTEMPATH\CodeIgniter.php(927): App\Controllers\Kecamatan->index()
 7 SYSTEMPATH\CodeIgniter.php(482): CodeIgniter\CodeIgniter->runController(Object(App\Controllers\Kecamatan))
 8 SYSTEMPATH\CodeIgniter.php(351): CodeIgniter\CodeIgniter->handleRequest(null, Object(Config\Cache), false)
 9 FCPATH\index.php(67): CodeIgniter\CodeIgniter->run()
10 SYSTEMPATH\Commands\Server\rewrite.php(46): require_once('FCPATH\\index.php')
CRITICAL - 2023-01-10 01:30:28 --> Undefined variable: total_tk
in APPPATH\Views\admin\V_Kecamatan.php on line 82.
 1 APPPATH\Views\admin\V_Kecamatan.php(82): CodeIgniter\Debug\Exceptions->errorHandler(8, 'Undefined variable: total_tk', 'APPPATH\\Views\\admin\\V_Kecamatan.php', 82, [...])
 2 SYSTEMPATH\View\View.php(213): include('APPPATH\\Views\\admin\\V_Kecamatan.php')
 3 SYSTEMPATH\View\View.php(216): CodeIgniter\View\View->CodeIgniter\View\{closure}()
 4 SYSTEMPATH\Common.php(1134): CodeIgniter\View\View->render('admin/V_Kecamatan', [], true)
 5 APPPATH\Controllers\Kecamatan.php(35): view('admin/V_Kecamatan', [...])
 6 SYSTEMPATH\CodeIgniter.php(927): App\Controllers\Kecamatan->index()
 7 SYSTEMPATH\CodeIgniter.php(482): CodeIgniter\CodeIgniter->runController(Object(App\Controllers\Kecamatan))
 8 SYSTEMPATH\CodeIgniter.php(351): CodeIgniter\CodeIgniter->handleRequest(null, Object(Config\Cache), false)
 9 FCPATH\index.php(67): CodeIgniter\CodeIgniter->run()
10 SYSTEMPATH\Commands\Server\rewrite.php(46): require_once('FCPATH\\index.php')
CRITICAL - 2023-01-10 01:30:28 --> Undefined variable: total_tk
in APPPATH\Views\admin\V_Kecamatan.php on line 82.
 1 APPPATH\Views\admin\V_Kecamatan.php(82): CodeIgniter\Debug\Exceptions->errorHandler(8, 'Undefined variable: total_tk', 'APPPATH\\Views\\admin\\V_Kecamatan.php', 82, [...])
 2 SYSTEMPATH\View\View.php(213): include('APPPATH\\Views\\admin\\V_Kecamatan.php')
 3 SYSTEMPATH\View\View.php(216): CodeIgniter\View\View->CodeIgniter\View\{closure}()
 4 SYSTEMPATH\Common.php(1134): CodeIgniter\View\View->render('admin/V_Kecamatan', [], true)
 5 APPPATH\Controllers\Kecamatan.php(35): view('admin/V_Kecamatan', [...])
 6 SYSTEMPATH\CodeIgniter.php(927): App\Controllers\Kecamatan->index()
 7 SYSTEMPATH\CodeIgniter.php(482): CodeIgniter\CodeIgniter->runController(Object(App\Controllers\Kecamatan))
 8 SYSTEMPATH\CodeIgniter.php(351): CodeIgniter\CodeIgniter->handleRequest(null, Object(Config\Cache), false)
 9 FCPATH\index.php(67): CodeIgniter\CodeIgniter->run()
10 SYSTEMPATH\Commands\Server\rewrite.php(46): require_once('FCPATH\\index.php')
CRITICAL - 2023-01-10 01:30:29 --> Undefined variable: total_tk
in APPPATH\Views\admin\V_Kecamatan.php on line 82.
 1 APPPATH\Views\admin\V_Kecamatan.php(82): CodeIgniter\Debug\Exceptions->errorHandler(8, 'Undefined variable: total_tk', 'APPPATH\\Views\\admin\\V_Kecamatan.php', 82, [...])
 2 SYSTEMPATH\View\View.php(213): include('APPPATH\\Views\\admin\\V_Kecamatan.php')
 3 SYSTEMPATH\View\View.php(216): CodeIgniter\View\View->CodeIgniter\View\{closure}()
 4 SYSTEMPATH\Common.php(1134): CodeIgniter\View\View->render('admin/V_Kecamatan', [], true)
 5 APPPATH\Controllers\Kecamatan.php(35): view('admin/V_Kecamatan', [...])
 6 SYSTEMPATH\CodeIgniter.php(927): App\Controllers\Kecamatan->index()
 7 SYSTEMPATH\CodeIgniter.php(482): CodeIgniter\CodeIgniter->runController(Object(App\Controllers\Kecamatan))
 8 SYSTEMPATH\CodeIgniter.php(351): CodeIgniter\CodeIgniter->handleRequest(null, Object(Config\Cache), false)
 9 FCPATH\index.php(67): CodeIgniter\CodeIgniter->run()
10 SYSTEMPATH\Commands\Server\rewrite.php(46): require_once('FCPATH\\index.php')
CRITICAL - 2023-01-10 01:30:42 --> Undefined variable: total_tk
in APPPATH\Views\admin\V_Kecamatan.php on line 82.
 1 APPPATH\Views\admin\V_Kecamatan.php(82): CodeIgniter\Debug\Exceptions->errorHandler(8, 'Undefined variable: total_tk', 'APPPATH\\Views\\admin\\V_Kecamatan.php', 82, [...])
 2 SYSTEMPATH\View\View.php(213): include('APPPATH\\Views\\admin\\V_Kecamatan.php')
 3 SYSTEMPATH\View\View.php(216): CodeIgniter\View\View->CodeIgniter\View\{closure}()
 4 SYSTEMPATH\Common.php(1134): CodeIgniter\View\View->render('admin/V_Kecamatan', [], true)
 5 APPPATH\Controllers\Kecamatan.php(35): view('admin/V_Kecamatan', [...])
 6 SYSTEMPATH\CodeIgniter.php(927): App\Controllers\Kecamatan->index()
 7 SYSTEMPATH\CodeIgniter.php(482): CodeIgniter\CodeIgniter->runController(Object(App\Controllers\Kecamatan))
 8 SYSTEMPATH\CodeIgniter.php(351): CodeIgniter\CodeIgniter->handleRequest(null, Object(Config\Cache), false)
 9 FCPATH\index.php(67): CodeIgniter\CodeIgniter->run()
10 SYSTEMPATH\Commands\Server\rewrite.php(46): require_once('FCPATH\\index.php')
CRITICAL - 2023-01-10 01:30:43 --> Undefined variable: total_tk
in APPPATH\Views\admin\V_Kecamatan.php on line 82.
 1 APPPATH\Views\admin\V_Kecamatan.php(82): CodeIgniter\Debug\Exceptions->errorHandler(8, 'Undefined variable: total_tk', 'APPPATH\\Views\\admin\\V_Kecamatan.php', 82, [...])
 2 SYSTEMPATH\View\View.php(213): include('APPPATH\\Views\\admin\\V_Kecamatan.php')
 3 SYSTEMPATH\View\View.php(216): CodeIgniter\View\View->CodeIgniter\View\{closure}()
 4 SYSTEMPATH\Common.php(1134): CodeIgniter\View\View->render('admin/V_Kecamatan', [], true)
 5 APPPATH\Controllers\Kecamatan.php(35): view('admin/V_Kecamatan', [...])
 6 SYSTEMPATH\CodeIgniter.php(927): App\Controllers\Kecamatan->index()
 7 SYSTEMPATH\CodeIgniter.php(482): CodeIgniter\CodeIgniter->runController(Object(App\Controllers\Kecamatan))
 8 SYSTEMPATH\CodeIgniter.php(351): CodeIgniter\CodeIgniter->handleRequest(null, Object(Config\Cache), false)
 9 FCPATH\index.php(67): CodeIgniter\CodeIgniter->run()
10 SYSTEMPATH\Commands\Server\rewrite.php(46): require_once('FCPATH\\index.php')
CRITICAL - 2023-01-10 01:30:43 --> Undefined variable: total_tk
in APPPATH\Views\admin\V_Kecamatan.php on line 82.
 1 APPPATH\Views\admin\V_Kecamatan.php(82): CodeIgniter\Debug\Exceptions->errorHandler(8, 'Undefined variable: total_tk', 'APPPATH\\Views\\admin\\V_Kecamatan.php', 82, [...])
 2 SYSTEMPATH\View\View.php(213): include('APPPATH\\Views\\admin\\V_Kecamatan.php')
 3 SYSTEMPATH\View\View.php(216): CodeIgniter\View\View->CodeIgniter\View\{closure}()
 4 SYSTEMPATH\Common.php(1134): CodeIgniter\View\View->render('admin/V_Kecamatan', [], true)
 5 APPPATH\Controllers\Kecamatan.php(35): view('admin/V_Kecamatan', [...])
 6 SYSTEMPATH\CodeIgniter.php(927): App\Controllers\Kecamatan->index()
 7 SYSTEMPATH\CodeIgniter.php(482): CodeIgniter\CodeIgniter->runController(Object(App\Controllers\Kecamatan))
 8 SYSTEMPATH\CodeIgniter.php(351): CodeIgniter\CodeIgniter->handleRequest(null, Object(Config\Cache), false)
 9 FCPATH\index.php(67): CodeIgniter\CodeIgniter->run()
10 SYSTEMPATH\Commands\Server\rewrite.php(46): require_once('FCPATH\\index.php')
CRITICAL - 2023-01-10 01:31:20 --> Undefined variable: total_tk
in APPPATH\Views\admin\V_Kecamatan.php on line 82.
 1 APPPATH\Views\admin\V_Kecamatan.php(82): CodeIgniter\Debug\Exceptions->errorHandler(8, 'Undefined variable: total_tk', 'APPPATH\\Views\\admin\\V_Kecamatan.php', 82, [...])
 2 SYSTEMPATH\View\View.php(213): include('APPPATH\\Views\\admin\\V_Kecamatan.php')
 3 SYSTEMPATH\View\View.php(216): CodeIgniter\View\View->CodeIgniter\View\{closure}()
 4 SYSTEMPATH\Common.php(1134): CodeIgniter\View\View->render('admin/V_Kecamatan', [], true)
 5 APPPATH\Controllers\Kecamatan.php(35): view('admin/V_Kecamatan', [...])
 6 SYSTEMPATH\CodeIgniter.php(927): App\Controllers\Kecamatan->index()
 7 SYSTEMPATH\CodeIgniter.php(482): CodeIgniter\CodeIgniter->runController(Object(App\Controllers\Kecamatan))
 8 SYSTEMPATH\CodeIgniter.php(351): CodeIgniter\CodeIgniter->handleRequest(null, Object(Config\Cache), false)
 9 FCPATH\index.php(67): CodeIgniter\CodeIgniter->run()
10 SYSTEMPATH\Commands\Server\rewrite.php(46): require_once('FCPATH\\index.php')
CRITICAL - 2023-01-10 01:31:20 --> Undefined variable: total_tk
in APPPATH\Views\admin\V_Kecamatan.php on line 82.
 1 APPPATH\Views\admin\V_Kecamatan.php(82): CodeIgniter\Debug\Exceptions->errorHandler(8, 'Undefined variable: total_tk', 'APPPATH\\Views\\admin\\V_Kecamatan.php', 82, [...])
 2 SYSTEMPATH\View\View.php(213): include('APPPATH\\Views\\admin\\V_Kecamatan.php')
 3 SYSTEMPATH\View\View.php(216): CodeIgniter\View\View->CodeIgniter\View\{closure}()
 4 SYSTEMPATH\Common.php(1134): CodeIgniter\View\View->render('admin/V_Kecamatan', [], true)
 5 APPPATH\Controllers\Kecamatan.php(35): view('admin/V_Kecamatan', [...])
 6 SYSTEMPATH\CodeIgniter.php(927): App\Controllers\Kecamatan->index()
 7 SYSTEMPATH\CodeIgniter.php(482): CodeIgniter\CodeIgniter->runController(Object(App\Controllers\Kecamatan))
 8 SYSTEMPATH\CodeIgniter.php(351): CodeIgniter\CodeIgniter->handleRequest(null, Object(Config\Cache), false)
 9 FCPATH\index.php(67): CodeIgniter\CodeIgniter->run()
10 SYSTEMPATH\Commands\Server\rewrite.php(46): require_once('FCPATH\\index.php')
CRITICAL - 2023-01-10 01:31:21 --> Undefined variable: total_tk
in APPPATH\Views\admin\V_Kecamatan.php on line 82.
 1 APPPATH\Views\admin\V_Kecamatan.php(82): CodeIgniter\Debug\Exceptions->errorHandler(8, 'Undefined variable: total_tk', 'APPPATH\\Views\\admin\\V_Kecamatan.php', 82, [...])
 2 SYSTEMPATH\View\View.php(213): include('APPPATH\\Views\\admin\\V_Kecamatan.php')
 3 SYSTEMPATH\View\View.php(216): CodeIgniter\View\View->CodeIgniter\View\{closure}()
 4 SYSTEMPATH\Common.php(1134): CodeIgniter\View\View->render('admin/V_Kecamatan', [], true)
 5 APPPATH\Controllers\Kecamatan.php(35): view('admin/V_Kecamatan', [...])
 6 SYSTEMPATH\CodeIgniter.php(927): App\Controllers\Kecamatan->index()
 7 SYSTEMPATH\CodeIgniter.php(482): CodeIgniter\CodeIgniter->runController(Object(App\Controllers\Kecamatan))
 8 SYSTEMPATH\CodeIgniter.php(351): CodeIgniter\CodeIgniter->handleRequest(null, Object(Config\Cache), false)
 9 FCPATH\index.php(67): CodeIgniter\CodeIgniter->run()
10 SYSTEMPATH\Commands\Server\rewrite.php(46): require_once('FCPATH\\index.php')
CRITICAL - 2023-01-10 01:32:51 --> Undefined variable: total_tk
in APPPATH\Views\admin\V_Kecamatan.php on line 82.
 1 APPPATH\Views\admin\V_Kecamatan.php(82): CodeIgniter\Debug\Exceptions->errorHandler(8, 'Undefined variable: total_tk', 'APPPATH\\Views\\admin\\V_Kecamatan.php', 82, [...])
 2 SYSTEMPATH\View\View.php(213): include('APPPATH\\Views\\admin\\V_Kecamatan.php')
 3 SYSTEMPATH\View\View.php(216): CodeIgniter\View\View->CodeIgniter\View\{closure}()
 4 SYSTEMPATH\Common.php(1134): CodeIgniter\View\View->render('admin/V_Kecamatan', [], true)
 5 APPPATH\Controllers\Kecamatan.php(35): view('admin/V_Kecamatan', [...])
 6 SYSTEMPATH\CodeIgniter.php(927): App\Controllers\Kecamatan->index()
 7 SYSTEMPATH\CodeIgniter.php(482): CodeIgniter\CodeIgniter->runController(Object(App\Controllers\Kecamatan))
 8 SYSTEMPATH\CodeIgniter.php(351): CodeIgniter\CodeIgniter->handleRequest(null, Object(Config\Cache), false)
 9 FCPATH\index.php(67): CodeIgniter\CodeIgniter->run()
10 SYSTEMPATH\Commands\Server\rewrite.php(46): require_once('FCPATH\\index.php')
CRITICAL - 2023-01-10 01:32:53 --> Undefined variable: total_tk
in APPPATH\Views\admin\V_Kecamatan.php on line 82.
 1 APPPATH\Views\admin\V_Kecamatan.php(82): CodeIgniter\Debug\Exceptions->errorHandler(8, 'Undefined variable: total_tk', 'APPPATH\\Views\\admin\\V_Kecamatan.php', 82, [...])
 2 SYSTEMPATH\View\View.php(213): include('APPPATH\\Views\\admin\\V_Kecamatan.php')
 3 SYSTEMPATH\View\View.php(216): CodeIgniter\View\View->CodeIgniter\View\{closure}()
 4 SYSTEMPATH\Common.php(1134): CodeIgniter\View\View->render('admin/V_Kecamatan', [], true)
 5 APPPATH\Controllers\Kecamatan.php(35): view('admin/V_Kecamatan', [...])
 6 SYSTEMPATH\CodeIgniter.php(927): App\Controllers\Kecamatan->index()
 7 SYSTEMPATH\CodeIgniter.php(482): CodeIgniter\CodeIgniter->runController(Object(App\Controllers\Kecamatan))
 8 SYSTEMPATH\CodeIgniter.php(351): CodeIgniter\CodeIgniter->handleRequest(null, Object(Config\Cache), false)
 9 FCPATH\index.php(67): CodeIgniter\CodeIgniter->run()
10 SYSTEMPATH\Commands\Server\rewrite.php(46): require_once('FCPATH\\index.php')
CRITICAL - 2023-01-10 01:32:59 --> Undefined variable: total_tk
in APPPATH\Views\admin\V_Kecamatan.php on line 82.
 1 APPPATH\Views\admin\V_Kecamatan.php(82): CodeIgniter\Debug\Exceptions->errorHandler(8, 'Undefined variable: total_tk', 'APPPATH\\Views\\admin\\V_Kecamatan.php', 82, [...])
 2 SYSTEMPATH\View\View.php(213): include('APPPATH\\Views\\admin\\V_Kecamatan.php')
 3 SYSTEMPATH\View\View.php(216): CodeIgniter\View\View->CodeIgniter\View\{closure}()
 4 SYSTEMPATH\Common.php(1134): CodeIgniter\View\View->render('admin/V_Kecamatan', [], true)
 5 APPPATH\Controllers\Kecamatan.php(35): view('admin/V_Kecamatan', [...])
 6 SYSTEMPATH\CodeIgniter.php(927): App\Controllers\Kecamatan->index()
 7 SYSTEMPATH\CodeIgniter.php(482): CodeIgniter\CodeIgniter->runController(Object(App\Controllers\Kecamatan))
 8 SYSTEMPATH\CodeIgniter.php(351): CodeIgniter\CodeIgniter->handleRequest(null, Object(Config\Cache), false)
 9 FCPATH\index.php(67): CodeIgniter\CodeIgniter->run()
10 SYSTEMPATH\Commands\Server\rewrite.php(46): require_once('FCPATH\\index.php')
CRITICAL - 2023-01-10 01:33:00 --> Undefined variable: total_tk
in APPPATH\Views\admin\V_Kecamatan.php on line 82.
 1 APPPATH\Views\admin\V_Kecamatan.php(82): CodeIgniter\Debug\Exceptions->errorHandler(8, 'Undefined variable: total_tk', 'APPPATH\\Views\\admin\\V_Kecamatan.php', 82, [...])
 2 SYSTEMPATH\View\View.php(213): include('APPPATH\\Views\\admin\\V_Kecamatan.php')
 3 SYSTEMPATH\View\View.php(216): CodeIgniter\View\View->CodeIgniter\View\{closure}()
 4 SYSTEMPATH\Common.php(1134): CodeIgniter\View\View->render('admin/V_Kecamatan', [], true)
 5 APPPATH\Controllers\Kecamatan.php(35): view('admin/V_Kecamatan', [...])
 6 SYSTEMPATH\CodeIgniter.php(927): App\Controllers\Kecamatan->index()
 7 SYSTEMPATH\CodeIgniter.php(482): CodeIgniter\CodeIgniter->runController(Object(App\Controllers\Kecamatan))
 8 SYSTEMPATH\CodeIgniter.php(351): CodeIgniter\CodeIgniter->handleRequest(null, Object(Config\Cache), false)
 9 FCPATH\index.php(67): CodeIgniter\CodeIgniter->run()
10 SYSTEMPATH\Commands\Server\rewrite.php(46): require_once('FCPATH\\index.php')
CRITICAL - 2023-01-10 07:30:46 --> Undefined property: stdClass::$yayasan
in APPPATH\Views\admin\V_EditSekolah.php on line 170.
 1 APPPATH\Views\admin\V_EditSekolah.php(170): CodeIgniter\Debug\Exceptions->errorHandler(8, 'Undefined property: stdClass::$yayasan', 'APPPATH\\Views\\admin\\V_EditSekolah.php', 170, [...])
 2 SYSTEMPATH\View\View.php(213): include('APPPATH\\Views\\admin\\V_EditSekolah.php')
 3 SYSTEMPATH\View\View.php(216): CodeIgniter\View\View->CodeIgniter\View\{closure}()
 4 SYSTEMPATH\Common.php(1134): CodeIgniter\View\View->render('admin/V_EditSekolah', [], true)
 5 APPPATH\Controllers\Sekolah.php(137): view('admin/V_EditSekolah', [...])
 6 SYSTEMPATH\CodeIgniter.php(927): App\Controllers\Sekolah->editsekolah('1')
 7 SYSTEMPATH\CodeIgniter.php(482): CodeIgniter\CodeIgniter->runController(Object(App\Controllers\Sekolah))
 8 SYSTEMPATH\CodeIgniter.php(351): CodeIgniter\CodeIgniter->handleRequest(null, Object(Config\Cache), false)
 9 FCPATH\index.php(67): CodeIgniter\CodeIgniter->run()
10 SYSTEMPATH\Commands\Server\rewrite.php(46): require_once('FCPATH\\index.php')
CRITICAL - 2023-01-10 07:31:09 --> Undefined property: stdClass::$nm_yayasan
in APPPATH\Views\admin\V_EditSekolah.php on line 170.
 1 APPPATH\Views\admin\V_EditSekolah.php(170): CodeIgniter\Debug\Exceptions->errorHandler(8, 'Undefined property: stdClass::$nm_yayasan', 'APPPATH\\Views\\admin\\V_EditSekolah.php', 170, [...])
 2 SYSTEMPATH\View\View.php(213): include('APPPATH\\Views\\admin\\V_EditSekolah.php')
 3 SYSTEMPATH\View\View.php(216): CodeIgniter\View\View->CodeIgniter\View\{closure}()
 4 SYSTEMPATH\Common.php(1134): CodeIgniter\View\View->render('admin/V_EditSekolah', [], true)
 5 APPPATH\Controllers\Sekolah.php(137): view('admin/V_EditSekolah', [...])
 6 SYSTEMPATH\CodeIgniter.php(927): App\Controllers\Sekolah->editsekolah('1')
 7 SYSTEMPATH\CodeIgniter.php(482): CodeIgniter\CodeIgniter->runController(Object(App\Controllers\Sekolah))
 8 SYSTEMPATH\CodeIgniter.php(351): CodeIgniter\CodeIgniter->handleRequest(null, Object(Config\Cache), false)
 9 FCPATH\index.php(67): CodeIgniter\CodeIgniter->run()
10 SYSTEMPATH\Commands\Server\rewrite.php(46): require_once('FCPATH\\index.php')
CRITICAL - 2023-01-10 08:14:13 --> Undefined property: stdClass::$id_yayasan
in APPPATH\Views\admin\V_EditSekolah.php on line 177.
 1 APPPATH\Views\admin\V_EditSekolah.php(177): CodeIgniter\Debug\Exceptions->errorHandler(8, 'Undefined property: stdClass::$id_yayasan', 'APPPATH\\Views\\admin\\V_EditSekolah.php', 177, [...])
 2 SYSTEMPATH\View\View.php(213): include('APPPATH\\Views\\admin\\V_EditSekolah.php')
 3 SYSTEMPATH\View\View.php(216): CodeIgniter\View\View->CodeIgniter\View\{closure}()
 4 SYSTEMPATH\Common.php(1134): CodeIgniter\View\View->render('admin/V_EditSekolah', [], true)
 5 APPPATH\Controllers\Sekolah.php(141): view('admin/V_EditSekolah', [...])
 6 SYSTEMPATH\CodeIgniter.php(927): App\Controllers\Sekolah->editsekolah('1')
 7 SYSTEMPATH\CodeIgniter.php(482): CodeIgniter\CodeIgniter->runController(Object(App\Controllers\Sekolah))
 8 SYSTEMPATH\CodeIgniter.php(351): CodeIgniter\CodeIgniter->handleRequest(null, Object(Config\Cache), false)
 9 FCPATH\index.php(67): CodeIgniter\CodeIgniter->run()
10 SYSTEMPATH\Commands\Server\rewrite.php(46): require_once('FCPATH\\index.php')
CRITICAL - 2023-01-10 08:15:57 --> Undefined property: stdClass::$id_yayasan
in APPPATH\Views\admin\V_EditSekolah.php on line 177.
 1 APPPATH\Views\admin\V_EditSekolah.php(177): CodeIgniter\Debug\Exceptions->errorHandler(8, 'Undefined property: stdClass::$id_yayasan', 'APPPATH\\Views\\admin\\V_EditSekolah.php', 177, [...])
 2 SYSTEMPATH\View\View.php(213): include('APPPATH\\Views\\admin\\V_EditSekolah.php')
 3 SYSTEMPATH\View\View.php(216): CodeIgniter\View\View->CodeIgniter\View\{closure}()
 4 SYSTEMPATH\Common.php(1134): CodeIgniter\View\View->render('admin/V_EditSekolah', [], true)
 5 APPPATH\Controllers\Sekolah.php(141): view('admin/V_EditSekolah', [...])
 6 SYSTEMPATH\CodeIgniter.php(927): App\Controllers\Sekolah->editsekolah('1')
 7 SYSTEMPATH\CodeIgniter.php(482): CodeIgniter\CodeIgniter->runController(Object(App\Controllers\Sekolah))
 8 SYSTEMPATH\CodeIgniter.php(351): CodeIgniter\CodeIgniter->handleRequest(null, Object(Config\Cache), false)
 9 FCPATH\index.php(67): CodeIgniter\CodeIgniter->run()
10 SYSTEMPATH\Commands\Server\rewrite.php(46): require_once('FCPATH\\index.php')
CRITICAL - 2023-01-10 08:18:58 --> Undefined property: stdClass::$kd_yayasan
in APPPATH\Views\admin\V_EditSekolah.php on line 172.
 1 APPPATH\Views\admin\V_EditSekolah.php(172): CodeIgniter\Debug\Exceptions->errorHandler(8, 'Undefined property: stdClass::$kd_yayasan', 'APPPATH\\Views\\admin\\V_EditSekolah.php', 172, [...])
 2 SYSTEMPATH\View\View.php(213): include('APPPATH\\Views\\admin\\V_EditSekolah.php')
 3 SYSTEMPATH\View\View.php(216): CodeIgniter\View\View->CodeIgniter\View\{closure}()
 4 SYSTEMPATH\Common.php(1134): CodeIgniter\View\View->render('admin/V_EditSekolah', [], true)
 5 APPPATH\Controllers\Sekolah.php(141): view('admin/V_EditSekolah', [...])
 6 SYSTEMPATH\CodeIgniter.php(927): App\Controllers\Sekolah->editsekolah('1')
 7 SYSTEMPATH\CodeIgniter.php(482): CodeIgniter\CodeIgniter->runController(Object(App\Controllers\Sekolah))
 8 SYSTEMPATH\CodeIgniter.php(351): CodeIgniter\CodeIgniter->handleRequest(null, Object(Config\Cache), false)
 9 FCPATH\index.php(67): CodeIgniter\CodeIgniter->run()
10 SYSTEMPATH\Commands\Server\rewrite.php(46): require_once('FCPATH\\index.php')
CRITICAL - 2023-01-10 08:19:00 --> Undefined property: stdClass::$kd_yayasan
in APPPATH\Views\admin\V_EditSekolah.php on line 172.
 1 APPPATH\Views\admin\V_EditSekolah.php(172): CodeIgniter\Debug\Exceptions->errorHandler(8, 'Undefined property: stdClass::$kd_yayasan', 'APPPATH\\Views\\admin\\V_EditSekolah.php', 172, [...])
 2 SYSTEMPATH\View\View.php(213): include('APPPATH\\Views\\admin\\V_EditSekolah.php')
 3 SYSTEMPATH\View\View.php(216): CodeIgniter\View\View->CodeIgniter\View\{closure}()
 4 SYSTEMPATH\Common.php(1134): CodeIgniter\View\View->render('admin/V_EditSekolah', [], true)
 5 APPPATH\Controllers\Sekolah.php(141): view('admin/V_EditSekolah', [...])
 6 SYSTEMPATH\CodeIgniter.php(927): App\Controllers\Sekolah->editsekolah('1')
 7 SYSTEMPATH\CodeIgniter.php(482): CodeIgniter\CodeIgniter->runController(Object(App\Controllers\Sekolah))
 8 SYSTEMPATH\CodeIgniter.php(351): CodeIgniter\CodeIgniter->handleRequest(null, Object(Config\Cache), false)
 9 FCPATH\index.php(67): CodeIgniter\CodeIgniter->run()
10 SYSTEMPATH\Commands\Server\rewrite.php(46): require_once('FCPATH\\index.php')
CRITICAL - 2023-01-10 08:19:16 --> Undefined property: stdClass::$kd_yayasan
in APPPATH\Views\admin\V_EditSekolah.php on line 175.
 1 APPPATH\Views\admin\V_EditSekolah.php(175): CodeIgniter\Debug\Exceptions->errorHandler(8, 'Undefined property: stdClass::$kd_yayasan', 'APPPATH\\Views\\admin\\V_EditSekolah.php', 175, [...])
 2 SYSTEMPATH\View\View.php(213): include('APPPATH\\Views\\admin\\V_EditSekolah.php')
 3 SYSTEMPATH\View\View.php(216): CodeIgniter\View\View->CodeIgniter\View\{closure}()
 4 SYSTEMPATH\Common.php(1134): CodeIgniter\View\View->render('admin/V_EditSekolah', [], true)
 5 APPPATH\Controllers\Sekolah.php(141): view('admin/V_EditSekolah', [...])
 6 SYSTEMPATH\CodeIgniter.php(927): App\Controllers\Sekolah->editsekolah('1')
 7 SYSTEMPATH\CodeIgniter.php(482): CodeIgniter\CodeIgniter->runController(Object(App\Controllers\Sekolah))
 8 SYSTEMPATH\CodeIgniter.php(351): CodeIgniter\CodeIgniter->handleRequest(null, Object(Config\Cache), false)
 9 FCPATH\index.php(67): CodeIgniter\CodeIgniter->run()
10 SYSTEMPATH\Commands\Server\rewrite.php(46): require_once('FCPATH\\index.php')
CRITICAL - 2023-01-10 08:23:20 --> Array to string conversion
in APPPATH\Controllers\Sekolah.php on line 134.
 1 APPPATH\Controllers\Sekolah.php(134): CodeIgniter\Debug\Exceptions->errorHandler(8, 'Array to string conversion', 'APPPATH\\Controllers\\Sekolah.php', 134, [...])
 2 SYSTEMPATH\CodeIgniter.php(927): App\Controllers\Sekolah->editsekolah('1')
 3 SYSTEMPATH\CodeIgniter.php(482): CodeIgniter\CodeIgniter->runController(Object(App\Controllers\Sekolah))
 4 SYSTEMPATH\CodeIgniter.php(351): CodeIgniter\CodeIgniter->handleRequest(null, Object(Config\Cache), false)
 5 FCPATH\index.php(67): CodeIgniter\CodeIgniter->run()
 6 SYSTEMPATH\Commands\Server\rewrite.php(46): require_once('FCPATH\\index.php')
CRITICAL - 2023-01-10 08:26:56 --> Undefined property: stdClass::$kd_yayasan
in APPPATH\Views\admin\V_EditSekolah.php on line 175.
 1 APPPATH\Views\admin\V_EditSekolah.php(175): CodeIgniter\Debug\Exceptions->errorHandler(8, 'Undefined property: stdClass::$kd_yayasan', 'APPPATH\\Views\\admin\\V_EditSekolah.php', 175, [...])
 2 SYSTEMPATH\View\View.php(213): include('APPPATH\\Views\\admin\\V_EditSekolah.php')
 3 SYSTEMPATH\View\View.php(216): CodeIgniter\View\View->CodeIgniter\View\{closure}()
 4 SYSTEMPATH\Common.php(1134): CodeIgniter\View\View->render('admin/V_EditSekolah', [], true)
 5 APPPATH\Controllers\Sekolah.php(143): view('admin/V_EditSekolah', [...])
 6 SYSTEMPATH\CodeIgniter.php(927): App\Controllers\Sekolah->editsekolah('1')
 7 SYSTEMPATH\CodeIgniter.php(482): CodeIgniter\CodeIgniter->runController(Object(App\Controllers\Sekolah))
 8 SYSTEMPATH\CodeIgniter.php(351): CodeIgniter\CodeIgniter->handleRequest(null, Object(Config\Cache), false)
 9 FCPATH\index.php(67): CodeIgniter\CodeIgniter->run()
10 SYSTEMPATH\Commands\Server\rewrite.php(46): require_once('FCPATH\\index.php')
CRITICAL - 2023-01-10 08:26:59 --> Undefined property: stdClass::$kd_yayasan
in APPPATH\Views\admin\V_EditSekolah.php on line 175.
 1 APPPATH\Views\admin\V_EditSekolah.php(175): CodeIgniter\Debug\Exceptions->errorHandler(8, 'Undefined property: stdClass::$kd_yayasan', 'APPPATH\\Views\\admin\\V_EditSekolah.php', 175, [...])
 2 SYSTEMPATH\View\View.php(213): include('APPPATH\\Views\\admin\\V_EditSekolah.php')
 3 SYSTEMPATH\View\View.php(216): CodeIgniter\View\View->CodeIgniter\View\{closure}()
 4 SYSTEMPATH\Common.php(1134): CodeIgniter\View\View->render('admin/V_EditSekolah', [], true)
 5 APPPATH\Controllers\Sekolah.php(143): view('admin/V_EditSekolah', [...])
 6 SYSTEMPATH\CodeIgniter.php(927): App\Controllers\Sekolah->editsekolah('1')
 7 SYSTEMPATH\CodeIgniter.php(482): CodeIgniter\CodeIgniter->runController(Object(App\Controllers\Sekolah))
 8 SYSTEMPATH\CodeIgniter.php(351): CodeIgniter\CodeIgniter->handleRequest(null, Object(Config\Cache), false)
 9 FCPATH\index.php(67): CodeIgniter\CodeIgniter->run()
10 SYSTEMPATH\Commands\Server\rewrite.php(46): require_once('FCPATH\\index.php')
CRITICAL - 2023-01-10 08:27:01 --> Undefined property: stdClass::$kd_yayasan
in APPPATH\Views\admin\V_EditSekolah.php on line 175.
 1 APPPATH\Views\admin\V_EditSekolah.php(175): CodeIgniter\Debug\Exceptions->errorHandler(8, 'Undefined property: stdClass::$kd_yayasan', 'APPPATH\\Views\\admin\\V_EditSekolah.php', 175, [...])
 2 SYSTEMPATH\View\View.php(213): include('APPPATH\\Views\\admin\\V_EditSekolah.php')
 3 SYSTEMPATH\View\View.php(216): CodeIgniter\View\View->CodeIgniter\View\{closure}()
 4 SYSTEMPATH\Common.php(1134): CodeIgniter\View\View->render('admin/V_EditSekolah', [], true)
 5 APPPATH\Controllers\Sekolah.php(143): view('admin/V_EditSekolah', [...])
 6 SYSTEMPATH\CodeIgniter.php(927): App\Controllers\Sekolah->editsekolah('1')
 7 SYSTEMPATH\CodeIgniter.php(482): CodeIgniter\CodeIgniter->runController(Object(App\Controllers\Sekolah))
 8 SYSTEMPATH\CodeIgniter.php(351): CodeIgniter\CodeIgniter->handleRequest(null, Object(Config\Cache), false)
 9 FCPATH\index.php(67): CodeIgniter\CodeIgniter->run()
10 SYSTEMPATH\Commands\Server\rewrite.php(46): require_once('FCPATH\\index.php')
CRITICAL - 2023-01-10 18:17:26 --> Undefined index: seslevel
in APPPATH\Controllers\Sekolah.php on line 26.
 1 APPPATH\Controllers\Sekolah.php(26): CodeIgniter\Debug\Exceptions->errorHandler(8, 'Undefined index: seslevel', 'APPPATH\\Controllers\\Sekolah.php', 26, [...])
 2 SYSTEMPATH\CodeIgniter.php(927): App\Controllers\Sekolah->index()
 3 SYSTEMPATH\CodeIgniter.php(482): CodeIgniter\CodeIgniter->runController(Object(App\Controllers\Sekolah))
 4 SYSTEMPATH\CodeIgniter.php(351): CodeIgniter\CodeIgniter->handleRequest(null, Object(Config\Cache), false)
 5 FCPATH\index.php(67): CodeIgniter\CodeIgniter->run()
 6 SYSTEMPATH\Commands\Server\rewrite.php(46): require_once('FCPATH\\index.php')
CRITICAL - 2023-01-10 18:17:26 --> Undefined index: seslevel
in APPPATH\Controllers\Sekolah.php on line 26.
 1 APPPATH\Controllers\Sekolah.php(26): CodeIgniter\Debug\Exceptions->errorHandler(8, 'Undefined index: seslevel', 'APPPATH\\Controllers\\Sekolah.php', 26, [...])
 2 SYSTEMPATH\CodeIgniter.php(927): App\Controllers\Sekolah->index()
 3 SYSTEMPATH\CodeIgniter.php(482): CodeIgniter\CodeIgniter->runController(Object(App\Controllers\Sekolah))
 4 SYSTEMPATH\CodeIgniter.php(351): CodeIgniter\CodeIgniter->handleRequest(null, Object(Config\Cache), false)
 5 FCPATH\index.php(67): CodeIgniter\CodeIgniter->run()
 6 SYSTEMPATH\Commands\Server\rewrite.php(46): require_once('FCPATH\\index.php')
CRITICAL - 2023-01-10 18:34:42 --> Undefined variable: row
in APPPATH\Views\admin\V_InsertSekolah.php on line 165.
 1 APPPATH\Views\admin\V_InsertSekolah.php(165): CodeIgniter\Debug\Exceptions->errorHandler(8, 'Undefined variable: row', 'APPPATH\\Views\\admin\\V_InsertSekolah.php', 165, [...])
 2 SYSTEMPATH\View\View.php(213): include('APPPATH\\Views\\admin\\V_InsertSekolah.php')
 3 SYSTEMPATH\View\View.php(216): CodeIgniter\View\View->CodeIgniter\View\{closure}()
 4 SYSTEMPATH\Common.php(1134): CodeIgniter\View\View->render('admin/V_InsertSekolah', [], true)
 5 APPPATH\Controllers\Sekolah.php(81): view('admin/V_InsertSekolah', [...])
 6 SYSTEMPATH\CodeIgniter.php(927): App\Controllers\Sekolah->insersekolah()
 7 SYSTEMPATH\CodeIgniter.php(482): CodeIgniter\CodeIgniter->runController(Object(App\Controllers\Sekolah))
 8 SYSTEMPATH\CodeIgniter.php(351): CodeIgniter\CodeIgniter->handleRequest(null, Object(Config\Cache), false)
 9 FCPATH\index.php(67): CodeIgniter\CodeIgniter->run()
10 SYSTEMPATH\Commands\Server\rewrite.php(46): require_once('FCPATH\\index.php')
