CRITICAL - 2023-01-09 18:41:18 --> You must set the database table to be used with your query.
in SYSTEMPATH\Database\BaseConnection.php on line 845.
 1 SYSTEMPATH\Model.php(587): CodeIgniter\Database\BaseConnection->table(null)
 2 SYSTEMPATH\Model.php(764): CodeIgniter\Model->builder()
 3 APPPATH\Controllers\Sekolah.php(23): CodeIgniter\Model->__call('getdata', [])
 4 SYSTEMPATH\CodeIgniter.php(927): App\Controllers\Sekolah->index()
 5 SYSTEMPATH\CodeIgniter.php(482): CodeIgniter\CodeIgniter->runController(Object(App\Controllers\Sekolah))
 6 SYSTEMPATH\CodeIgniter.php(351): CodeIgniter\CodeIgniter->handleRequest(null, Object(Config\Cache), false)
 7 FCPATH\index.php(67): CodeIgniter\CodeIgniter->run()
 8 SYSTEMPATH\Commands\Server\rewrite.php(46): require_once('FCPATH\\index.php')
CRITICAL - 2023-01-09 19:08:19 --> Undefined variable: seslevel
in APPPATH\Models\ModelSekolah.php on line 30.
 1 APPPATH\Models\ModelSekolah.php(30): CodeIgniter\Debug\Exceptions->errorHandler(8, 'Undefined variable: seslevel', 'APPPATH\\Models\\ModelSekolah.php', 30, [...])
 2 APPPATH\Controllers\Sekolah.php(50): App\Models\ModelSekolah->getdatasekolah('1', 'pantura')
 3 SYSTEMPATH\CodeIgniter.php(927): App\Controllers\Sekolah->bentuksekolah('1')
 4 SYSTEMPATH\CodeIgniter.php(482): CodeIgniter\CodeIgniter->runController(Object(App\Controllers\Sekolah))
 5 SYSTEMPATH\CodeIgniter.php(351): CodeIgniter\CodeIgniter->handleRequest(null, Object(Config\Cache), false)
 6 FCPATH\index.php(67): CodeIgniter\CodeIgniter->run()
 7 SYSTEMPATH\Commands\Server\rewrite.php(46): require_once('FCPATH\\index.php')
CRITICAL - 2023-01-09 19:08:38 --> Undefined variable: seslevel
in APPPATH\Models\ModelSekolah.php on line 30.
 1 APPPATH\Models\ModelSekolah.php(30): CodeIgniter\Debug\Exceptions->errorHandler(8, 'Undefined variable: seslevel', 'APPPATH\\Models\\ModelSekolah.php', 30, [...])
 2 APPPATH\Controllers\Sekolah.php(50): App\Models\ModelSekolah->getdatasekolah('1', 'pantura')
 3 SYSTEMPATH\CodeIgniter.php(927): App\Controllers\Sekolah->bentuksekolah('1')
 4 SYSTEMPATH\CodeIgniter.php(482): CodeIgniter\CodeIgniter->runController(Object(App\Controllers\Sekolah))
 5 SYSTEMPATH\CodeIgniter.php(351): CodeIgniter\CodeIgniter->handleRequest(null, Object(Config\Cache), false)
 6 FCPATH\index.php(67): CodeIgniter\CodeIgniter->run()
 7 SYSTEMPATH\Commands\Server\rewrite.php(46): require_once('FCPATH\\index.php')
CRITICAL - 2023-01-09 19:40:50 --> Undefined variable: total_guru
in APPPATH\Views\admin\V_BentukSekolah.php on line 72.
 1 APPPATH\Views\admin\V_BentukSekolah.php(72): CodeIgniter\Debug\Exceptions->errorHandler(8, 'Undefined variable: total_guru', 'APPPATH\\Views\\admin\\V_BentukSekolah.php', 72, [...])
 2 SYSTEMPATH\View\View.php(213): include('APPPATH\\Views\\admin\\V_BentukSekolah.php')
 3 SYSTEMPATH\View\View.php(216): CodeIgniter\View\View->CodeIgniter\View\{closure}()
 4 SYSTEMPATH\Common.php(1134): CodeIgniter\View\View->render('admin/V_BentukSekolah', [], true)
 5 APPPATH\Controllers\Sekolah.php(61): view('admin/V_BentukSekolah', [...])
 6 SYSTEMPATH\CodeIgniter.php(927): App\Controllers\Sekolah->bentuksekolah('1')
 7 SYSTEMPATH\CodeIgniter.php(482): CodeIgniter\CodeIgniter->runController(Object(App\Controllers\Sekolah))
 8 SYSTEMPATH\CodeIgniter.php(351): CodeIgniter\CodeIgniter->handleRequest(null, Object(Config\Cache), false)
 9 FCPATH\index.php(67): CodeIgniter\CodeIgniter->run()
10 SYSTEMPATH\Commands\Server\rewrite.php(46): require_once('FCPATH\\index.php')
CRITICAL - 2023-01-09 19:43:23 --> Undefined variable: total_guru
in APPPATH\Views\admin\V_BentukSekolah.php on line 72.
 1 APPPATH\Views\admin\V_BentukSekolah.php(72): CodeIgniter\Debug\Exceptions->errorHandler(8, 'Undefined variable: total_guru', 'APPPATH\\Views\\admin\\V_BentukSekolah.php', 72, [...])
 2 SYSTEMPATH\View\View.php(213): include('APPPATH\\Views\\admin\\V_BentukSekolah.php')
 3 SYSTEMPATH\View\View.php(216): CodeIgniter\View\View->CodeIgniter\View\{closure}()
 4 SYSTEMPATH\Common.php(1134): CodeIgniter\View\View->render('admin/V_BentukSekolah', [], true)
 5 APPPATH\Controllers\Sekolah.php(61): view('admin/V_BentukSekolah', [...])
 6 SYSTEMPATH\CodeIgniter.php(927): App\Controllers\Sekolah->bentuksekolah('2')
 7 SYSTEMPATH\CodeIgniter.php(482): CodeIgniter\CodeIgniter->runController(Object(App\Controllers\Sekolah))
 8 SYSTEMPATH\CodeIgniter.php(351): CodeIgniter\CodeIgniter->handleRequest(null, Object(Config\Cache), false)
 9 FCPATH\index.php(67): CodeIgniter\CodeIgniter->run()
10 SYSTEMPATH\Commands\Server\rewrite.php(46): require_once('FCPATH\\index.php')
CRITICAL - 2023-01-09 19:43:34 --> Undefined variable: total_guru
in APPPATH\Views\admin\V_BentukSekolah.php on line 72.
 1 APPPATH\Views\admin\V_BentukSekolah.php(72): CodeIgniter\Debug\Exceptions->errorHandler(8, 'Undefined variable: total_guru', 'APPPATH\\Views\\admin\\V_BentukSekolah.php', 72, [...])
 2 SYSTEMPATH\View\View.php(213): include('APPPATH\\Views\\admin\\V_BentukSekolah.php')
 3 SYSTEMPATH\View\View.php(216): CodeIgniter\View\View->CodeIgniter\View\{closure}()
 4 SYSTEMPATH\Common.php(1134): CodeIgniter\View\View->render('admin/V_BentukSekolah', [], true)
 5 APPPATH\Controllers\Sekolah.php(61): view('admin/V_BentukSekolah', [...])
 6 SYSTEMPATH\CodeIgniter.php(927): App\Controllers\Sekolah->bentuksekolah('1')
 7 SYSTEMPATH\CodeIgniter.php(482): CodeIgniter\CodeIgniter->runController(Object(App\Controllers\Sekolah))
 8 SYSTEMPATH\CodeIgniter.php(351): CodeIgniter\CodeIgniter->handleRequest(null, Object(Config\Cache), false)
 9 FCPATH\index.php(67): CodeIgniter\CodeIgniter->run()
10 SYSTEMPATH\Commands\Server\rewrite.php(46): require_once('FCPATH\\index.php')
CRITICAL - 2023-01-09 19:44:20 --> Undefined variable: total_guru
in APPPATH\Views\admin\V_BentukSekolah.php on line 72.
 1 APPPATH\Views\admin\V_BentukSekolah.php(72): CodeIgniter\Debug\Exceptions->errorHandler(8, 'Undefined variable: total_guru', 'APPPATH\\Views\\admin\\V_BentukSekolah.php', 72, [...])
 2 SYSTEMPATH\View\View.php(213): include('APPPATH\\Views\\admin\\V_BentukSekolah.php')
 3 SYSTEMPATH\View\View.php(216): CodeIgniter\View\View->CodeIgniter\View\{closure}()
 4 SYSTEMPATH\Common.php(1134): CodeIgniter\View\View->render('admin/V_BentukSekolah', [], true)
 5 APPPATH\Controllers\Sekolah.php(61): view('admin/V_BentukSekolah', [...])
 6 SYSTEMPATH\CodeIgniter.php(927): App\Controllers\Sekolah->bentuksekolah('1')
 7 SYSTEMPATH\CodeIgniter.php(482): CodeIgniter\CodeIgniter->runController(Object(App\Controllers\Sekolah))
 8 SYSTEMPATH\CodeIgniter.php(351): CodeIgniter\CodeIgniter->handleRequest(null, Object(Config\Cache), false)
 9 FCPATH\index.php(67): CodeIgniter\CodeIgniter->run()
10 SYSTEMPATH\Commands\Server\rewrite.php(46): require_once('FCPATH\\index.php')
CRITICAL - 2023-01-09 19:44:21 --> Undefined variable: total_guru
in APPPATH\Views\admin\V_BentukSekolah.php on line 72.
 1 APPPATH\Views\admin\V_BentukSekolah.php(72): CodeIgniter\Debug\Exceptions->errorHandler(8, 'Undefined variable: total_guru', 'APPPATH\\Views\\admin\\V_BentukSekolah.php', 72, [...])
 2 SYSTEMPATH\View\View.php(213): include('APPPATH\\Views\\admin\\V_BentukSekolah.php')
 3 SYSTEMPATH\View\View.php(216): CodeIgniter\View\View->CodeIgniter\View\{closure}()
 4 SYSTEMPATH\Common.php(1134): CodeIgniter\View\View->render('admin/V_BentukSekolah', [], true)
 5 APPPATH\Controllers\Sekolah.php(61): view('admin/V_BentukSekolah', [...])
 6 SYSTEMPATH\CodeIgniter.php(927): App\Controllers\Sekolah->bentuksekolah('1')
 7 SYSTEMPATH\CodeIgniter.php(482): CodeIgniter\CodeIgniter->runController(Object(App\Controllers\Sekolah))
 8 SYSTEMPATH\CodeIgniter.php(351): CodeIgniter\CodeIgniter->handleRequest(null, Object(Config\Cache), false)
 9 FCPATH\index.php(67): CodeIgniter\CodeIgniter->run()
10 SYSTEMPATH\Commands\Server\rewrite.php(46): require_once('FCPATH\\index.php')
CRITICAL - 2023-01-09 19:44:22 --> Undefined variable: total_guru
in APPPATH\Views\admin\V_BentukSekolah.php on line 72.
 1 APPPATH\Views\admin\V_BentukSekolah.php(72): CodeIgniter\Debug\Exceptions->errorHandler(8, 'Undefined variable: total_guru', 'APPPATH\\Views\\admin\\V_BentukSekolah.php', 72, [...])
 2 SYSTEMPATH\View\View.php(213): include('APPPATH\\Views\\admin\\V_BentukSekolah.php')
 3 SYSTEMPATH\View\View.php(216): CodeIgniter\View\View->CodeIgniter\View\{closure}()
 4 SYSTEMPATH\Common.php(1134): CodeIgniter\View\View->render('admin/V_BentukSekolah', [], true)
 5 APPPATH\Controllers\Sekolah.php(61): view('admin/V_BentukSekolah', [...])
 6 SYSTEMPATH\CodeIgniter.php(927): App\Controllers\Sekolah->bentuksekolah('1')
 7 SYSTEMPATH\CodeIgniter.php(482): CodeIgniter\CodeIgniter->runController(Object(App\Controllers\Sekolah))
 8 SYSTEMPATH\CodeIgniter.php(351): CodeIgniter\CodeIgniter->handleRequest(null, Object(Config\Cache), false)
 9 FCPATH\index.php(67): CodeIgniter\CodeIgniter->run()
10 SYSTEMPATH\Commands\Server\rewrite.php(46): require_once('FCPATH\\index.php')
CRITICAL - 2023-01-09 19:44:23 --> Undefined variable: total_guru
in APPPATH\Views\admin\V_BentukSekolah.php on line 72.
 1 APPPATH\Views\admin\V_BentukSekolah.php(72): CodeIgniter\Debug\Exceptions->errorHandler(8, 'Undefined variable: total_guru', 'APPPATH\\Views\\admin\\V_BentukSekolah.php', 72, [...])
 2 SYSTEMPATH\View\View.php(213): include('APPPATH\\Views\\admin\\V_BentukSekolah.php')
 3 SYSTEMPATH\View\View.php(216): CodeIgniter\View\View->CodeIgniter\View\{closure}()
 4 SYSTEMPATH\Common.php(1134): CodeIgniter\View\View->render('admin/V_BentukSekolah', [], true)
 5 APPPATH\Controllers\Sekolah.php(61): view('admin/V_BentukSekolah', [...])
 6 SYSTEMPATH\CodeIgniter.php(927): App\Controllers\Sekolah->bentuksekolah('1')
 7 SYSTEMPATH\CodeIgniter.php(482): CodeIgniter\CodeIgniter->runController(Object(App\Controllers\Sekolah))
 8 SYSTEMPATH\CodeIgniter.php(351): CodeIgniter\CodeIgniter->handleRequest(null, Object(Config\Cache), false)
 9 FCPATH\index.php(67): CodeIgniter\CodeIgniter->run()
10 SYSTEMPATH\Commands\Server\rewrite.php(46): require_once('FCPATH\\index.php')
CRITICAL - 2023-01-09 19:44:23 --> Undefined variable: total_guru
in APPPATH\Views\admin\V_BentukSekolah.php on line 72.
 1 APPPATH\Views\admin\V_BentukSekolah.php(72): CodeIgniter\Debug\Exceptions->errorHandler(8, 'Undefined variable: total_guru', 'APPPATH\\Views\\admin\\V_BentukSekolah.php', 72, [...])
 2 SYSTEMPATH\View\View.php(213): include('APPPATH\\Views\\admin\\V_BentukSekolah.php')
 3 SYSTEMPATH\View\View.php(216): CodeIgniter\View\View->CodeIgniter\View\{closure}()
 4 SYSTEMPATH\Common.php(1134): CodeIgniter\View\View->render('admin/V_BentukSekolah', [], true)
 5 APPPATH\Controllers\Sekolah.php(61): view('admin/V_BentukSekolah', [...])
 6 SYSTEMPATH\CodeIgniter.php(927): App\Controllers\Sekolah->bentuksekolah('1')
 7 SYSTEMPATH\CodeIgniter.php(482): CodeIgniter\CodeIgniter->runController(Object(App\Controllers\Sekolah))
 8 SYSTEMPATH\CodeIgniter.php(351): CodeIgniter\CodeIgniter->handleRequest(null, Object(Config\Cache), false)
 9 FCPATH\index.php(67): CodeIgniter\CodeIgniter->run()
10 SYSTEMPATH\Commands\Server\rewrite.php(46): require_once('FCPATH\\index.php')
CRITICAL - 2023-01-09 19:44:23 --> Undefined variable: total_guru
in APPPATH\Views\admin\V_BentukSekolah.php on line 72.
 1 APPPATH\Views\admin\V_BentukSekolah.php(72): CodeIgniter\Debug\Exceptions->errorHandler(8, 'Undefined variable: total_guru', 'APPPATH\\Views\\admin\\V_BentukSekolah.php', 72, [...])
 2 SYSTEMPATH\View\View.php(213): include('APPPATH\\Views\\admin\\V_BentukSekolah.php')
 3 SYSTEMPATH\View\View.php(216): CodeIgniter\View\View->CodeIgniter\View\{closure}()
 4 SYSTEMPATH\Common.php(1134): CodeIgniter\View\View->render('admin/V_BentukSekolah', [], true)
 5 APPPATH\Controllers\Sekolah.php(61): view('admin/V_BentukSekolah', [...])
 6 SYSTEMPATH\CodeIgniter.php(927): App\Controllers\Sekolah->bentuksekolah('1')
 7 SYSTEMPATH\CodeIgniter.php(482): CodeIgniter\CodeIgniter->runController(Object(App\Controllers\Sekolah))
 8 SYSTEMPATH\CodeIgniter.php(351): CodeIgniter\CodeIgniter->handleRequest(null, Object(Config\Cache), false)
 9 FCPATH\index.php(67): CodeIgniter\CodeIgniter->run()
10 SYSTEMPATH\Commands\Server\rewrite.php(46): require_once('FCPATH\\index.php')
CRITICAL - 2023-01-09 19:44:23 --> Undefined variable: total_guru
in APPPATH\Views\admin\V_BentukSekolah.php on line 72.
 1 APPPATH\Views\admin\V_BentukSekolah.php(72): CodeIgniter\Debug\Exceptions->errorHandler(8, 'Undefined variable: total_guru', 'APPPATH\\Views\\admin\\V_BentukSekolah.php', 72, [...])
 2 SYSTEMPATH\View\View.php(213): include('APPPATH\\Views\\admin\\V_BentukSekolah.php')
 3 SYSTEMPATH\View\View.php(216): CodeIgniter\View\View->CodeIgniter\View\{closure}()
 4 SYSTEMPATH\Common.php(1134): CodeIgniter\View\View->render('admin/V_BentukSekolah', [], true)
 5 APPPATH\Controllers\Sekolah.php(61): view('admin/V_BentukSekolah', [...])
 6 SYSTEMPATH\CodeIgniter.php(927): App\Controllers\Sekolah->bentuksekolah('1')
 7 SYSTEMPATH\CodeIgniter.php(482): CodeIgniter\CodeIgniter->runController(Object(App\Controllers\Sekolah))
 8 SYSTEMPATH\CodeIgniter.php(351): CodeIgniter\CodeIgniter->handleRequest(null, Object(Config\Cache), false)
 9 FCPATH\index.php(67): CodeIgniter\CodeIgniter->run()
10 SYSTEMPATH\Commands\Server\rewrite.php(46): require_once('FCPATH\\index.php')
CRITICAL - 2023-01-09 19:44:23 --> Undefined variable: total_guru
in APPPATH\Views\admin\V_BentukSekolah.php on line 72.
 1 APPPATH\Views\admin\V_BentukSekolah.php(72): CodeIgniter\Debug\Exceptions->errorHandler(8, 'Undefined variable: total_guru', 'APPPATH\\Views\\admin\\V_BentukSekolah.php', 72, [...])
 2 SYSTEMPATH\View\View.php(213): include('APPPATH\\Views\\admin\\V_BentukSekolah.php')
 3 SYSTEMPATH\View\View.php(216): CodeIgniter\View\View->CodeIgniter\View\{closure}()
 4 SYSTEMPATH\Common.php(1134): CodeIgniter\View\View->render('admin/V_BentukSekolah', [], true)
 5 APPPATH\Controllers\Sekolah.php(61): view('admin/V_BentukSekolah', [...])
 6 SYSTEMPATH\CodeIgniter.php(927): App\Controllers\Sekolah->bentuksekolah('1')
 7 SYSTEMPATH\CodeIgniter.php(482): CodeIgniter\CodeIgniter->runController(Object(App\Controllers\Sekolah))
 8 SYSTEMPATH\CodeIgniter.php(351): CodeIgniter\CodeIgniter->handleRequest(null, Object(Config\Cache), false)
 9 FCPATH\index.php(67): CodeIgniter\CodeIgniter->run()
10 SYSTEMPATH\Commands\Server\rewrite.php(46): require_once('FCPATH\\index.php')
CRITICAL - 2023-01-09 19:44:24 --> Undefined variable: total_guru
in APPPATH\Views\admin\V_BentukSekolah.php on line 72.
 1 APPPATH\Views\admin\V_BentukSekolah.php(72): CodeIgniter\Debug\Exceptions->errorHandler(8, 'Undefined variable: total_guru', 'APPPATH\\Views\\admin\\V_BentukSekolah.php', 72, [...])
 2 SYSTEMPATH\View\View.php(213): include('APPPATH\\Views\\admin\\V_BentukSekolah.php')
 3 SYSTEMPATH\View\View.php(216): CodeIgniter\View\View->CodeIgniter\View\{closure}()
 4 SYSTEMPATH\Common.php(1134): CodeIgniter\View\View->render('admin/V_BentukSekolah', [], true)
 5 APPPATH\Controllers\Sekolah.php(61): view('admin/V_BentukSekolah', [...])
 6 SYSTEMPATH\CodeIgniter.php(927): App\Controllers\Sekolah->bentuksekolah('1')
 7 SYSTEMPATH\CodeIgniter.php(482): CodeIgniter\CodeIgniter->runController(Object(App\Controllers\Sekolah))
 8 SYSTEMPATH\CodeIgniter.php(351): CodeIgniter\CodeIgniter->handleRequest(null, Object(Config\Cache), false)
 9 FCPATH\index.php(67): CodeIgniter\CodeIgniter->run()
10 SYSTEMPATH\Commands\Server\rewrite.php(46): require_once('FCPATH\\index.php')
CRITICAL - 2023-01-09 19:44:24 --> Undefined variable: total_guru
in APPPATH\Views\admin\V_BentukSekolah.php on line 72.
 1 APPPATH\Views\admin\V_BentukSekolah.php(72): CodeIgniter\Debug\Exceptions->errorHandler(8, 'Undefined variable: total_guru', 'APPPATH\\Views\\admin\\V_BentukSekolah.php', 72, [...])
 2 SYSTEMPATH\View\View.php(213): include('APPPATH\\Views\\admin\\V_BentukSekolah.php')
 3 SYSTEMPATH\View\View.php(216): CodeIgniter\View\View->CodeIgniter\View\{closure}()
 4 SYSTEMPATH\Common.php(1134): CodeIgniter\View\View->render('admin/V_BentukSekolah', [], true)
 5 APPPATH\Controllers\Sekolah.php(61): view('admin/V_BentukSekolah', [...])
 6 SYSTEMPATH\CodeIgniter.php(927): App\Controllers\Sekolah->bentuksekolah('1')
 7 SYSTEMPATH\CodeIgniter.php(482): CodeIgniter\CodeIgniter->runController(Object(App\Controllers\Sekolah))
 8 SYSTEMPATH\CodeIgniter.php(351): CodeIgniter\CodeIgniter->handleRequest(null, Object(Config\Cache), false)
 9 FCPATH\index.php(67): CodeIgniter\CodeIgniter->run()
10 SYSTEMPATH\Commands\Server\rewrite.php(46): require_once('FCPATH\\index.php')
CRITICAL - 2023-01-09 19:44:51 --> Undefined variable: total_guru
in APPPATH\Views\admin\V_BentukSekolah.php on line 72.
 1 APPPATH\Views\admin\V_BentukSekolah.php(72): CodeIgniter\Debug\Exceptions->errorHandler(8, 'Undefined variable: total_guru', 'APPPATH\\Views\\admin\\V_BentukSekolah.php', 72, [...])
 2 SYSTEMPATH\View\View.php(213): include('APPPATH\\Views\\admin\\V_BentukSekolah.php')
 3 SYSTEMPATH\View\View.php(216): CodeIgniter\View\View->CodeIgniter\View\{closure}()
 4 SYSTEMPATH\Common.php(1134): CodeIgniter\View\View->render('admin/V_BentukSekolah', [], true)
 5 APPPATH\Controllers\Sekolah.php(61): view('admin/V_BentukSekolah', [...])
 6 SYSTEMPATH\CodeIgniter.php(927): App\Controllers\Sekolah->bentuksekolah('1')
 7 SYSTEMPATH\CodeIgniter.php(482): CodeIgniter\CodeIgniter->runController(Object(App\Controllers\Sekolah))
 8 SYSTEMPATH\CodeIgniter.php(351): CodeIgniter\CodeIgniter->handleRequest(null, Object(Config\Cache), false)
 9 FCPATH\index.php(67): CodeIgniter\CodeIgniter->run()
10 SYSTEMPATH\Commands\Server\rewrite.php(46): require_once('FCPATH\\index.php')
CRITICAL - 2023-01-09 19:44:52 --> Undefined variable: total_guru
in APPPATH\Views\admin\V_BentukSekolah.php on line 72.
 1 APPPATH\Views\admin\V_BentukSekolah.php(72): CodeIgniter\Debug\Exceptions->errorHandler(8, 'Undefined variable: total_guru', 'APPPATH\\Views\\admin\\V_BentukSekolah.php', 72, [...])
 2 SYSTEMPATH\View\View.php(213): include('APPPATH\\Views\\admin\\V_BentukSekolah.php')
 3 SYSTEMPATH\View\View.php(216): CodeIgniter\View\View->CodeIgniter\View\{closure}()
 4 SYSTEMPATH\Common.php(1134): CodeIgniter\View\View->render('admin/V_BentukSekolah', [], true)
 5 APPPATH\Controllers\Sekolah.php(61): view('admin/V_BentukSekolah', [...])
 6 SYSTEMPATH\CodeIgniter.php(927): App\Controllers\Sekolah->bentuksekolah('1')
 7 SYSTEMPATH\CodeIgniter.php(482): CodeIgniter\CodeIgniter->runController(Object(App\Controllers\Sekolah))
 8 SYSTEMPATH\CodeIgniter.php(351): CodeIgniter\CodeIgniter->handleRequest(null, Object(Config\Cache), false)
 9 FCPATH\index.php(67): CodeIgniter\CodeIgniter->run()
10 SYSTEMPATH\Commands\Server\rewrite.php(46): require_once('FCPATH\\index.php')
CRITICAL - 2023-01-09 19:44:53 --> Undefined variable: total_guru
in APPPATH\Views\admin\V_BentukSekolah.php on line 72.
 1 APPPATH\Views\admin\V_BentukSekolah.php(72): CodeIgniter\Debug\Exceptions->errorHandler(8, 'Undefined variable: total_guru', 'APPPATH\\Views\\admin\\V_BentukSekolah.php', 72, [...])
 2 SYSTEMPATH\View\View.php(213): include('APPPATH\\Views\\admin\\V_BentukSekolah.php')
 3 SYSTEMPATH\View\View.php(216): CodeIgniter\View\View->CodeIgniter\View\{closure}()
 4 SYSTEMPATH\Common.php(1134): CodeIgniter\View\View->render('admin/V_BentukSekolah', [], true)
 5 APPPATH\Controllers\Sekolah.php(61): view('admin/V_BentukSekolah', [...])
 6 SYSTEMPATH\CodeIgniter.php(927): App\Controllers\Sekolah->bentuksekolah('1')
 7 SYSTEMPATH\CodeIgniter.php(482): CodeIgniter\CodeIgniter->runController(Object(App\Controllers\Sekolah))
 8 SYSTEMPATH\CodeIgniter.php(351): CodeIgniter\CodeIgniter->handleRequest(null, Object(Config\Cache), false)
 9 FCPATH\index.php(67): CodeIgniter\CodeIgniter->run()
10 SYSTEMPATH\Commands\Server\rewrite.php(46): require_once('FCPATH\\index.php')
