CRITICAL - 2023-01-15 06:55:12 --> Undefined property: stdClass::$yys
in APPPATH\Views\admin\V_YayasanKec.php on line 49.
 1 APPPATH\Views\admin\V_YayasanKec.php(49): CodeIgniter\Debug\Exceptions->errorHandler(8, 'Undefined property: stdClass::$yys', 'APPPATH\\Views\\admin\\V_YayasanKec.php', 49, [...])
 2 SYSTEMPATH\View\View.php(213): include('APPPATH\\Views\\admin\\V_YayasanKec.php')
 3 SYSTEMPATH\View\View.php(216): CodeIgniter\View\View->CodeIgniter\View\{closure}()
 4 SYSTEMPATH\Common.php(1134): CodeIgniter\View\View->render('admin/V_YayasanKec', [], true)
 5 APPPATH\Controllers\Yayasan.php(53): view('admin/V_YayasanKec', [...])
 6 SYSTEMPATH\CodeIgniter.php(927): App\Controllers\Yayasan->detailkecamatan('1')
 7 SYSTEMPATH\CodeIgniter.php(482): CodeIgniter\CodeIgniter->runController(Object(App\Controllers\Yayasan))
 8 SYSTEMPATH\CodeIgniter.php(351): CodeIgniter\CodeIgniter->handleRequest(null, Object(Config\Cache), false)
 9 FCPATH\index.php(67): CodeIgniter\CodeIgniter->run()
10 SYSTEMPATH\Commands\Server\rewrite.php(46): require_once('FCPATH\\index.php')
CRITICAL - 2023-01-15 06:58:49 --> Too few arguments to function App\Controllers\Yayasan::detailkecamatan(), 0 passed in C:\xampp\htdocs\muhasin\system\CodeIgniter.php on line 927 and exactly 1 expected
in APPPATH\Controllers\Yayasan.php on line 43.
 1 SYSTEMPATH\CodeIgniter.php(927): App\Controllers\Yayasan->detailkecamatan()
 2 SYSTEMPATH\CodeIgniter.php(482): CodeIgniter\CodeIgniter->runController(Object(App\Controllers\Yayasan))
 3 SYSTEMPATH\CodeIgniter.php(351): CodeIgniter\CodeIgniter->handleRequest(null, Object(Config\Cache), false)
 4 FCPATH\index.php(67): CodeIgniter\CodeIgniter->run()
 5 SYSTEMPATH\Commands\Server\rewrite.php(46): require_once('FCPATH\\index.php')
CRITICAL - 2023-01-15 07:33:57 --> Undefined variable: detailsekolah
in APPPATH\Views\admin\V_DetailYayasan.php on line 38.
 1 APPPATH\Views\admin\V_DetailYayasan.php(38): CodeIgniter\Debug\Exceptions->errorHandler(8, 'Undefined variable: detailsekolah', 'APPPATH\\Views\\admin\\V_DetailYayasan.php', 38, [...])
 2 SYSTEMPATH\View\View.php(213): include('APPPATH\\Views\\admin\\V_DetailYayasan.php')
 3 SYSTEMPATH\View\View.php(216): CodeIgniter\View\View->CodeIgniter\View\{closure}()
 4 SYSTEMPATH\Common.php(1134): CodeIgniter\View\View->render('admin/V_DetailYayasan', [], true)
 5 APPPATH\Controllers\Yayasan.php(65): view('admin/V_DetailYayasan', [...])
 6 SYSTEMPATH\CodeIgniter.php(927): App\Controllers\Yayasan->detailyayasan('151')
 7 SYSTEMPATH\CodeIgniter.php(482): CodeIgniter\CodeIgniter->runController(Object(App\Controllers\Yayasan))
 8 SYSTEMPATH\CodeIgniter.php(351): CodeIgniter\CodeIgniter->handleRequest(null, Object(Config\Cache), false)
 9 FCPATH\index.php(67): CodeIgniter\CodeIgniter->run()
10 SYSTEMPATH\Commands\Server\rewrite.php(46): require_once('FCPATH\\index.php')
CRITICAL - 2023-01-15 07:49:08 --> Undefined property: stdClass::$nama_sekolah
in APPPATH\Views\admin\V_DetailYayasan.php on line 82.
 1 APPPATH\Views\admin\V_DetailYayasan.php(82): CodeIgniter\Debug\Exceptions->errorHandler(8, 'Undefined property: stdClass::$nama_sekolah', 'APPPATH\\Views\\admin\\V_DetailYayasan.php', 82, [...])
 2 SYSTEMPATH\View\View.php(213): include('APPPATH\\Views\\admin\\V_DetailYayasan.php')
 3 SYSTEMPATH\View\View.php(216): CodeIgniter\View\View->CodeIgniter\View\{closure}()
 4 SYSTEMPATH\Common.php(1134): CodeIgniter\View\View->render('admin/V_DetailYayasan', [], true)
 5 APPPATH\Controllers\Yayasan.php(66): view('admin/V_DetailYayasan', [...])
 6 SYSTEMPATH\CodeIgniter.php(927): App\Controllers\Yayasan->detailyayasan('151')
 7 SYSTEMPATH\CodeIgniter.php(482): CodeIgniter\CodeIgniter->runController(Object(App\Controllers\Yayasan))
 8 SYSTEMPATH\CodeIgniter.php(351): CodeIgniter\CodeIgniter->handleRequest(null, Object(Config\Cache), false)
 9 FCPATH\index.php(67): CodeIgniter\CodeIgniter->run()
10 SYSTEMPATH\Commands\Server\rewrite.php(46): require_once('FCPATH\\index.php')
