CRITICAL - 2022-12-10 08:57:57 --> syntax error, unexpected '}'
in APPPATH\Controllers\Kecamatan.php on line 14.
 1 SYSTEMPATH\Router\Router.php(499): CodeIgniter\Router\AutoRouter->getRoute('kecamatan')
 2 SYSTEMPATH\Router\Router.php(205): CodeIgniter\Router\Router->autoRoute('kecamatan')
 3 SYSTEMPATH\CodeIgniter.php(802): CodeIgniter\Router\Router->handle('kecamatan')
 4 SYSTEMPATH\CodeIgniter.php(430): CodeIgniter\CodeIgniter->tryToRouteIt(Object(CodeIgniter\Router\RouteCollection))
 5 SYSTEMPATH\CodeIgniter.php(351): CodeIgniter\CodeIgniter->handleRequest(null, Object(Config\Cache), false)
 6 FCPATH\index.php(67): CodeIgniter\CodeIgniter->run()
CRITICAL - 2022-12-10 08:58:10 --> syntax error, unexpected ';', expecting ')'
in APPPATH\Controllers\Kecamatan.php on line 19.
 1 SYSTEMPATH\Router\Router.php(499): CodeIgniter\Router\AutoRouter->getRoute('kecamatan')
 2 SYSTEMPATH\Router\Router.php(205): CodeIgniter\Router\Router->autoRoute('kecamatan')
 3 SYSTEMPATH\CodeIgniter.php(802): CodeIgniter\Router\Router->handle('kecamatan')
 4 SYSTEMPATH\CodeIgniter.php(430): CodeIgniter\CodeIgniter->tryToRouteIt(Object(CodeIgniter\Router\RouteCollection))
 5 SYSTEMPATH\CodeIgniter.php(351): CodeIgniter\CodeIgniter->handleRequest(null, Object(Config\Cache), false)
 6 FCPATH\index.php(67): CodeIgniter\CodeIgniter->run()
CRITICAL - 2022-12-10 08:58:40 --> Call to undefined method CodeIgniter\Database\MySQLi\Connection::qury()
in APPPATH\Models\ModelKecamatan.php on line 10.
 1 APPPATH\Controllers\Kecamatan.php(17): App\Models\ModelKecamatan->getdata()
 2 SYSTEMPATH\CodeIgniter.php(927): App\Controllers\Kecamatan->index()
 3 SYSTEMPATH\CodeIgniter.php(482): CodeIgniter\CodeIgniter->runController(Object(App\Controllers\Kecamatan))
 4 SYSTEMPATH\CodeIgniter.php(351): CodeIgniter\CodeIgniter->handleRequest(null, Object(Config\Cache), false)
 5 FCPATH\index.php(67): CodeIgniter\CodeIgniter->run()
CRITICAL - 2022-12-10 08:58:42 --> Call to undefined method CodeIgniter\Database\MySQLi\Connection::qury()
in APPPATH\Models\ModelKecamatan.php on line 10.
 1 APPPATH\Controllers\Kecamatan.php(17): App\Models\ModelKecamatan->getdata()
 2 SYSTEMPATH\CodeIgniter.php(927): App\Controllers\Kecamatan->index()
 3 SYSTEMPATH\CodeIgniter.php(482): CodeIgniter\CodeIgniter->runController(Object(App\Controllers\Kecamatan))
 4 SYSTEMPATH\CodeIgniter.php(351): CodeIgniter\CodeIgniter->handleRequest(null, Object(Config\Cache), false)
 5 FCPATH\index.php(67): CodeIgniter\CodeIgniter->run()
CRITICAL - 2022-12-10 08:59:15 --> Call to undefined function App\Models\getResult()
in APPPATH\Models\ModelKecamatan.php on line 11.
 1 APPPATH\Controllers\Kecamatan.php(17): App\Models\ModelKecamatan->getdata()
 2 SYSTEMPATH\CodeIgniter.php(927): App\Controllers\Kecamatan->index()
 3 SYSTEMPATH\CodeIgniter.php(482): CodeIgniter\CodeIgniter->runController(Object(App\Controllers\Kecamatan))
 4 SYSTEMPATH\CodeIgniter.php(351): CodeIgniter\CodeIgniter->handleRequest(null, Object(Config\Cache), false)
 5 FCPATH\index.php(67): CodeIgniter\CodeIgniter->run()
CRITICAL - 2022-12-10 08:59:50 --> Call to undefined function App\Models\getresult()
in APPPATH\Models\ModelKecamatan.php on line 11.
 1 APPPATH\Controllers\Kecamatan.php(17): App\Models\ModelKecamatan->getdata()
 2 SYSTEMPATH\CodeIgniter.php(927): App\Controllers\Kecamatan->index()
 3 SYSTEMPATH\CodeIgniter.php(482): CodeIgniter\CodeIgniter->runController(Object(App\Controllers\Kecamatan))
 4 SYSTEMPATH\CodeIgniter.php(351): CodeIgniter\CodeIgniter->handleRequest(null, Object(Config\Cache), false)
 5 FCPATH\index.php(67): CodeIgniter\CodeIgniter->run()
CRITICAL - 2022-12-10 09:03:40 --> Invalid file: admin/kecamatan.php
in SYSTEMPATH\Exceptions\FrameworkException.php on line 33.
 1 SYSTEMPATH\View\View.php(201): CodeIgniter\Exceptions\FrameworkException::forInvalidFile('admin/kecamatan.php')
 2 SYSTEMPATH\Common.php(1134): CodeIgniter\View\View->render('admin/kecamatan', [], true)
 3 APPPATH\Controllers\Kecamatan.php(22): view('admin/kecamatan')
 4 SYSTEMPATH\CodeIgniter.php(927): App\Controllers\Kecamatan->index()
 5 SYSTEMPATH\CodeIgniter.php(482): CodeIgniter\CodeIgniter->runController(Object(App\Controllers\Kecamatan))
 6 SYSTEMPATH\CodeIgniter.php(351): CodeIgniter\CodeIgniter->handleRequest(null, Object(Config\Cache), false)
 7 FCPATH\index.php(67): CodeIgniter\CodeIgniter->run()
CRITICAL - 2022-12-10 09:04:44 --> Invalid file: admin/kecamatan.php
in SYSTEMPATH\Exceptions\FrameworkException.php on line 33.
 1 SYSTEMPATH\View\View.php(201): CodeIgniter\Exceptions\FrameworkException::forInvalidFile('admin/kecamatan.php')
 2 SYSTEMPATH\Common.php(1134): CodeIgniter\View\View->render('admin/kecamatan', [], true)
 3 APPPATH\Controllers\Kecamatan.php(22): view('admin/kecamatan', [...])
 4 SYSTEMPATH\CodeIgniter.php(927): App\Controllers\Kecamatan->index()
 5 SYSTEMPATH\CodeIgniter.php(482): CodeIgniter\CodeIgniter->runController(Object(App\Controllers\Kecamatan))
 6 SYSTEMPATH\CodeIgniter.php(351): CodeIgniter\CodeIgniter->handleRequest(null, Object(Config\Cache), false)
 7 FCPATH\index.php(67): CodeIgniter\CodeIgniter->run()
CRITICAL - 2022-12-10 11:35:26 --> Undefined variable: nm_kecamatan
in APPPATH\Views\admin\V_Kecamatan.php on line 46.
 1 APPPATH\Views\admin\V_Kecamatan.php(46): CodeIgniter\Debug\Exceptions->errorHandler(8, 'Undefined variable: nm_kecamatan', 'APPPATH\\Views\\admin\\V_Kecamatan.php', 46, [...])
 2 SYSTEMPATH\View\View.php(213): include('APPPATH\\Views\\admin\\V_Kecamatan.php')
 3 SYSTEMPATH\View\View.php(216): CodeIgniter\View\View->CodeIgniter\View\{closure}()
 4 SYSTEMPATH\Common.php(1134): CodeIgniter\View\View->render('admin/V_Kecamatan', [], true)
 5 APPPATH\Controllers\Kecamatan.php(22): view('admin/V_Kecamatan', [...])
 6 SYSTEMPATH\CodeIgniter.php(927): App\Controllers\Kecamatan->index()
 7 SYSTEMPATH\CodeIgniter.php(482): CodeIgniter\CodeIgniter->runController(Object(App\Controllers\Kecamatan))
 8 SYSTEMPATH\CodeIgniter.php(351): CodeIgniter\CodeIgniter->handleRequest(null, Object(Config\Cache), false)
 9 FCPATH\index.php(67): CodeIgniter\CodeIgniter->run()
CRITICAL - 2022-12-10 11:35:51 --> Undefined variable: nm_kecamatan
in APPPATH\Views\admin\V_Kecamatan.php on line 46.
 1 APPPATH\Views\admin\V_Kecamatan.php(46): CodeIgniter\Debug\Exceptions->errorHandler(8, 'Undefined variable: nm_kecamatan', 'APPPATH\\Views\\admin\\V_Kecamatan.php', 46, [...])
 2 SYSTEMPATH\View\View.php(213): include('APPPATH\\Views\\admin\\V_Kecamatan.php')
 3 SYSTEMPATH\View\View.php(216): CodeIgniter\View\View->CodeIgniter\View\{closure}()
 4 SYSTEMPATH\Common.php(1134): CodeIgniter\View\View->render('admin/V_Kecamatan', [], true)
 5 APPPATH\Controllers\Kecamatan.php(22): view('admin/V_Kecamatan', [...])
 6 SYSTEMPATH\CodeIgniter.php(927): App\Controllers\Kecamatan->index()
 7 SYSTEMPATH\CodeIgniter.php(482): CodeIgniter\CodeIgniter->runController(Object(App\Controllers\Kecamatan))
 8 SYSTEMPATH\CodeIgniter.php(351): CodeIgniter\CodeIgniter->handleRequest(null, Object(Config\Cache), false)
 9 FCPATH\index.php(67): CodeIgniter\CodeIgniter->run()
CRITICAL - 2022-12-10 11:36:42 --> Undefined variable: nm_kecamatan
in APPPATH\Views\admin\V_Kecamatan.php on line 46.
 1 APPPATH\Views\admin\V_Kecamatan.php(46): CodeIgniter\Debug\Exceptions->errorHandler(8, 'Undefined variable: nm_kecamatan', 'APPPATH\\Views\\admin\\V_Kecamatan.php', 46, [...])
 2 SYSTEMPATH\View\View.php(213): include('APPPATH\\Views\\admin\\V_Kecamatan.php')
 3 SYSTEMPATH\View\View.php(216): CodeIgniter\View\View->CodeIgniter\View\{closure}()
 4 SYSTEMPATH\Common.php(1134): CodeIgniter\View\View->render('admin/V_Kecamatan', [], true)
 5 APPPATH\Controllers\Kecamatan.php(22): view('admin/V_Kecamatan', [...])
 6 SYSTEMPATH\CodeIgniter.php(927): App\Controllers\Kecamatan->index()
 7 SYSTEMPATH\CodeIgniter.php(482): CodeIgniter\CodeIgniter->runController(Object(App\Controllers\Kecamatan))
 8 SYSTEMPATH\CodeIgniter.php(351): CodeIgniter\CodeIgniter->handleRequest(null, Object(Config\Cache), false)
 9 FCPATH\index.php(67): CodeIgniter\CodeIgniter->run()
CRITICAL - 2022-12-10 11:36:43 --> Undefined variable: nm_kecamatan
in APPPATH\Views\admin\V_Kecamatan.php on line 46.
 1 APPPATH\Views\admin\V_Kecamatan.php(46): CodeIgniter\Debug\Exceptions->errorHandler(8, 'Undefined variable: nm_kecamatan', 'APPPATH\\Views\\admin\\V_Kecamatan.php', 46, [...])
 2 SYSTEMPATH\View\View.php(213): include('APPPATH\\Views\\admin\\V_Kecamatan.php')
 3 SYSTEMPATH\View\View.php(216): CodeIgniter\View\View->CodeIgniter\View\{closure}()
 4 SYSTEMPATH\Common.php(1134): CodeIgniter\View\View->render('admin/V_Kecamatan', [], true)
 5 APPPATH\Controllers\Kecamatan.php(22): view('admin/V_Kecamatan', [...])
 6 SYSTEMPATH\CodeIgniter.php(927): App\Controllers\Kecamatan->index()
 7 SYSTEMPATH\CodeIgniter.php(482): CodeIgniter\CodeIgniter->runController(Object(App\Controllers\Kecamatan))
 8 SYSTEMPATH\CodeIgniter.php(351): CodeIgniter\CodeIgniter->handleRequest(null, Object(Config\Cache), false)
 9 FCPATH\index.php(67): CodeIgniter\CodeIgniter->run()
CRITICAL - 2022-12-10 11:45:59 --> Undefined variable: data
in APPPATH\Views\admin\V_Kecamatan.php on line 43.
 1 APPPATH\Views\admin\V_Kecamatan.php(43): CodeIgniter\Debug\Exceptions->errorHandler(8, 'Undefined variable: data', 'APPPATH\\Views\\admin\\V_Kecamatan.php', 43, [...])
 2 SYSTEMPATH\View\View.php(213): include('APPPATH\\Views\\admin\\V_Kecamatan.php')
 3 SYSTEMPATH\View\View.php(216): CodeIgniter\View\View->CodeIgniter\View\{closure}()
 4 SYSTEMPATH\Common.php(1134): CodeIgniter\View\View->render('admin/V_Kecamatan', [], true)
 5 APPPATH\Controllers\Kecamatan.php(22): view('admin/V_Kecamatan', [...])
 6 SYSTEMPATH\CodeIgniter.php(927): App\Controllers\Kecamatan->index()
 7 SYSTEMPATH\CodeIgniter.php(482): CodeIgniter\CodeIgniter->runController(Object(App\Controllers\Kecamatan))
 8 SYSTEMPATH\CodeIgniter.php(351): CodeIgniter\CodeIgniter->handleRequest(null, Object(Config\Cache), false)
 9 FCPATH\index.php(67): CodeIgniter\CodeIgniter->run()
CRITICAL - 2022-12-10 11:47:38 --> Undefined variable: nm_kecamatan
in APPPATH\Views\admin\V_Kecamatan.php on line 46.
 1 APPPATH\Views\admin\V_Kecamatan.php(46): CodeIgniter\Debug\Exceptions->errorHandler(8, 'Undefined variable: nm_kecamatan', 'APPPATH\\Views\\admin\\V_Kecamatan.php', 46, [...])
 2 SYSTEMPATH\View\View.php(213): include('APPPATH\\Views\\admin\\V_Kecamatan.php')
 3 SYSTEMPATH\View\View.php(216): CodeIgniter\View\View->CodeIgniter\View\{closure}()
 4 SYSTEMPATH\Common.php(1134): CodeIgniter\View\View->render('admin/V_Kecamatan', [], true)
 5 APPPATH\Controllers\Kecamatan.php(22): view('admin/V_Kecamatan', [...])
 6 SYSTEMPATH\CodeIgniter.php(927): App\Controllers\Kecamatan->index()
 7 SYSTEMPATH\CodeIgniter.php(482): CodeIgniter\CodeIgniter->runController(Object(App\Controllers\Kecamatan))
 8 SYSTEMPATH\CodeIgniter.php(351): CodeIgniter\CodeIgniter->handleRequest(null, Object(Config\Cache), false)
 9 FCPATH\index.php(67): CodeIgniter\CodeIgniter->run()
CRITICAL - 2022-12-10 11:47:39 --> Undefined variable: nm_kecamatan
in APPPATH\Views\admin\V_Kecamatan.php on line 46.
 1 APPPATH\Views\admin\V_Kecamatan.php(46): CodeIgniter\Debug\Exceptions->errorHandler(8, 'Undefined variable: nm_kecamatan', 'APPPATH\\Views\\admin\\V_Kecamatan.php', 46, [...])
 2 SYSTEMPATH\View\View.php(213): include('APPPATH\\Views\\admin\\V_Kecamatan.php')
 3 SYSTEMPATH\View\View.php(216): CodeIgniter\View\View->CodeIgniter\View\{closure}()
 4 SYSTEMPATH\Common.php(1134): CodeIgniter\View\View->render('admin/V_Kecamatan', [], true)
 5 APPPATH\Controllers\Kecamatan.php(22): view('admin/V_Kecamatan', [...])
 6 SYSTEMPATH\CodeIgniter.php(927): App\Controllers\Kecamatan->index()
 7 SYSTEMPATH\CodeIgniter.php(482): CodeIgniter\CodeIgniter->runController(Object(App\Controllers\Kecamatan))
 8 SYSTEMPATH\CodeIgniter.php(351): CodeIgniter\CodeIgniter->handleRequest(null, Object(Config\Cache), false)
 9 FCPATH\index.php(67): CodeIgniter\CodeIgniter->run()
CRITICAL - 2022-12-10 11:47:39 --> Undefined variable: nm_kecamatan
in APPPATH\Views\admin\V_Kecamatan.php on line 46.
 1 APPPATH\Views\admin\V_Kecamatan.php(46): CodeIgniter\Debug\Exceptions->errorHandler(8, 'Undefined variable: nm_kecamatan', 'APPPATH\\Views\\admin\\V_Kecamatan.php', 46, [...])
 2 SYSTEMPATH\View\View.php(213): include('APPPATH\\Views\\admin\\V_Kecamatan.php')
 3 SYSTEMPATH\View\View.php(216): CodeIgniter\View\View->CodeIgniter\View\{closure}()
 4 SYSTEMPATH\Common.php(1134): CodeIgniter\View\View->render('admin/V_Kecamatan', [], true)
 5 APPPATH\Controllers\Kecamatan.php(22): view('admin/V_Kecamatan', [...])
 6 SYSTEMPATH\CodeIgniter.php(927): App\Controllers\Kecamatan->index()
 7 SYSTEMPATH\CodeIgniter.php(482): CodeIgniter\CodeIgniter->runController(Object(App\Controllers\Kecamatan))
 8 SYSTEMPATH\CodeIgniter.php(351): CodeIgniter\CodeIgniter->handleRequest(null, Object(Config\Cache), false)
 9 FCPATH\index.php(67): CodeIgniter\CodeIgniter->run()
CRITICAL - 2022-12-10 11:47:40 --> Undefined variable: nm_kecamatan
in APPPATH\Views\admin\V_Kecamatan.php on line 46.
 1 APPPATH\Views\admin\V_Kecamatan.php(46): CodeIgniter\Debug\Exceptions->errorHandler(8, 'Undefined variable: nm_kecamatan', 'APPPATH\\Views\\admin\\V_Kecamatan.php', 46, [...])
 2 SYSTEMPATH\View\View.php(213): include('APPPATH\\Views\\admin\\V_Kecamatan.php')
 3 SYSTEMPATH\View\View.php(216): CodeIgniter\View\View->CodeIgniter\View\{closure}()
 4 SYSTEMPATH\Common.php(1134): CodeIgniter\View\View->render('admin/V_Kecamatan', [], true)
 5 APPPATH\Controllers\Kecamatan.php(22): view('admin/V_Kecamatan', [...])
 6 SYSTEMPATH\CodeIgniter.php(927): App\Controllers\Kecamatan->index()
 7 SYSTEMPATH\CodeIgniter.php(482): CodeIgniter\CodeIgniter->runController(Object(App\Controllers\Kecamatan))
 8 SYSTEMPATH\CodeIgniter.php(351): CodeIgniter\CodeIgniter->handleRequest(null, Object(Config\Cache), false)
 9 FCPATH\index.php(67): CodeIgniter\CodeIgniter->run()
CRITICAL - 2022-12-10 11:48:17 --> Undefined variable: nm_kecamatan
in APPPATH\Views\admin\V_Kecamatan.php on line 46.
 1 APPPATH\Views\admin\V_Kecamatan.php(46): CodeIgniter\Debug\Exceptions->errorHandler(8, 'Undefined variable: nm_kecamatan', 'APPPATH\\Views\\admin\\V_Kecamatan.php', 46, [...])
 2 SYSTEMPATH\View\View.php(213): include('APPPATH\\Views\\admin\\V_Kecamatan.php')
 3 SYSTEMPATH\View\View.php(216): CodeIgniter\View\View->CodeIgniter\View\{closure}()
 4 SYSTEMPATH\Common.php(1134): CodeIgniter\View\View->render('admin/V_Kecamatan', [], true)
 5 APPPATH\Controllers\Kecamatan.php(22): view('admin/V_Kecamatan', [...])
 6 SYSTEMPATH\CodeIgniter.php(927): App\Controllers\Kecamatan->index()
 7 SYSTEMPATH\CodeIgniter.php(482): CodeIgniter\CodeIgniter->runController(Object(App\Controllers\Kecamatan))
 8 SYSTEMPATH\CodeIgniter.php(351): CodeIgniter\CodeIgniter->handleRequest(null, Object(Config\Cache), false)
 9 FCPATH\index.php(67): CodeIgniter\CodeIgniter->run()
CRITICAL - 2022-12-10 11:51:15 --> Undefined variable: id_kecamatan
in APPPATH\Views\admin\V_Kecamatan.php on line 47.
 1 APPPATH\Views\admin\V_Kecamatan.php(47): CodeIgniter\Debug\Exceptions->errorHandler(8, 'Undefined variable: id_kecamatan', 'APPPATH\\Views\\admin\\V_Kecamatan.php', 47, [...])
 2 SYSTEMPATH\View\View.php(213): include('APPPATH\\Views\\admin\\V_Kecamatan.php')
 3 SYSTEMPATH\View\View.php(216): CodeIgniter\View\View->CodeIgniter\View\{closure}()
 4 SYSTEMPATH\Common.php(1134): CodeIgniter\View\View->render('admin/V_Kecamatan', [], true)
 5 APPPATH\Controllers\Kecamatan.php(22): view('admin/V_Kecamatan', [...])
 6 SYSTEMPATH\CodeIgniter.php(927): App\Controllers\Kecamatan->index()
 7 SYSTEMPATH\CodeIgniter.php(482): CodeIgniter\CodeIgniter->runController(Object(App\Controllers\Kecamatan))
 8 SYSTEMPATH\CodeIgniter.php(351): CodeIgniter\CodeIgniter->handleRequest(null, Object(Config\Cache), false)
 9 FCPATH\index.php(67): CodeIgniter\CodeIgniter->run()
