CRITICAL - 2022-12-14 18:06:39 --> Undefined property: stdClass::$id_sekolah
in APPPATH\Views\admin\V_Sekolah_kemenag.php on line 63.
 1 APPPATH\Views\admin\V_Sekolah_kemenag.php(63): CodeIgniter\Debug\Exceptions->errorHandler(8, 'Undefined property: stdClass::$id_sekolah', 'APPPATH\\Views\\admin\\V_Sekolah_kemenag.php', 63, [...])
 2 SYSTEMPATH\View\View.php(213): include('APPPATH\\Views\\admin\\V_Sekolah_kemenag.php')
 3 SYSTEMPATH\View\View.php(216): CodeIgniter\View\View->CodeIgniter\View\{closure}()
 4 SYSTEMPATH\Common.php(1134): CodeIgniter\View\View->render('admin/V_Sekolah_kemenag', [], true)
 5 APPPATH\Controllers\Sekolah.php(59): view('admin/V_Sekolah_kemenag', [...])
 6 SYSTEMPATH\CodeIgniter.php(927): App\Controllers\Sekolah->sekolahKemenag()
 7 SYSTEMPATH\CodeIgniter.php(482): CodeIgniter\CodeIgniter->runController(Object(App\Controllers\Sekolah))
 8 SYSTEMPATH\CodeIgniter.php(351): CodeIgniter\CodeIgniter->handleRequest(null, Object(Config\Cache), false)
 9 FCPATH\index.php(67): CodeIgniter\CodeIgniter->run()
10 SYSTEMPATH\Commands\Server\rewrite.php(46): require_once('FCPATH\\index.php')
CRITICAL - 2022-12-14 18:06:51 --> Undefined property: stdClass::$id_sekolah
in APPPATH\Views\admin\V_Sekolah_kemenag.php on line 63.
 1 APPPATH\Views\admin\V_Sekolah_kemenag.php(63): CodeIgniter\Debug\Exceptions->errorHandler(8, 'Undefined property: stdClass::$id_sekolah', 'APPPATH\\Views\\admin\\V_Sekolah_kemenag.php', 63, [...])
 2 SYSTEMPATH\View\View.php(213): include('APPPATH\\Views\\admin\\V_Sekolah_kemenag.php')
 3 SYSTEMPATH\View\View.php(216): CodeIgniter\View\View->CodeIgniter\View\{closure}()
 4 SYSTEMPATH\Common.php(1134): CodeIgniter\View\View->render('admin/V_Sekolah_kemenag', [], true)
 5 APPPATH\Controllers\Sekolah.php(59): view('admin/V_Sekolah_kemenag', [...])
 6 SYSTEMPATH\CodeIgniter.php(927): App\Controllers\Sekolah->sekolahKemenag()
 7 SYSTEMPATH\CodeIgniter.php(482): CodeIgniter\CodeIgniter->runController(Object(App\Controllers\Sekolah))
 8 SYSTEMPATH\CodeIgniter.php(351): CodeIgniter\CodeIgniter->handleRequest(null, Object(Config\Cache), false)
 9 FCPATH\index.php(67): CodeIgniter\CodeIgniter->run()
10 SYSTEMPATH\Commands\Server\rewrite.php(46): require_once('FCPATH\\index.php')
CRITICAL - 2022-12-14 18:07:22 --> Undefined variable: total_ptk
in APPPATH\Views\admin\V_Sekolah_kemenag.php on line 72.
 1 APPPATH\Views\admin\V_Sekolah_kemenag.php(72): CodeIgniter\Debug\Exceptions->errorHandler(8, 'Undefined variable: total_ptk', 'APPPATH\\Views\\admin\\V_Sekolah_kemenag.php', 72, [...])
 2 SYSTEMPATH\View\View.php(213): include('APPPATH\\Views\\admin\\V_Sekolah_kemenag.php')
 3 SYSTEMPATH\View\View.php(216): CodeIgniter\View\View->CodeIgniter\View\{closure}()
 4 SYSTEMPATH\Common.php(1134): CodeIgniter\View\View->render('admin/V_Sekolah_kemenag', [], true)
 5 APPPATH\Controllers\Sekolah.php(59): view('admin/V_Sekolah_kemenag', [...])
 6 SYSTEMPATH\CodeIgniter.php(927): App\Controllers\Sekolah->sekolahKemenag()
 7 SYSTEMPATH\CodeIgniter.php(482): CodeIgniter\CodeIgniter->runController(Object(App\Controllers\Sekolah))
 8 SYSTEMPATH\CodeIgniter.php(351): CodeIgniter\CodeIgniter->handleRequest(null, Object(Config\Cache), false)
 9 FCPATH\index.php(67): CodeIgniter\CodeIgniter->run()
10 SYSTEMPATH\Commands\Server\rewrite.php(46): require_once('FCPATH\\index.php')
CRITICAL - 2022-12-14 18:34:47 --> Undefined property: stdClass::$nm_sekolah_kemenag
in APPPATH\Views\admin\V_DetailSekolahKemenag.php on line 39.
 1 APPPATH\Views\admin\V_DetailSekolahKemenag.php(39): CodeIgniter\Debug\Exceptions->errorHandler(8, 'Undefined property: stdClass::$nm_sekolah_kemenag', 'APPPATH\\Views\\admin\\V_DetailSekolahKemenag.php', 39, [...])
 2 SYSTEMPATH\View\View.php(213): include('APPPATH\\Views\\admin\\V_DetailSekolahKemenag.php')
 3 SYSTEMPATH\View\View.php(216): CodeIgniter\View\View->CodeIgniter\View\{closure}()
 4 SYSTEMPATH\Common.php(1134): CodeIgniter\View\View->render('admin/V_DetailSekolahKemenag', [], true)
 5 APPPATH\Controllers\Sekolah.php(71): view('admin/V_DetailSekolahKemenag', [...])
 6 SYSTEMPATH\CodeIgniter.php(927): App\Controllers\Sekolah->detailSekolahKemenag('2')
 7 SYSTEMPATH\CodeIgniter.php(482): CodeIgniter\CodeIgniter->runController(Object(App\Controllers\Sekolah))
 8 SYSTEMPATH\CodeIgniter.php(351): CodeIgniter\CodeIgniter->handleRequest(null, Object(Config\Cache), false)
 9 FCPATH\index.php(67): CodeIgniter\CodeIgniter->run()
10 SYSTEMPATH\Commands\Server\rewrite.php(46): require_once('FCPATH\\index.php')
CRITICAL - 2022-12-14 19:49:17 --> Undefined property: stdClass::$jml_ptk
in APPPATH\Views\admin\V_BentukSekolah.php on line 52.
 1 APPPATH\Views\admin\V_BentukSekolah.php(52): CodeIgniter\Debug\Exceptions->errorHandler(8, 'Undefined property: stdClass::$jml_ptk', 'APPPATH\\Views\\admin\\V_BentukSekolah.php', 52, [...])
 2 SYSTEMPATH\View\View.php(213): include('APPPATH\\Views\\admin\\V_BentukSekolah.php')
 3 SYSTEMPATH\View\View.php(216): CodeIgniter\View\View->CodeIgniter\View\{closure}()
 4 SYSTEMPATH\Common.php(1134): CodeIgniter\View\View->render('admin/V_BentukSekolah', [], true)
 5 APPPATH\Controllers\Sekolah.php(82): view('admin/V_BentukSekolah', [...])
 6 SYSTEMPATH\CodeIgniter.php(927): App\Controllers\Sekolah->bentuksekolahkemenag('10')
 7 SYSTEMPATH\CodeIgniter.php(482): CodeIgniter\CodeIgniter->runController(Object(App\Controllers\Sekolah))
 8 SYSTEMPATH\CodeIgniter.php(351): CodeIgniter\CodeIgniter->handleRequest(null, Object(Config\Cache), false)
 9 FCPATH\index.php(67): CodeIgniter\CodeIgniter->run()
10 SYSTEMPATH\Commands\Server\rewrite.php(46): require_once('FCPATH\\index.php')
CRITICAL - 2022-12-14 19:50:46 --> Undefined property: stdClass::$jml_ptk
in APPPATH\Views\admin\V_BentukSekolah.php on line 52.
 1 APPPATH\Views\admin\V_BentukSekolah.php(52): CodeIgniter\Debug\Exceptions->errorHandler(8, 'Undefined property: stdClass::$jml_ptk', 'APPPATH\\Views\\admin\\V_BentukSekolah.php', 52, [...])
 2 SYSTEMPATH\View\View.php(213): include('APPPATH\\Views\\admin\\V_BentukSekolah.php')
 3 SYSTEMPATH\View\View.php(216): CodeIgniter\View\View->CodeIgniter\View\{closure}()
 4 SYSTEMPATH\Common.php(1134): CodeIgniter\View\View->render('admin/V_BentukSekolah', [], true)
 5 APPPATH\Controllers\Sekolah.php(82): view('admin/V_BentukSekolah', [...])
 6 SYSTEMPATH\CodeIgniter.php(927): App\Controllers\Sekolah->bentuksekolahkemenag('10')
 7 SYSTEMPATH\CodeIgniter.php(482): CodeIgniter\CodeIgniter->runController(Object(App\Controllers\Sekolah))
 8 SYSTEMPATH\CodeIgniter.php(351): CodeIgniter\CodeIgniter->handleRequest(null, Object(Config\Cache), false)
 9 FCPATH\index.php(67): CodeIgniter\CodeIgniter->run()
10 SYSTEMPATH\Commands\Server\rewrite.php(46): require_once('FCPATH\\index.php')
CRITICAL - 2022-12-14 19:50:47 --> Undefined property: stdClass::$jml_ptk
in APPPATH\Views\admin\V_BentukSekolah.php on line 52.
 1 APPPATH\Views\admin\V_BentukSekolah.php(52): CodeIgniter\Debug\Exceptions->errorHandler(8, 'Undefined property: stdClass::$jml_ptk', 'APPPATH\\Views\\admin\\V_BentukSekolah.php', 52, [...])
 2 SYSTEMPATH\View\View.php(213): include('APPPATH\\Views\\admin\\V_BentukSekolah.php')
 3 SYSTEMPATH\View\View.php(216): CodeIgniter\View\View->CodeIgniter\View\{closure}()
 4 SYSTEMPATH\Common.php(1134): CodeIgniter\View\View->render('admin/V_BentukSekolah', [], true)
 5 APPPATH\Controllers\Sekolah.php(82): view('admin/V_BentukSekolah', [...])
 6 SYSTEMPATH\CodeIgniter.php(927): App\Controllers\Sekolah->bentuksekolahkemenag('10')
 7 SYSTEMPATH\CodeIgniter.php(482): CodeIgniter\CodeIgniter->runController(Object(App\Controllers\Sekolah))
 8 SYSTEMPATH\CodeIgniter.php(351): CodeIgniter\CodeIgniter->handleRequest(null, Object(Config\Cache), false)
 9 FCPATH\index.php(67): CodeIgniter\CodeIgniter->run()
10 SYSTEMPATH\Commands\Server\rewrite.php(46): require_once('FCPATH\\index.php')
CRITICAL - 2022-12-14 19:50:47 --> Undefined property: stdClass::$jml_ptk
in APPPATH\Views\admin\V_BentukSekolah.php on line 52.
 1 APPPATH\Views\admin\V_BentukSekolah.php(52): CodeIgniter\Debug\Exceptions->errorHandler(8, 'Undefined property: stdClass::$jml_ptk', 'APPPATH\\Views\\admin\\V_BentukSekolah.php', 52, [...])
 2 SYSTEMPATH\View\View.php(213): include('APPPATH\\Views\\admin\\V_BentukSekolah.php')
 3 SYSTEMPATH\View\View.php(216): CodeIgniter\View\View->CodeIgniter\View\{closure}()
 4 SYSTEMPATH\Common.php(1134): CodeIgniter\View\View->render('admin/V_BentukSekolah', [], true)
 5 APPPATH\Controllers\Sekolah.php(82): view('admin/V_BentukSekolah', [...])
 6 SYSTEMPATH\CodeIgniter.php(927): App\Controllers\Sekolah->bentuksekolahkemenag('10')
 7 SYSTEMPATH\CodeIgniter.php(482): CodeIgniter\CodeIgniter->runController(Object(App\Controllers\Sekolah))
 8 SYSTEMPATH\CodeIgniter.php(351): CodeIgniter\CodeIgniter->handleRequest(null, Object(Config\Cache), false)
 9 FCPATH\index.php(67): CodeIgniter\CodeIgniter->run()
10 SYSTEMPATH\Commands\Server\rewrite.php(46): require_once('FCPATH\\index.php')
CRITICAL - 2022-12-14 19:50:47 --> Undefined property: stdClass::$jml_ptk
in APPPATH\Views\admin\V_BentukSekolah.php on line 52.
 1 APPPATH\Views\admin\V_BentukSekolah.php(52): CodeIgniter\Debug\Exceptions->errorHandler(8, 'Undefined property: stdClass::$jml_ptk', 'APPPATH\\Views\\admin\\V_BentukSekolah.php', 52, [...])
 2 SYSTEMPATH\View\View.php(213): include('APPPATH\\Views\\admin\\V_BentukSekolah.php')
 3 SYSTEMPATH\View\View.php(216): CodeIgniter\View\View->CodeIgniter\View\{closure}()
 4 SYSTEMPATH\Common.php(1134): CodeIgniter\View\View->render('admin/V_BentukSekolah', [], true)
 5 APPPATH\Controllers\Sekolah.php(82): view('admin/V_BentukSekolah', [...])
 6 SYSTEMPATH\CodeIgniter.php(927): App\Controllers\Sekolah->bentuksekolahkemenag('10')
 7 SYSTEMPATH\CodeIgniter.php(482): CodeIgniter\CodeIgniter->runController(Object(App\Controllers\Sekolah))
 8 SYSTEMPATH\CodeIgniter.php(351): CodeIgniter\CodeIgniter->handleRequest(null, Object(Config\Cache), false)
 9 FCPATH\index.php(67): CodeIgniter\CodeIgniter->run()
10 SYSTEMPATH\Commands\Server\rewrite.php(46): require_once('FCPATH\\index.php')
CRITICAL - 2022-12-14 19:50:47 --> Undefined property: stdClass::$jml_ptk
in APPPATH\Views\admin\V_BentukSekolah.php on line 52.
 1 APPPATH\Views\admin\V_BentukSekolah.php(52): CodeIgniter\Debug\Exceptions->errorHandler(8, 'Undefined property: stdClass::$jml_ptk', 'APPPATH\\Views\\admin\\V_BentukSekolah.php', 52, [...])
 2 SYSTEMPATH\View\View.php(213): include('APPPATH\\Views\\admin\\V_BentukSekolah.php')
 3 SYSTEMPATH\View\View.php(216): CodeIgniter\View\View->CodeIgniter\View\{closure}()
 4 SYSTEMPATH\Common.php(1134): CodeIgniter\View\View->render('admin/V_BentukSekolah', [], true)
 5 APPPATH\Controllers\Sekolah.php(82): view('admin/V_BentukSekolah', [...])
 6 SYSTEMPATH\CodeIgniter.php(927): App\Controllers\Sekolah->bentuksekolahkemenag('10')
 7 SYSTEMPATH\CodeIgniter.php(482): CodeIgniter\CodeIgniter->runController(Object(App\Controllers\Sekolah))
 8 SYSTEMPATH\CodeIgniter.php(351): CodeIgniter\CodeIgniter->handleRequest(null, Object(Config\Cache), false)
 9 FCPATH\index.php(67): CodeIgniter\CodeIgniter->run()
10 SYSTEMPATH\Commands\Server\rewrite.php(46): require_once('FCPATH\\index.php')
CRITICAL - 2022-12-14 19:50:48 --> Undefined property: stdClass::$jml_ptk
in APPPATH\Views\admin\V_BentukSekolah.php on line 52.
 1 APPPATH\Views\admin\V_BentukSekolah.php(52): CodeIgniter\Debug\Exceptions->errorHandler(8, 'Undefined property: stdClass::$jml_ptk', 'APPPATH\\Views\\admin\\V_BentukSekolah.php', 52, [...])
 2 SYSTEMPATH\View\View.php(213): include('APPPATH\\Views\\admin\\V_BentukSekolah.php')
 3 SYSTEMPATH\View\View.php(216): CodeIgniter\View\View->CodeIgniter\View\{closure}()
 4 SYSTEMPATH\Common.php(1134): CodeIgniter\View\View->render('admin/V_BentukSekolah', [], true)
 5 APPPATH\Controllers\Sekolah.php(82): view('admin/V_BentukSekolah', [...])
 6 SYSTEMPATH\CodeIgniter.php(927): App\Controllers\Sekolah->bentuksekolahkemenag('10')
 7 SYSTEMPATH\CodeIgniter.php(482): CodeIgniter\CodeIgniter->runController(Object(App\Controllers\Sekolah))
 8 SYSTEMPATH\CodeIgniter.php(351): CodeIgniter\CodeIgniter->handleRequest(null, Object(Config\Cache), false)
 9 FCPATH\index.php(67): CodeIgniter\CodeIgniter->run()
10 SYSTEMPATH\Commands\Server\rewrite.php(46): require_once('FCPATH\\index.php')
CRITICAL - 2022-12-14 19:50:48 --> Undefined property: stdClass::$jml_ptk
in APPPATH\Views\admin\V_BentukSekolah.php on line 52.
 1 APPPATH\Views\admin\V_BentukSekolah.php(52): CodeIgniter\Debug\Exceptions->errorHandler(8, 'Undefined property: stdClass::$jml_ptk', 'APPPATH\\Views\\admin\\V_BentukSekolah.php', 52, [...])
 2 SYSTEMPATH\View\View.php(213): include('APPPATH\\Views\\admin\\V_BentukSekolah.php')
 3 SYSTEMPATH\View\View.php(216): CodeIgniter\View\View->CodeIgniter\View\{closure}()
 4 SYSTEMPATH\Common.php(1134): CodeIgniter\View\View->render('admin/V_BentukSekolah', [], true)
 5 APPPATH\Controllers\Sekolah.php(82): view('admin/V_BentukSekolah', [...])
 6 SYSTEMPATH\CodeIgniter.php(927): App\Controllers\Sekolah->bentuksekolahkemenag('10')
 7 SYSTEMPATH\CodeIgniter.php(482): CodeIgniter\CodeIgniter->runController(Object(App\Controllers\Sekolah))
 8 SYSTEMPATH\CodeIgniter.php(351): CodeIgniter\CodeIgniter->handleRequest(null, Object(Config\Cache), false)
 9 FCPATH\index.php(67): CodeIgniter\CodeIgniter->run()
10 SYSTEMPATH\Commands\Server\rewrite.php(46): require_once('FCPATH\\index.php')
CRITICAL - 2022-12-14 19:51:09 --> Undefined property: stdClass::$jml_ptk
in APPPATH\Views\admin\V_BentukSekolah.php on line 52.
 1 APPPATH\Views\admin\V_BentukSekolah.php(52): CodeIgniter\Debug\Exceptions->errorHandler(8, 'Undefined property: stdClass::$jml_ptk', 'APPPATH\\Views\\admin\\V_BentukSekolah.php', 52, [...])
 2 SYSTEMPATH\View\View.php(213): include('APPPATH\\Views\\admin\\V_BentukSekolah.php')
 3 SYSTEMPATH\View\View.php(216): CodeIgniter\View\View->CodeIgniter\View\{closure}()
 4 SYSTEMPATH\Common.php(1134): CodeIgniter\View\View->render('admin/V_BentukSekolah', [], true)
 5 APPPATH\Controllers\Sekolah.php(82): view('admin/V_BentukSekolah', [...])
 6 SYSTEMPATH\CodeIgniter.php(927): App\Controllers\Sekolah->bentuksekolahkemenag('10')
 7 SYSTEMPATH\CodeIgniter.php(482): CodeIgniter\CodeIgniter->runController(Object(App\Controllers\Sekolah))
 8 SYSTEMPATH\CodeIgniter.php(351): CodeIgniter\CodeIgniter->handleRequest(null, Object(Config\Cache), false)
 9 FCPATH\index.php(67): CodeIgniter\CodeIgniter->run()
10 SYSTEMPATH\Commands\Server\rewrite.php(46): require_once('FCPATH\\index.php')
CRITICAL - 2022-12-14 20:19:16 --> Undefined property: stdClass::$ma
in APPPATH\Views\admin\V_KecamatanKemenag.php on line 50.
 1 APPPATH\Views\admin\V_KecamatanKemenag.php(50): CodeIgniter\Debug\Exceptions->errorHandler(8, 'Undefined property: stdClass::$ma', 'APPPATH\\Views\\admin\\V_KecamatanKemenag.php', 50, [...])
 2 SYSTEMPATH\View\View.php(213): include('APPPATH\\Views\\admin\\V_KecamatanKemenag.php')
 3 SYSTEMPATH\View\View.php(216): CodeIgniter\View\View->CodeIgniter\View\{closure}()
 4 SYSTEMPATH\Common.php(1134): CodeIgniter\View\View->render('admin/V_Kecamatankemenag', [], true)
 5 APPPATH\Controllers\Kecamatan.php(53): view('admin/V_Kecamatankemenag', [...])
 6 SYSTEMPATH\CodeIgniter.php(927): App\Controllers\Kecamatan->kecamatankemenag()
 7 SYSTEMPATH\CodeIgniter.php(482): CodeIgniter\CodeIgniter->runController(Object(App\Controllers\Kecamatan))
 8 SYSTEMPATH\CodeIgniter.php(351): CodeIgniter\CodeIgniter->handleRequest(null, Object(Config\Cache), false)
 9 FCPATH\index.php(67): CodeIgniter\CodeIgniter->run()
10 SYSTEMPATH\Commands\Server\rewrite.php(46): require_once('FCPATH\\index.php')
