ERROR - 2023-01-01 19:57:16 --> Error connecting to the database: mysqli_sql_exception: No connection could be made because the target machine actively refused it.
 in C:\xampp\htdocs\muhasin\system\Database\MySQLi\Connection.php:171
Stack trace:
#0 C:\xampp\htdocs\muhasin\system\Database\MySQLi\Connection.php(171): mysqli->real_connect('localhost', 'root', '', 'muhasin', 3306, '', 0)
#1 C:\xampp\htdocs\muhasin\system\Database\BaseConnection.php(382): CodeIgniter\Database\MySQLi\Connection->connect(false)
#2 C:\xampp\htdocs\muhasin\system\Database\BaseConnection.php(561): CodeIgniter\Database\BaseConnection->initialize()
#3 C:\xampp\htdocs\muhasin\system\Database\BaseBuilder.php(1585): CodeIgniter\Database\BaseConnection->query('SELECT *\nFROM `...', Array, false)
#4 C:\xampp\htdocs\muhasin\app\Models\ModelLogin.php(19): CodeIgniter\Database\BaseBuilder->get()
#5 C:\xampp\htdocs\muhasin\app\Controllers\Login.php(32): App\Models\ModelLogin->getDataId('user', Array)
#6 C:\xampp\htdocs\muhasin\system\CodeIgniter.php(927): App\Controllers\Login->prosesLogin()
#7 C:\xampp\htdocs\muhasin\system\CodeIgniter.php(482): CodeIgniter\CodeIgniter->runController(Object(App\Controllers\Login))
#8 C:\xampp\htdocs\muhasin\system\CodeIgniter.php(351): CodeIgniter\CodeIgniter->handleRequest(NULL, Object(Config\Cache), false)
#9 C:\xampp\htdocs\muhasin\public\index.php(67): CodeIgniter\CodeIgniter->run()
#10 C:\xampp\htdocs\muhasin\system\Commands\Server\rewrite.php(46): require_once('C:\\xampp\\htdocs...')
#11 {main}

Next CodeIgniter\Database\Exceptions\DatabaseException: No connection could be made because the target machine actively refused it.
 in C:\xampp\htdocs\muhasin\system\Database\MySQLi\Connection.php:215
Stack trace:
#0 C:\xampp\htdocs\muhasin\system\Database\BaseConnection.php(382): CodeIgniter\Database\MySQLi\Connection->connect(false)
#1 C:\xampp\htdocs\muhasin\system\Database\BaseConnection.php(561): CodeIgniter\Database\BaseConnection->initialize()
#2 C:\xampp\htdocs\muhasin\system\Database\BaseBuilder.php(1585): CodeIgniter\Database\BaseConnection->query('SELECT *\nFROM `...', Array, false)
#3 C:\xampp\htdocs\muhasin\app\Models\ModelLogin.php(19): CodeIgniter\Database\BaseBuilder->get()
#4 C:\xampp\htdocs\muhasin\app\Controllers\Login.php(32): App\Models\ModelLogin->getDataId('user', Array)
#5 C:\xampp\htdocs\muhasin\system\CodeIgniter.php(927): App\Controllers\Login->prosesLogin()
#6 C:\xampp\htdocs\muhasin\system\CodeIgniter.php(482): CodeIgniter\CodeIgniter->runController(Object(App\Controllers\Login))
#7 C:\xampp\htdocs\muhasin\system\CodeIgniter.php(351): CodeIgniter\CodeIgniter->handleRequest(NULL, Object(Config\Cache), false)
#8 C:\xampp\htdocs\muhasin\public\index.php(67): CodeIgniter\CodeIgniter->run()
#9 C:\xampp\htdocs\muhasin\system\Commands\Server\rewrite.php(46): require_once('C:\\xampp\\htdocs...')
#10 {main}
CRITICAL - 2023-01-01 19:57:16 --> Unable to connect to the database.
Main connection [MySQLi]: No connection could be made because the target machine actively refused it.

in SYSTEMPATH\Database\BaseConnection.php on line 418.
 1 SYSTEMPATH\Database\BaseConnection.php(561): CodeIgniter\Database\BaseConnection->initialize()
 2 SYSTEMPATH\Database\BaseBuilder.php(1585): CodeIgniter\Database\BaseConnection->query('SELECT *
FROM `user`
WHERE `username` = :username:', [...], false)
 3 APPPATH\Models\ModelLogin.php(19): CodeIgniter\Database\BaseBuilder->get()
 4 APPPATH\Controllers\Login.php(32): App\Models\ModelLogin->getDataId('user', [...])
 5 SYSTEMPATH\CodeIgniter.php(927): App\Controllers\Login->prosesLogin()
 6 SYSTEMPATH\CodeIgniter.php(482): CodeIgniter\CodeIgniter->runController(Object(App\Controllers\Login))
 7 SYSTEMPATH\CodeIgniter.php(351): CodeIgniter\CodeIgniter->handleRequest(null, Object(Config\Cache), false)
 8 FCPATH\index.php(67): CodeIgniter\CodeIgniter->run()
 9 SYSTEMPATH\Commands\Server\rewrite.php(46): require_once('FCPATH\\index.php')
ERROR - 2023-01-01 19:57:20 --> Error connecting to the database: mysqli_sql_exception: No connection could be made because the target machine actively refused it.
 in C:\xampp\htdocs\muhasin\system\Database\MySQLi\Connection.php:171
Stack trace:
#0 C:\xampp\htdocs\muhasin\system\Database\MySQLi\Connection.php(171): mysqli->real_connect('localhost', 'root', '', 'muhasin', 3306, '', 0)
#1 C:\xampp\htdocs\muhasin\system\Database\BaseConnection.php(382): CodeIgniter\Database\MySQLi\Connection->connect(false)
#2 C:\xampp\htdocs\muhasin\system\Database\BaseConnection.php(561): CodeIgniter\Database\BaseConnection->initialize()
#3 C:\xampp\htdocs\muhasin\system\Database\BaseBuilder.php(1585): CodeIgniter\Database\BaseConnection->query('SELECT *\nFROM `...', Array, false)
#4 C:\xampp\htdocs\muhasin\app\Models\ModelLogin.php(19): CodeIgniter\Database\BaseBuilder->get()
#5 C:\xampp\htdocs\muhasin\app\Controllers\Login.php(32): App\Models\ModelLogin->getDataId('user', Array)
#6 C:\xampp\htdocs\muhasin\system\CodeIgniter.php(927): App\Controllers\Login->prosesLogin()
#7 C:\xampp\htdocs\muhasin\system\CodeIgniter.php(482): CodeIgniter\CodeIgniter->runController(Object(App\Controllers\Login))
#8 C:\xampp\htdocs\muhasin\system\CodeIgniter.php(351): CodeIgniter\CodeIgniter->handleRequest(NULL, Object(Config\Cache), false)
#9 C:\xampp\htdocs\muhasin\public\index.php(67): CodeIgniter\CodeIgniter->run()
#10 C:\xampp\htdocs\muhasin\system\Commands\Server\rewrite.php(46): require_once('C:\\xampp\\htdocs...')
#11 {main}

Next CodeIgniter\Database\Exceptions\DatabaseException: No connection could be made because the target machine actively refused it.
 in C:\xampp\htdocs\muhasin\system\Database\MySQLi\Connection.php:215
Stack trace:
#0 C:\xampp\htdocs\muhasin\system\Database\BaseConnection.php(382): CodeIgniter\Database\MySQLi\Connection->connect(false)
#1 C:\xampp\htdocs\muhasin\system\Database\BaseConnection.php(561): CodeIgniter\Database\BaseConnection->initialize()
#2 C:\xampp\htdocs\muhasin\system\Database\BaseBuilder.php(1585): CodeIgniter\Database\BaseConnection->query('SELECT *\nFROM `...', Array, false)
#3 C:\xampp\htdocs\muhasin\app\Models\ModelLogin.php(19): CodeIgniter\Database\BaseBuilder->get()
#4 C:\xampp\htdocs\muhasin\app\Controllers\Login.php(32): App\Models\ModelLogin->getDataId('user', Array)
#5 C:\xampp\htdocs\muhasin\system\CodeIgniter.php(927): App\Controllers\Login->prosesLogin()
#6 C:\xampp\htdocs\muhasin\system\CodeIgniter.php(482): CodeIgniter\CodeIgniter->runController(Object(App\Controllers\Login))
#7 C:\xampp\htdocs\muhasin\system\CodeIgniter.php(351): CodeIgniter\CodeIgniter->handleRequest(NULL, Object(Config\Cache), false)
#8 C:\xampp\htdocs\muhasin\public\index.php(67): CodeIgniter\CodeIgniter->run()
#9 C:\xampp\htdocs\muhasin\system\Commands\Server\rewrite.php(46): require_once('C:\\xampp\\htdocs...')
#10 {main}
CRITICAL - 2023-01-01 19:57:20 --> Unable to connect to the database.
Main connection [MySQLi]: No connection could be made because the target machine actively refused it.

in SYSTEMPATH\Database\BaseConnection.php on line 418.
 1 SYSTEMPATH\Database\BaseConnection.php(561): CodeIgniter\Database\BaseConnection->initialize()
 2 SYSTEMPATH\Database\BaseBuilder.php(1585): CodeIgniter\Database\BaseConnection->query('SELECT *
FROM `user`
WHERE `username` = :username:', [...], false)
 3 APPPATH\Models\ModelLogin.php(19): CodeIgniter\Database\BaseBuilder->get()
 4 APPPATH\Controllers\Login.php(32): App\Models\ModelLogin->getDataId('user', [...])
 5 SYSTEMPATH\CodeIgniter.php(927): App\Controllers\Login->prosesLogin()
 6 SYSTEMPATH\CodeIgniter.php(482): CodeIgniter\CodeIgniter->runController(Object(App\Controllers\Login))
 7 SYSTEMPATH\CodeIgniter.php(351): CodeIgniter\CodeIgniter->handleRequest(null, Object(Config\Cache), false)
 8 FCPATH\index.php(67): CodeIgniter\CodeIgniter->run()
 9 SYSTEMPATH\Commands\Server\rewrite.php(46): require_once('FCPATH\\index.php')
CRITICAL - 2023-01-01 20:17:49 --> Undefined property: stdClass::$nm_kepsek
in APPPATH\Views\admin\V_EditSekolah.php on line 47.
 1 APPPATH\Views\admin\V_EditSekolah.php(47): CodeIgniter\Debug\Exceptions->errorHandler(8, 'Undefined property: stdClass::$nm_kepsek', 'APPPATH\\Views\\admin\\V_EditSekolah.php', 47, [...])
 2 SYSTEMPATH\View\View.php(213): include('APPPATH\\Views\\admin\\V_EditSekolah.php')
 3 SYSTEMPATH\View\View.php(216): CodeIgniter\View\View->CodeIgniter\View\{closure}()
 4 SYSTEMPATH\Common.php(1134): CodeIgniter\View\View->render('admin/V_EditSekolah', [], true)
 5 APPPATH\Controllers\Sekolah.php(121): view('admin/V_EditSekolah', [...])
 6 SYSTEMPATH\CodeIgniter.php(927): App\Controllers\Sekolah->editsekolah('1')
 7 SYSTEMPATH\CodeIgniter.php(482): CodeIgniter\CodeIgniter->runController(Object(App\Controllers\Sekolah))
 8 SYSTEMPATH\CodeIgniter.php(351): CodeIgniter\CodeIgniter->handleRequest(null, Object(Config\Cache), false)
 9 FCPATH\index.php(67): CodeIgniter\CodeIgniter->run()
10 SYSTEMPATH\Commands\Server\rewrite.php(46): require_once('FCPATH\\index.php')
CRITICAL - 2023-01-01 20:19:09 --> Undefined property: stdClass::$nama_operator
in APPPATH\Views\admin\V_EditSekolah.php on line 51.
 1 APPPATH\Views\admin\V_EditSekolah.php(51): CodeIgniter\Debug\Exceptions->errorHandler(8, 'Undefined property: stdClass::$nama_operator', 'APPPATH\\Views\\admin\\V_EditSekolah.php', 51, [...])
 2 SYSTEMPATH\View\View.php(213): include('APPPATH\\Views\\admin\\V_EditSekolah.php')
 3 SYSTEMPATH\View\View.php(216): CodeIgniter\View\View->CodeIgniter\View\{closure}()
 4 SYSTEMPATH\Common.php(1134): CodeIgniter\View\View->render('admin/V_EditSekolah', [], true)
 5 APPPATH\Controllers\Sekolah.php(121): view('admin/V_EditSekolah', [...])
 6 SYSTEMPATH\CodeIgniter.php(927): App\Controllers\Sekolah->editsekolah('1')
 7 SYSTEMPATH\CodeIgniter.php(482): CodeIgniter\CodeIgniter->runController(Object(App\Controllers\Sekolah))
 8 SYSTEMPATH\CodeIgniter.php(351): CodeIgniter\CodeIgniter->handleRequest(null, Object(Config\Cache), false)
 9 FCPATH\index.php(67): CodeIgniter\CodeIgniter->run()
10 SYSTEMPATH\Commands\Server\rewrite.php(46): require_once('FCPATH\\index.php')
CRITICAL - 2023-01-01 22:48:46 --> Undefined variable: data
in APPPATH\Controllers\Sekolah.php on line 171.
 1 APPPATH\Controllers\Sekolah.php(171): CodeIgniter\Debug\Exceptions->errorHandler(8, 'Undefined variable: data', 'APPPATH\\Controllers\\Sekolah.php', 171, [...])
 2 SYSTEMPATH\CodeIgniter.php(927): App\Controllers\Sekolah->hapussekolah('1')
 3 SYSTEMPATH\CodeIgniter.php(482): CodeIgniter\CodeIgniter->runController(Object(App\Controllers\Sekolah))
 4 SYSTEMPATH\CodeIgniter.php(351): CodeIgniter\CodeIgniter->handleRequest(null, Object(Config\Cache), false)
 5 FCPATH\index.php(67): CodeIgniter\CodeIgniter->run()
 6 SYSTEMPATH\Commands\Server\rewrite.php(46): require_once('FCPATH\\index.php')
CRITICAL - 2023-01-01 22:49:20 --> Too few arguments to function App\Models\ModelSekolah::savehapussekolah(), 1 passed in C:\xampp\htdocs\muhasin\app\Controllers\Sekolah.php on line 171 and exactly 2 expected
in APPPATH\Models\ModelSekolah.php on line 43.
 1 APPPATH\Controllers\Sekolah.php(171): App\Models\ModelSekolah->savehapussekolah('1')
 2 SYSTEMPATH\CodeIgniter.php(927): App\Controllers\Sekolah->hapussekolah('1')
 3 SYSTEMPATH\CodeIgniter.php(482): CodeIgniter\CodeIgniter->runController(Object(App\Controllers\Sekolah))
 4 SYSTEMPATH\CodeIgniter.php(351): CodeIgniter\CodeIgniter->handleRequest(null, Object(Config\Cache), false)
 5 FCPATH\index.php(67): CodeIgniter\CodeIgniter->run()
 6 SYSTEMPATH\Commands\Server\rewrite.php(46): require_once('FCPATH\\index.php')
CRITICAL - 2023-01-01 22:49:40 --> Undefined variable: data
in APPPATH\Models\ModelSekolah.php on line 46.
 1 APPPATH\Models\ModelSekolah.php(46): CodeIgniter\Debug\Exceptions->errorHandler(8, 'Undefined variable: data', 'APPPATH\\Models\\ModelSekolah.php', 46, [...])
 2 APPPATH\Controllers\Sekolah.php(171): App\Models\ModelSekolah->savehapussekolah('1')
 3 SYSTEMPATH\CodeIgniter.php(927): App\Controllers\Sekolah->hapussekolah('1')
 4 SYSTEMPATH\CodeIgniter.php(482): CodeIgniter\CodeIgniter->runController(Object(App\Controllers\Sekolah))
 5 SYSTEMPATH\CodeIgniter.php(351): CodeIgniter\CodeIgniter->handleRequest(null, Object(Config\Cache), false)
 6 FCPATH\index.php(67): CodeIgniter\CodeIgniter->run()
 7 SYSTEMPATH\Commands\Server\rewrite.php(46): require_once('FCPATH\\index.php')
