CRITICAL - 2022-12-31 01:52:36 --> Undefined index: sesnama
in APPPATH\Views\layout\header.php on line 85.
 1 APPPATH\Views\layout\header.php(85): CodeIgniter\Debug\Exceptions->errorHandler(8, 'Undefined index: sesnama', 'APPPATH\\Views\\layout\\header.php', 85, [...])
 2 SYSTEMPATH\View\View.php(213): include('APPPATH\\Views\\layout\\header.php')
 3 SYSTEMPATH\View\View.php(216): CodeIgniter\View\View->CodeIgniter\View\{closure}()
 4 SYSTEMPATH\Common.php(1134): CodeIgniter\View\View->render('layout/header', [], true)
 5 APPPATH\Views\admin\V_SekolahKemenag.php(1): view('layout/header')
 6 SYSTEMPATH\View\View.php(213): include('APPPATH\\Views\\admin\\V_SekolahKemenag.php')
 7 SYSTEMPATH\View\View.php(216): CodeIgniter\View\View->CodeIgniter\View\{closure}()
 8 SYSTEMPATH\Common.php(1134): CodeIgniter\View\View->render('admin/V_SekolahKemenag', [], true)
 9 APPPATH\Controllers\Sekolah.php(133): view('admin/V_SekolahKemenag', [...])
10 SYSTEMPATH\CodeIgniter.php(927): App\Controllers\Sekolah->sekolahKemenag()
11 SYSTEMPATH\CodeIgniter.php(482): CodeIgniter\CodeIgniter->runController(Object(App\Controllers\Sekolah))
12 SYSTEMPATH\CodeIgniter.php(351): CodeIgniter\CodeIgniter->handleRequest(null, Object(Config\Cache), false)
13 FCPATH\index.php(67): CodeIgniter\CodeIgniter->run()
14 SYSTEMPATH\Commands\Server\rewrite.php(46): require_once('FCPATH\\index.php')
CRITICAL - 2022-12-31 01:52:46 --> Undefined index: sesnama
in APPPATH\Views\layout\header.php on line 85.
 1 APPPATH\Views\layout\header.php(85): CodeIgniter\Debug\Exceptions->errorHandler(8, 'Undefined index: sesnama', 'APPPATH\\Views\\layout\\header.php', 85, [...])
 2 SYSTEMPATH\View\View.php(213): include('APPPATH\\Views\\layout\\header.php')
 3 SYSTEMPATH\View\View.php(216): CodeIgniter\View\View->CodeIgniter\View\{closure}()
 4 SYSTEMPATH\Common.php(1134): CodeIgniter\View\View->render('layout/header', [], true)
 5 APPPATH\Views\admin\V_SekolahKemenag.php(1): view('layout/header')
 6 SYSTEMPATH\View\View.php(213): include('APPPATH\\Views\\admin\\V_SekolahKemenag.php')
 7 SYSTEMPATH\View\View.php(216): CodeIgniter\View\View->CodeIgniter\View\{closure}()
 8 SYSTEMPATH\Common.php(1134): CodeIgniter\View\View->render('admin/V_SekolahKemenag', [], true)
 9 APPPATH\Controllers\Sekolah.php(133): view('admin/V_SekolahKemenag', [...])
10 SYSTEMPATH\CodeIgniter.php(927): App\Controllers\Sekolah->sekolahKemenag()
11 SYSTEMPATH\CodeIgniter.php(482): CodeIgniter\CodeIgniter->runController(Object(App\Controllers\Sekolah))
12 SYSTEMPATH\CodeIgniter.php(351): CodeIgniter\CodeIgniter->handleRequest(null, Object(Config\Cache), false)
13 FCPATH\index.php(67): CodeIgniter\CodeIgniter->run()
14 SYSTEMPATH\Commands\Server\rewrite.php(46): require_once('FCPATH\\index.php')
CRITICAL - 2022-12-31 01:52:48 --> Undefined index: sesnama
in APPPATH\Views\layout\header.php on line 85.
 1 APPPATH\Views\layout\header.php(85): CodeIgniter\Debug\Exceptions->errorHandler(8, 'Undefined index: sesnama', 'APPPATH\\Views\\layout\\header.php', 85, [...])
 2 SYSTEMPATH\View\View.php(213): include('APPPATH\\Views\\layout\\header.php')
 3 SYSTEMPATH\View\View.php(216): CodeIgniter\View\View->CodeIgniter\View\{closure}()
 4 SYSTEMPATH\Common.php(1134): CodeIgniter\View\View->render('layout/header', [], true)
 5 APPPATH\Views\admin\V_Sekolah.php(1): view('layout/header')
 6 SYSTEMPATH\View\View.php(213): include('APPPATH\\Views\\admin\\V_Sekolah.php')
 7 SYSTEMPATH\View\View.php(216): CodeIgniter\View\View->CodeIgniter\View\{closure}()
 8 SYSTEMPATH\Common.php(1134): CodeIgniter\View\View->render('admin/V_Sekolah', [], true)
 9 APPPATH\Controllers\Sekolah.php(30): view('admin/V_Sekolah', [...])
10 SYSTEMPATH\CodeIgniter.php(927): App\Controllers\Sekolah->index()
11 SYSTEMPATH\CodeIgniter.php(482): CodeIgniter\CodeIgniter->runController(Object(App\Controllers\Sekolah))
12 SYSTEMPATH\CodeIgniter.php(351): CodeIgniter\CodeIgniter->handleRequest(null, Object(Config\Cache), false)
13 FCPATH\index.php(67): CodeIgniter\CodeIgniter->run()
14 SYSTEMPATH\Commands\Server\rewrite.php(46): require_once('FCPATH\\index.php')
CRITICAL - 2022-12-31 09:31:34 --> Undefined index: sesnama
in APPPATH\Views\layout\header.php on line 85.
 1 APPPATH\Views\layout\header.php(85): CodeIgniter\Debug\Exceptions->errorHandler(8, 'Undefined index: sesnama', 'APPPATH\\Views\\layout\\header.php', 85, [...])
 2 SYSTEMPATH\View\View.php(213): include('APPPATH\\Views\\layout\\header.php')
 3 SYSTEMPATH\View\View.php(216): CodeIgniter\View\View->CodeIgniter\View\{closure}()
 4 SYSTEMPATH\Common.php(1134): CodeIgniter\View\View->render('layout/header', [], true)
 5 APPPATH\Views\admin\V_Kecamatan.php(1): view('layout/header')
 6 SYSTEMPATH\View\View.php(213): include('APPPATH\\Views\\admin\\V_Kecamatan.php')
 7 SYSTEMPATH\View\View.php(216): CodeIgniter\View\View->CodeIgniter\View\{closure}()
 8 SYSTEMPATH\Common.php(1134): CodeIgniter\View\View->render('admin/V_Kecamatan', [], true)
 9 APPPATH\Controllers\Kecamatan.php(27): view('admin/V_Kecamatan', [...])
10 SYSTEMPATH\CodeIgniter.php(927): App\Controllers\Kecamatan->index()
11 SYSTEMPATH\CodeIgniter.php(482): CodeIgniter\CodeIgniter->runController(Object(App\Controllers\Kecamatan))
12 SYSTEMPATH\CodeIgniter.php(351): CodeIgniter\CodeIgniter->handleRequest(null, Object(Config\Cache), false)
13 FCPATH\index.php(67): CodeIgniter\CodeIgniter->run()
14 SYSTEMPATH\Commands\Server\rewrite.php(46): require_once('FCPATH\\index.php')
CRITICAL - 2022-12-31 09:31:36 --> Undefined index: sesnama
in APPPATH\Views\layout\header.php on line 85.
 1 APPPATH\Views\layout\header.php(85): CodeIgniter\Debug\Exceptions->errorHandler(8, 'Undefined index: sesnama', 'APPPATH\\Views\\layout\\header.php', 85, [...])
 2 SYSTEMPATH\View\View.php(213): include('APPPATH\\Views\\layout\\header.php')
 3 SYSTEMPATH\View\View.php(216): CodeIgniter\View\View->CodeIgniter\View\{closure}()
 4 SYSTEMPATH\Common.php(1134): CodeIgniter\View\View->render('layout/header', [], true)
 5 APPPATH\Views\admin\V_Kecamatan.php(1): view('layout/header')
 6 SYSTEMPATH\View\View.php(213): include('APPPATH\\Views\\admin\\V_Kecamatan.php')
 7 SYSTEMPATH\View\View.php(216): CodeIgniter\View\View->CodeIgniter\View\{closure}()
 8 SYSTEMPATH\Common.php(1134): CodeIgniter\View\View->render('admin/V_Kecamatan', [], true)
 9 APPPATH\Controllers\Kecamatan.php(27): view('admin/V_Kecamatan', [...])
10 SYSTEMPATH\CodeIgniter.php(927): App\Controllers\Kecamatan->index()
11 SYSTEMPATH\CodeIgniter.php(482): CodeIgniter\CodeIgniter->runController(Object(App\Controllers\Kecamatan))
12 SYSTEMPATH\CodeIgniter.php(351): CodeIgniter\CodeIgniter->handleRequest(null, Object(Config\Cache), false)
13 FCPATH\index.php(67): CodeIgniter\CodeIgniter->run()
14 SYSTEMPATH\Commands\Server\rewrite.php(46): require_once('FCPATH\\index.php')
CRITICAL - 2022-12-31 13:07:30 --> Undefined index: sesnama
in APPPATH\Views\layout\header.php on line 85.
 1 APPPATH\Views\layout\header.php(85): CodeIgniter\Debug\Exceptions->errorHandler(8, 'Undefined index: sesnama', 'APPPATH\\Views\\layout\\header.php', 85, [...])
 2 SYSTEMPATH\View\View.php(213): include('APPPATH\\Views\\layout\\header.php')
 3 SYSTEMPATH\View\View.php(216): CodeIgniter\View\View->CodeIgniter\View\{closure}()
 4 SYSTEMPATH\Common.php(1134): CodeIgniter\View\View->render('layout/header', [], true)
 5 APPPATH\Views\admin\V_KecamatanSekolah.php(1): view('layout/header')
 6 SYSTEMPATH\View\View.php(213): include('APPPATH\\Views\\admin\\V_KecamatanSekolah.php')
 7 SYSTEMPATH\View\View.php(216): CodeIgniter\View\View->CodeIgniter\View\{closure}()
 8 SYSTEMPATH\Common.php(1134): CodeIgniter\View\View->render('admin/V_kecamatanSekolah', [], true)
 9 APPPATH\Controllers\Kecamatan.php(39): view('admin/V_kecamatanSekolah', [...])
10 SYSTEMPATH\CodeIgniter.php(927): App\Controllers\Kecamatan->detail('1')
11 SYSTEMPATH\CodeIgniter.php(482): CodeIgniter\CodeIgniter->runController(Object(App\Controllers\Kecamatan))
12 SYSTEMPATH\CodeIgniter.php(351): CodeIgniter\CodeIgniter->handleRequest(null, Object(Config\Cache), false)
13 FCPATH\index.php(67): CodeIgniter\CodeIgniter->run()
14 SYSTEMPATH\Commands\Server\rewrite.php(46): require_once('FCPATH\\index.php')
CRITICAL - 2022-12-31 13:09:21 --> Undefined index: sesnama
in APPPATH\Views\layout\header.php on line 85.
 1 APPPATH\Views\layout\header.php(85): CodeIgniter\Debug\Exceptions->errorHandler(8, 'Undefined index: sesnama', 'APPPATH\\Views\\layout\\header.php', 85, [...])
 2 SYSTEMPATH\View\View.php(213): include('APPPATH\\Views\\layout\\header.php')
 3 SYSTEMPATH\View\View.php(216): CodeIgniter\View\View->CodeIgniter\View\{closure}()
 4 SYSTEMPATH\Common.php(1134): CodeIgniter\View\View->render('layout/header', [], true)
 5 APPPATH\Views\admin\V_KecamatanSekolah.php(1): view('layout/header')
 6 SYSTEMPATH\View\View.php(213): include('APPPATH\\Views\\admin\\V_KecamatanSekolah.php')
 7 SYSTEMPATH\View\View.php(216): CodeIgniter\View\View->CodeIgniter\View\{closure}()
 8 SYSTEMPATH\Common.php(1134): CodeIgniter\View\View->render('admin/V_kecamatanSekolah', [], true)
 9 APPPATH\Controllers\Kecamatan.php(39): view('admin/V_kecamatanSekolah', [...])
10 SYSTEMPATH\CodeIgniter.php(927): App\Controllers\Kecamatan->detail('1')
11 SYSTEMPATH\CodeIgniter.php(482): CodeIgniter\CodeIgniter->runController(Object(App\Controllers\Kecamatan))
12 SYSTEMPATH\CodeIgniter.php(351): CodeIgniter\CodeIgniter->handleRequest(null, Object(Config\Cache), false)
13 FCPATH\index.php(67): CodeIgniter\CodeIgniter->run()
14 SYSTEMPATH\Commands\Server\rewrite.php(46): require_once('FCPATH\\index.php')
CRITICAL - 2022-12-31 13:10:16 --> syntax error, unexpected 'echo' (T_ECHO)
in APPPATH\Views\layout\header.php on line 85.
 1 SYSTEMPATH\View\View.php(216): CodeIgniter\View\View->CodeIgniter\View\{closure}()
 2 SYSTEMPATH\Common.php(1134): CodeIgniter\View\View->render('layout/header', [], true)
 3 APPPATH\Views\admin\V_KecamatanSekolah.php(1): view('layout/header')
 4 SYSTEMPATH\View\View.php(213): include('APPPATH\\Views\\admin\\V_KecamatanSekolah.php')
 5 SYSTEMPATH\View\View.php(216): CodeIgniter\View\View->CodeIgniter\View\{closure}()
 6 SYSTEMPATH\Common.php(1134): CodeIgniter\View\View->render('admin/V_kecamatanSekolah', [], true)
 7 APPPATH\Controllers\Kecamatan.php(39): view('admin/V_kecamatanSekolah', [...])
 8 SYSTEMPATH\CodeIgniter.php(927): App\Controllers\Kecamatan->detail('1')
 9 SYSTEMPATH\CodeIgniter.php(482): CodeIgniter\CodeIgniter->runController(Object(App\Controllers\Kecamatan))
10 SYSTEMPATH\CodeIgniter.php(351): CodeIgniter\CodeIgniter->handleRequest(null, Object(Config\Cache), false)
11 FCPATH\index.php(67): CodeIgniter\CodeIgniter->run()
12 SYSTEMPATH\Commands\Server\rewrite.php(46): require_once('FCPATH\\index.php')
CRITICAL - 2022-12-31 13:10:20 --> Undefined index: sesnama
in APPPATH\Views\layout\header.php on line 85.
 1 APPPATH\Views\layout\header.php(85): CodeIgniter\Debug\Exceptions->errorHandler(8, 'Undefined index: sesnama', 'APPPATH\\Views\\layout\\header.php', 85, [...])
 2 SYSTEMPATH\View\View.php(213): include('APPPATH\\Views\\layout\\header.php')
 3 SYSTEMPATH\View\View.php(216): CodeIgniter\View\View->CodeIgniter\View\{closure}()
 4 SYSTEMPATH\Common.php(1134): CodeIgniter\View\View->render('layout/header', [], true)
 5 APPPATH\Views\admin\V_KecamatanSekolah.php(1): view('layout/header')
 6 SYSTEMPATH\View\View.php(213): include('APPPATH\\Views\\admin\\V_KecamatanSekolah.php')
 7 SYSTEMPATH\View\View.php(216): CodeIgniter\View\View->CodeIgniter\View\{closure}()
 8 SYSTEMPATH\Common.php(1134): CodeIgniter\View\View->render('admin/V_kecamatanSekolah', [], true)
 9 APPPATH\Controllers\Kecamatan.php(39): view('admin/V_kecamatanSekolah', [...])
10 SYSTEMPATH\CodeIgniter.php(927): App\Controllers\Kecamatan->detail('1')
11 SYSTEMPATH\CodeIgniter.php(482): CodeIgniter\CodeIgniter->runController(Object(App\Controllers\Kecamatan))
12 SYSTEMPATH\CodeIgniter.php(351): CodeIgniter\CodeIgniter->handleRequest(null, Object(Config\Cache), false)
13 FCPATH\index.php(67): CodeIgniter\CodeIgniter->run()
14 SYSTEMPATH\Commands\Server\rewrite.php(46): require_once('FCPATH\\index.php')
CRITICAL - 2022-12-31 13:10:21 --> Undefined index: sesnama
in APPPATH\Views\layout\header.php on line 85.
 1 APPPATH\Views\layout\header.php(85): CodeIgniter\Debug\Exceptions->errorHandler(8, 'Undefined index: sesnama', 'APPPATH\\Views\\layout\\header.php', 85, [...])
 2 SYSTEMPATH\View\View.php(213): include('APPPATH\\Views\\layout\\header.php')
 3 SYSTEMPATH\View\View.php(216): CodeIgniter\View\View->CodeIgniter\View\{closure}()
 4 SYSTEMPATH\Common.php(1134): CodeIgniter\View\View->render('layout/header', [], true)
 5 APPPATH\Views\admin\V_KecamatanSekolah.php(1): view('layout/header')
 6 SYSTEMPATH\View\View.php(213): include('APPPATH\\Views\\admin\\V_KecamatanSekolah.php')
 7 SYSTEMPATH\View\View.php(216): CodeIgniter\View\View->CodeIgniter\View\{closure}()
 8 SYSTEMPATH\Common.php(1134): CodeIgniter\View\View->render('admin/V_kecamatanSekolah', [], true)
 9 APPPATH\Controllers\Kecamatan.php(39): view('admin/V_kecamatanSekolah', [...])
10 SYSTEMPATH\CodeIgniter.php(927): App\Controllers\Kecamatan->detail('1')
11 SYSTEMPATH\CodeIgniter.php(482): CodeIgniter\CodeIgniter->runController(Object(App\Controllers\Kecamatan))
12 SYSTEMPATH\CodeIgniter.php(351): CodeIgniter\CodeIgniter->handleRequest(null, Object(Config\Cache), false)
13 FCPATH\index.php(67): CodeIgniter\CodeIgniter->run()
14 SYSTEMPATH\Commands\Server\rewrite.php(46): require_once('FCPATH\\index.php')
CRITICAL - 2022-12-31 13:10:21 --> Undefined index: sesnama
in APPPATH\Views\layout\header.php on line 85.
 1 APPPATH\Views\layout\header.php(85): CodeIgniter\Debug\Exceptions->errorHandler(8, 'Undefined index: sesnama', 'APPPATH\\Views\\layout\\header.php', 85, [...])
 2 SYSTEMPATH\View\View.php(213): include('APPPATH\\Views\\layout\\header.php')
 3 SYSTEMPATH\View\View.php(216): CodeIgniter\View\View->CodeIgniter\View\{closure}()
 4 SYSTEMPATH\Common.php(1134): CodeIgniter\View\View->render('layout/header', [], true)
 5 APPPATH\Views\admin\V_KecamatanSekolah.php(1): view('layout/header')
 6 SYSTEMPATH\View\View.php(213): include('APPPATH\\Views\\admin\\V_KecamatanSekolah.php')
 7 SYSTEMPATH\View\View.php(216): CodeIgniter\View\View->CodeIgniter\View\{closure}()
 8 SYSTEMPATH\Common.php(1134): CodeIgniter\View\View->render('admin/V_kecamatanSekolah', [], true)
 9 APPPATH\Controllers\Kecamatan.php(39): view('admin/V_kecamatanSekolah', [...])
10 SYSTEMPATH\CodeIgniter.php(927): App\Controllers\Kecamatan->detail('1')
11 SYSTEMPATH\CodeIgniter.php(482): CodeIgniter\CodeIgniter->runController(Object(App\Controllers\Kecamatan))
12 SYSTEMPATH\CodeIgniter.php(351): CodeIgniter\CodeIgniter->handleRequest(null, Object(Config\Cache), false)
13 FCPATH\index.php(67): CodeIgniter\CodeIgniter->run()
14 SYSTEMPATH\Commands\Server\rewrite.php(46): require_once('FCPATH\\index.php')
CRITICAL - 2022-12-31 13:10:21 --> Undefined index: sesnama
in APPPATH\Views\layout\header.php on line 85.
 1 APPPATH\Views\layout\header.php(85): CodeIgniter\Debug\Exceptions->errorHandler(8, 'Undefined index: sesnama', 'APPPATH\\Views\\layout\\header.php', 85, [...])
 2 SYSTEMPATH\View\View.php(213): include('APPPATH\\Views\\layout\\header.php')
 3 SYSTEMPATH\View\View.php(216): CodeIgniter\View\View->CodeIgniter\View\{closure}()
 4 SYSTEMPATH\Common.php(1134): CodeIgniter\View\View->render('layout/header', [], true)
 5 APPPATH\Views\admin\V_KecamatanSekolah.php(1): view('layout/header')
 6 SYSTEMPATH\View\View.php(213): include('APPPATH\\Views\\admin\\V_KecamatanSekolah.php')
 7 SYSTEMPATH\View\View.php(216): CodeIgniter\View\View->CodeIgniter\View\{closure}()
 8 SYSTEMPATH\Common.php(1134): CodeIgniter\View\View->render('admin/V_kecamatanSekolah', [], true)
 9 APPPATH\Controllers\Kecamatan.php(39): view('admin/V_kecamatanSekolah', [...])
10 SYSTEMPATH\CodeIgniter.php(927): App\Controllers\Kecamatan->detail('1')
11 SYSTEMPATH\CodeIgniter.php(482): CodeIgniter\CodeIgniter->runController(Object(App\Controllers\Kecamatan))
12 SYSTEMPATH\CodeIgniter.php(351): CodeIgniter\CodeIgniter->handleRequest(null, Object(Config\Cache), false)
13 FCPATH\index.php(67): CodeIgniter\CodeIgniter->run()
14 SYSTEMPATH\Commands\Server\rewrite.php(46): require_once('FCPATH\\index.php')
CRITICAL - 2022-12-31 13:10:21 --> Undefined index: sesnama
in APPPATH\Views\layout\header.php on line 85.
 1 APPPATH\Views\layout\header.php(85): CodeIgniter\Debug\Exceptions->errorHandler(8, 'Undefined index: sesnama', 'APPPATH\\Views\\layout\\header.php', 85, [...])
 2 SYSTEMPATH\View\View.php(213): include('APPPATH\\Views\\layout\\header.php')
 3 SYSTEMPATH\View\View.php(216): CodeIgniter\View\View->CodeIgniter\View\{closure}()
 4 SYSTEMPATH\Common.php(1134): CodeIgniter\View\View->render('layout/header', [], true)
 5 APPPATH\Views\admin\V_KecamatanSekolah.php(1): view('layout/header')
 6 SYSTEMPATH\View\View.php(213): include('APPPATH\\Views\\admin\\V_KecamatanSekolah.php')
 7 SYSTEMPATH\View\View.php(216): CodeIgniter\View\View->CodeIgniter\View\{closure}()
 8 SYSTEMPATH\Common.php(1134): CodeIgniter\View\View->render('admin/V_kecamatanSekolah', [], true)
 9 APPPATH\Controllers\Kecamatan.php(39): view('admin/V_kecamatanSekolah', [...])
10 SYSTEMPATH\CodeIgniter.php(927): App\Controllers\Kecamatan->detail('1')
11 SYSTEMPATH\CodeIgniter.php(482): CodeIgniter\CodeIgniter->runController(Object(App\Controllers\Kecamatan))
12 SYSTEMPATH\CodeIgniter.php(351): CodeIgniter\CodeIgniter->handleRequest(null, Object(Config\Cache), false)
13 FCPATH\index.php(67): CodeIgniter\CodeIgniter->run()
14 SYSTEMPATH\Commands\Server\rewrite.php(46): require_once('FCPATH\\index.php')
CRITICAL - 2022-12-31 13:10:22 --> Undefined index: sesnama
in APPPATH\Views\layout\header.php on line 85.
 1 APPPATH\Views\layout\header.php(85): CodeIgniter\Debug\Exceptions->errorHandler(8, 'Undefined index: sesnama', 'APPPATH\\Views\\layout\\header.php', 85, [...])
 2 SYSTEMPATH\View\View.php(213): include('APPPATH\\Views\\layout\\header.php')
 3 SYSTEMPATH\View\View.php(216): CodeIgniter\View\View->CodeIgniter\View\{closure}()
 4 SYSTEMPATH\Common.php(1134): CodeIgniter\View\View->render('layout/header', [], true)
 5 APPPATH\Views\admin\V_KecamatanSekolah.php(1): view('layout/header')
 6 SYSTEMPATH\View\View.php(213): include('APPPATH\\Views\\admin\\V_KecamatanSekolah.php')
 7 SYSTEMPATH\View\View.php(216): CodeIgniter\View\View->CodeIgniter\View\{closure}()
 8 SYSTEMPATH\Common.php(1134): CodeIgniter\View\View->render('admin/V_kecamatanSekolah', [], true)
 9 APPPATH\Controllers\Kecamatan.php(39): view('admin/V_kecamatanSekolah', [...])
10 SYSTEMPATH\CodeIgniter.php(927): App\Controllers\Kecamatan->detail('1')
11 SYSTEMPATH\CodeIgniter.php(482): CodeIgniter\CodeIgniter->runController(Object(App\Controllers\Kecamatan))
12 SYSTEMPATH\CodeIgniter.php(351): CodeIgniter\CodeIgniter->handleRequest(null, Object(Config\Cache), false)
13 FCPATH\index.php(67): CodeIgniter\CodeIgniter->run()
14 SYSTEMPATH\Commands\Server\rewrite.php(46): require_once('FCPATH\\index.php')
CRITICAL - 2022-12-31 13:10:22 --> Undefined index: sesnama
in APPPATH\Views\layout\header.php on line 85.
 1 APPPATH\Views\layout\header.php(85): CodeIgniter\Debug\Exceptions->errorHandler(8, 'Undefined index: sesnama', 'APPPATH\\Views\\layout\\header.php', 85, [...])
 2 SYSTEMPATH\View\View.php(213): include('APPPATH\\Views\\layout\\header.php')
 3 SYSTEMPATH\View\View.php(216): CodeIgniter\View\View->CodeIgniter\View\{closure}()
 4 SYSTEMPATH\Common.php(1134): CodeIgniter\View\View->render('layout/header', [], true)
 5 APPPATH\Views\admin\V_KecamatanSekolah.php(1): view('layout/header')
 6 SYSTEMPATH\View\View.php(213): include('APPPATH\\Views\\admin\\V_KecamatanSekolah.php')
 7 SYSTEMPATH\View\View.php(216): CodeIgniter\View\View->CodeIgniter\View\{closure}()
 8 SYSTEMPATH\Common.php(1134): CodeIgniter\View\View->render('admin/V_kecamatanSekolah', [], true)
 9 APPPATH\Controllers\Kecamatan.php(39): view('admin/V_kecamatanSekolah', [...])
10 SYSTEMPATH\CodeIgniter.php(927): App\Controllers\Kecamatan->detail('1')
11 SYSTEMPATH\CodeIgniter.php(482): CodeIgniter\CodeIgniter->runController(Object(App\Controllers\Kecamatan))
12 SYSTEMPATH\CodeIgniter.php(351): CodeIgniter\CodeIgniter->handleRequest(null, Object(Config\Cache), false)
13 FCPATH\index.php(67): CodeIgniter\CodeIgniter->run()
14 SYSTEMPATH\Commands\Server\rewrite.php(46): require_once('FCPATH\\index.php')
CRITICAL - 2022-12-31 13:10:28 --> Undefined index: sesnama
in APPPATH\Views\layout\header.php on line 85.
 1 APPPATH\Views\layout\header.php(85): CodeIgniter\Debug\Exceptions->errorHandler(8, 'Undefined index: sesnama', 'APPPATH\\Views\\layout\\header.php', 85, [...])
 2 SYSTEMPATH\View\View.php(213): include('APPPATH\\Views\\layout\\header.php')
 3 SYSTEMPATH\View\View.php(216): CodeIgniter\View\View->CodeIgniter\View\{closure}()
 4 SYSTEMPATH\Common.php(1134): CodeIgniter\View\View->render('layout/header', [], true)
 5 APPPATH\Views\admin\V_KecamatanSekolah.php(1): view('layout/header')
 6 SYSTEMPATH\View\View.php(213): include('APPPATH\\Views\\admin\\V_KecamatanSekolah.php')
 7 SYSTEMPATH\View\View.php(216): CodeIgniter\View\View->CodeIgniter\View\{closure}()
 8 SYSTEMPATH\Common.php(1134): CodeIgniter\View\View->render('admin/V_kecamatanSekolah', [], true)
 9 APPPATH\Controllers\Kecamatan.php(39): view('admin/V_kecamatanSekolah', [...])
10 SYSTEMPATH\CodeIgniter.php(927): App\Controllers\Kecamatan->detail('1')
11 SYSTEMPATH\CodeIgniter.php(482): CodeIgniter\CodeIgniter->runController(Object(App\Controllers\Kecamatan))
12 SYSTEMPATH\CodeIgniter.php(351): CodeIgniter\CodeIgniter->handleRequest(null, Object(Config\Cache), false)
13 FCPATH\index.php(67): CodeIgniter\CodeIgniter->run()
14 SYSTEMPATH\Commands\Server\rewrite.php(46): require_once('FCPATH\\index.php')
CRITICAL - 2022-12-31 13:10:34 --> Undefined index: sesnama
in APPPATH\Views\layout\header.php on line 85.
 1 APPPATH\Views\layout\header.php(85): CodeIgniter\Debug\Exceptions->errorHandler(8, 'Undefined index: sesnama', 'APPPATH\\Views\\layout\\header.php', 85, [...])
 2 SYSTEMPATH\View\View.php(213): include('APPPATH\\Views\\layout\\header.php')
 3 SYSTEMPATH\View\View.php(216): CodeIgniter\View\View->CodeIgniter\View\{closure}()
 4 SYSTEMPATH\Common.php(1134): CodeIgniter\View\View->render('layout/header', [], true)
 5 APPPATH\Views\admin\V_KecamatanSekolah.php(1): view('layout/header')
 6 SYSTEMPATH\View\View.php(213): include('APPPATH\\Views\\admin\\V_KecamatanSekolah.php')
 7 SYSTEMPATH\View\View.php(216): CodeIgniter\View\View->CodeIgniter\View\{closure}()
 8 SYSTEMPATH\Common.php(1134): CodeIgniter\View\View->render('admin/V_kecamatanSekolah', [], true)
 9 APPPATH\Controllers\Kecamatan.php(39): view('admin/V_kecamatanSekolah', [...])
10 SYSTEMPATH\CodeIgniter.php(927): App\Controllers\Kecamatan->detail('1')
11 SYSTEMPATH\CodeIgniter.php(482): CodeIgniter\CodeIgniter->runController(Object(App\Controllers\Kecamatan))
12 SYSTEMPATH\CodeIgniter.php(351): CodeIgniter\CodeIgniter->handleRequest(null, Object(Config\Cache), false)
13 FCPATH\index.php(67): CodeIgniter\CodeIgniter->run()
14 SYSTEMPATH\Commands\Server\rewrite.php(46): require_once('FCPATH\\index.php')
CRITICAL - 2022-12-31 13:10:34 --> Undefined index: sesnama
in APPPATH\Views\layout\header.php on line 85.
 1 APPPATH\Views\layout\header.php(85): CodeIgniter\Debug\Exceptions->errorHandler(8, 'Undefined index: sesnama', 'APPPATH\\Views\\layout\\header.php', 85, [...])
 2 SYSTEMPATH\View\View.php(213): include('APPPATH\\Views\\layout\\header.php')
 3 SYSTEMPATH\View\View.php(216): CodeIgniter\View\View->CodeIgniter\View\{closure}()
 4 SYSTEMPATH\Common.php(1134): CodeIgniter\View\View->render('layout/header', [], true)
 5 APPPATH\Views\admin\V_KecamatanSekolah.php(1): view('layout/header')
 6 SYSTEMPATH\View\View.php(213): include('APPPATH\\Views\\admin\\V_KecamatanSekolah.php')
 7 SYSTEMPATH\View\View.php(216): CodeIgniter\View\View->CodeIgniter\View\{closure}()
 8 SYSTEMPATH\Common.php(1134): CodeIgniter\View\View->render('admin/V_kecamatanSekolah', [], true)
 9 APPPATH\Controllers\Kecamatan.php(39): view('admin/V_kecamatanSekolah', [...])
10 SYSTEMPATH\CodeIgniter.php(927): App\Controllers\Kecamatan->detail('1')
11 SYSTEMPATH\CodeIgniter.php(482): CodeIgniter\CodeIgniter->runController(Object(App\Controllers\Kecamatan))
12 SYSTEMPATH\CodeIgniter.php(351): CodeIgniter\CodeIgniter->handleRequest(null, Object(Config\Cache), false)
13 FCPATH\index.php(67): CodeIgniter\CodeIgniter->run()
14 SYSTEMPATH\Commands\Server\rewrite.php(46): require_once('FCPATH\\index.php')
CRITICAL - 2022-12-31 13:10:34 --> Undefined index: sesnama
in APPPATH\Views\layout\header.php on line 85.
 1 APPPATH\Views\layout\header.php(85): CodeIgniter\Debug\Exceptions->errorHandler(8, 'Undefined index: sesnama', 'APPPATH\\Views\\layout\\header.php', 85, [...])
 2 SYSTEMPATH\View\View.php(213): include('APPPATH\\Views\\layout\\header.php')
 3 SYSTEMPATH\View\View.php(216): CodeIgniter\View\View->CodeIgniter\View\{closure}()
 4 SYSTEMPATH\Common.php(1134): CodeIgniter\View\View->render('layout/header', [], true)
 5 APPPATH\Views\admin\V_KecamatanSekolah.php(1): view('layout/header')
 6 SYSTEMPATH\View\View.php(213): include('APPPATH\\Views\\admin\\V_KecamatanSekolah.php')
 7 SYSTEMPATH\View\View.php(216): CodeIgniter\View\View->CodeIgniter\View\{closure}()
 8 SYSTEMPATH\Common.php(1134): CodeIgniter\View\View->render('admin/V_kecamatanSekolah', [], true)
 9 APPPATH\Controllers\Kecamatan.php(39): view('admin/V_kecamatanSekolah', [...])
10 SYSTEMPATH\CodeIgniter.php(927): App\Controllers\Kecamatan->detail('1')
11 SYSTEMPATH\CodeIgniter.php(482): CodeIgniter\CodeIgniter->runController(Object(App\Controllers\Kecamatan))
12 SYSTEMPATH\CodeIgniter.php(351): CodeIgniter\CodeIgniter->handleRequest(null, Object(Config\Cache), false)
13 FCPATH\index.php(67): CodeIgniter\CodeIgniter->run()
14 SYSTEMPATH\Commands\Server\rewrite.php(46): require_once('FCPATH\\index.php')
CRITICAL - 2022-12-31 13:10:34 --> Undefined index: sesnama
in APPPATH\Views\layout\header.php on line 85.
 1 APPPATH\Views\layout\header.php(85): CodeIgniter\Debug\Exceptions->errorHandler(8, 'Undefined index: sesnama', 'APPPATH\\Views\\layout\\header.php', 85, [...])
 2 SYSTEMPATH\View\View.php(213): include('APPPATH\\Views\\layout\\header.php')
 3 SYSTEMPATH\View\View.php(216): CodeIgniter\View\View->CodeIgniter\View\{closure}()
 4 SYSTEMPATH\Common.php(1134): CodeIgniter\View\View->render('layout/header', [], true)
 5 APPPATH\Views\admin\V_KecamatanSekolah.php(1): view('layout/header')
 6 SYSTEMPATH\View\View.php(213): include('APPPATH\\Views\\admin\\V_KecamatanSekolah.php')
 7 SYSTEMPATH\View\View.php(216): CodeIgniter\View\View->CodeIgniter\View\{closure}()
 8 SYSTEMPATH\Common.php(1134): CodeIgniter\View\View->render('admin/V_kecamatanSekolah', [], true)
 9 APPPATH\Controllers\Kecamatan.php(39): view('admin/V_kecamatanSekolah', [...])
10 SYSTEMPATH\CodeIgniter.php(927): App\Controllers\Kecamatan->detail('1')
11 SYSTEMPATH\CodeIgniter.php(482): CodeIgniter\CodeIgniter->runController(Object(App\Controllers\Kecamatan))
12 SYSTEMPATH\CodeIgniter.php(351): CodeIgniter\CodeIgniter->handleRequest(null, Object(Config\Cache), false)
13 FCPATH\index.php(67): CodeIgniter\CodeIgniter->run()
14 SYSTEMPATH\Commands\Server\rewrite.php(46): require_once('FCPATH\\index.php')
CRITICAL - 2022-12-31 13:10:35 --> Undefined index: sesnama
in APPPATH\Views\layout\header.php on line 85.
 1 APPPATH\Views\layout\header.php(85): CodeIgniter\Debug\Exceptions->errorHandler(8, 'Undefined index: sesnama', 'APPPATH\\Views\\layout\\header.php', 85, [...])
 2 SYSTEMPATH\View\View.php(213): include('APPPATH\\Views\\layout\\header.php')
 3 SYSTEMPATH\View\View.php(216): CodeIgniter\View\View->CodeIgniter\View\{closure}()
 4 SYSTEMPATH\Common.php(1134): CodeIgniter\View\View->render('layout/header', [], true)
 5 APPPATH\Views\admin\V_KecamatanSekolah.php(1): view('layout/header')
 6 SYSTEMPATH\View\View.php(213): include('APPPATH\\Views\\admin\\V_KecamatanSekolah.php')
 7 SYSTEMPATH\View\View.php(216): CodeIgniter\View\View->CodeIgniter\View\{closure}()
 8 SYSTEMPATH\Common.php(1134): CodeIgniter\View\View->render('admin/V_kecamatanSekolah', [], true)
 9 APPPATH\Controllers\Kecamatan.php(39): view('admin/V_kecamatanSekolah', [...])
10 SYSTEMPATH\CodeIgniter.php(927): App\Controllers\Kecamatan->detail('1')
11 SYSTEMPATH\CodeIgniter.php(482): CodeIgniter\CodeIgniter->runController(Object(App\Controllers\Kecamatan))
12 SYSTEMPATH\CodeIgniter.php(351): CodeIgniter\CodeIgniter->handleRequest(null, Object(Config\Cache), false)
13 FCPATH\index.php(67): CodeIgniter\CodeIgniter->run()
14 SYSTEMPATH\Commands\Server\rewrite.php(46): require_once('FCPATH\\index.php')
CRITICAL - 2022-12-31 13:10:35 --> Undefined index: sesnama
in APPPATH\Views\layout\header.php on line 85.
 1 APPPATH\Views\layout\header.php(85): CodeIgniter\Debug\Exceptions->errorHandler(8, 'Undefined index: sesnama', 'APPPATH\\Views\\layout\\header.php', 85, [...])
 2 SYSTEMPATH\View\View.php(213): include('APPPATH\\Views\\layout\\header.php')
 3 SYSTEMPATH\View\View.php(216): CodeIgniter\View\View->CodeIgniter\View\{closure}()
 4 SYSTEMPATH\Common.php(1134): CodeIgniter\View\View->render('layout/header', [], true)
 5 APPPATH\Views\admin\V_KecamatanSekolah.php(1): view('layout/header')
 6 SYSTEMPATH\View\View.php(213): include('APPPATH\\Views\\admin\\V_KecamatanSekolah.php')
 7 SYSTEMPATH\View\View.php(216): CodeIgniter\View\View->CodeIgniter\View\{closure}()
 8 SYSTEMPATH\Common.php(1134): CodeIgniter\View\View->render('admin/V_kecamatanSekolah', [], true)
 9 APPPATH\Controllers\Kecamatan.php(39): view('admin/V_kecamatanSekolah', [...])
10 SYSTEMPATH\CodeIgniter.php(927): App\Controllers\Kecamatan->detail('1')
11 SYSTEMPATH\CodeIgniter.php(482): CodeIgniter\CodeIgniter->runController(Object(App\Controllers\Kecamatan))
12 SYSTEMPATH\CodeIgniter.php(351): CodeIgniter\CodeIgniter->handleRequest(null, Object(Config\Cache), false)
13 FCPATH\index.php(67): CodeIgniter\CodeIgniter->run()
14 SYSTEMPATH\Commands\Server\rewrite.php(46): require_once('FCPATH\\index.php')
CRITICAL - 2022-12-31 13:10:35 --> Undefined index: sesnama
in APPPATH\Views\layout\header.php on line 85.
 1 APPPATH\Views\layout\header.php(85): CodeIgniter\Debug\Exceptions->errorHandler(8, 'Undefined index: sesnama', 'APPPATH\\Views\\layout\\header.php', 85, [...])
 2 SYSTEMPATH\View\View.php(213): include('APPPATH\\Views\\layout\\header.php')
 3 SYSTEMPATH\View\View.php(216): CodeIgniter\View\View->CodeIgniter\View\{closure}()
 4 SYSTEMPATH\Common.php(1134): CodeIgniter\View\View->render('layout/header', [], true)
 5 APPPATH\Views\admin\V_KecamatanSekolah.php(1): view('layout/header')
 6 SYSTEMPATH\View\View.php(213): include('APPPATH\\Views\\admin\\V_KecamatanSekolah.php')
 7 SYSTEMPATH\View\View.php(216): CodeIgniter\View\View->CodeIgniter\View\{closure}()
 8 SYSTEMPATH\Common.php(1134): CodeIgniter\View\View->render('admin/V_kecamatanSekolah', [], true)
 9 APPPATH\Controllers\Kecamatan.php(39): view('admin/V_kecamatanSekolah', [...])
10 SYSTEMPATH\CodeIgniter.php(927): App\Controllers\Kecamatan->detail('1')
11 SYSTEMPATH\CodeIgniter.php(482): CodeIgniter\CodeIgniter->runController(Object(App\Controllers\Kecamatan))
12 SYSTEMPATH\CodeIgniter.php(351): CodeIgniter\CodeIgniter->handleRequest(null, Object(Config\Cache), false)
13 FCPATH\index.php(67): CodeIgniter\CodeIgniter->run()
14 SYSTEMPATH\Commands\Server\rewrite.php(46): require_once('FCPATH\\index.php')
CRITICAL - 2022-12-31 13:10:35 --> Undefined index: sesnama
in APPPATH\Views\layout\header.php on line 85.
 1 APPPATH\Views\layout\header.php(85): CodeIgniter\Debug\Exceptions->errorHandler(8, 'Undefined index: sesnama', 'APPPATH\\Views\\layout\\header.php', 85, [...])
 2 SYSTEMPATH\View\View.php(213): include('APPPATH\\Views\\layout\\header.php')
 3 SYSTEMPATH\View\View.php(216): CodeIgniter\View\View->CodeIgniter\View\{closure}()
 4 SYSTEMPATH\Common.php(1134): CodeIgniter\View\View->render('layout/header', [], true)
 5 APPPATH\Views\admin\V_KecamatanSekolah.php(1): view('layout/header')
 6 SYSTEMPATH\View\View.php(213): include('APPPATH\\Views\\admin\\V_KecamatanSekolah.php')
 7 SYSTEMPATH\View\View.php(216): CodeIgniter\View\View->CodeIgniter\View\{closure}()
 8 SYSTEMPATH\Common.php(1134): CodeIgniter\View\View->render('admin/V_kecamatanSekolah', [], true)
 9 APPPATH\Controllers\Kecamatan.php(39): view('admin/V_kecamatanSekolah', [...])
10 SYSTEMPATH\CodeIgniter.php(927): App\Controllers\Kecamatan->detail('1')
11 SYSTEMPATH\CodeIgniter.php(482): CodeIgniter\CodeIgniter->runController(Object(App\Controllers\Kecamatan))
12 SYSTEMPATH\CodeIgniter.php(351): CodeIgniter\CodeIgniter->handleRequest(null, Object(Config\Cache), false)
13 FCPATH\index.php(67): CodeIgniter\CodeIgniter->run()
14 SYSTEMPATH\Commands\Server\rewrite.php(46): require_once('FCPATH\\index.php')
CRITICAL - 2022-12-31 13:10:42 --> Undefined index: sesnama
in APPPATH\Views\layout\header.php on line 85.
 1 APPPATH\Views\layout\header.php(85): CodeIgniter\Debug\Exceptions->errorHandler(8, 'Undefined index: sesnama', 'APPPATH\\Views\\layout\\header.php', 85, [...])
 2 SYSTEMPATH\View\View.php(213): include('APPPATH\\Views\\layout\\header.php')
 3 SYSTEMPATH\View\View.php(216): CodeIgniter\View\View->CodeIgniter\View\{closure}()
 4 SYSTEMPATH\Common.php(1134): CodeIgniter\View\View->render('layout/header', [], true)
 5 APPPATH\Views\admin\V_KecamatanSekolah.php(1): view('layout/header')
 6 SYSTEMPATH\View\View.php(213): include('APPPATH\\Views\\admin\\V_KecamatanSekolah.php')
 7 SYSTEMPATH\View\View.php(216): CodeIgniter\View\View->CodeIgniter\View\{closure}()
 8 SYSTEMPATH\Common.php(1134): CodeIgniter\View\View->render('admin/V_kecamatanSekolah', [], true)
 9 APPPATH\Controllers\Kecamatan.php(39): view('admin/V_kecamatanSekolah', [...])
10 SYSTEMPATH\CodeIgniter.php(927): App\Controllers\Kecamatan->detail('1')
11 SYSTEMPATH\CodeIgniter.php(482): CodeIgniter\CodeIgniter->runController(Object(App\Controllers\Kecamatan))
12 SYSTEMPATH\CodeIgniter.php(351): CodeIgniter\CodeIgniter->handleRequest(null, Object(Config\Cache), false)
13 FCPATH\index.php(67): CodeIgniter\CodeIgniter->run()
14 SYSTEMPATH\Commands\Server\rewrite.php(46): require_once('FCPATH\\index.php')
CRITICAL - 2022-12-31 13:10:46 --> Undefined index: sesnama
in APPPATH\Views\layout\header.php on line 85.
 1 APPPATH\Views\layout\header.php(85): CodeIgniter\Debug\Exceptions->errorHandler(8, 'Undefined index: sesnama', 'APPPATH\\Views\\layout\\header.php', 85, [...])
 2 SYSTEMPATH\View\View.php(213): include('APPPATH\\Views\\layout\\header.php')
 3 SYSTEMPATH\View\View.php(216): CodeIgniter\View\View->CodeIgniter\View\{closure}()
 4 SYSTEMPATH\Common.php(1134): CodeIgniter\View\View->render('layout/header', [], true)
 5 APPPATH\Views\admin\V_KecamatanSekolah.php(1): view('layout/header')
 6 SYSTEMPATH\View\View.php(213): include('APPPATH\\Views\\admin\\V_KecamatanSekolah.php')
 7 SYSTEMPATH\View\View.php(216): CodeIgniter\View\View->CodeIgniter\View\{closure}()
 8 SYSTEMPATH\Common.php(1134): CodeIgniter\View\View->render('admin/V_kecamatanSekolah', [], true)
 9 APPPATH\Controllers\Kecamatan.php(39): view('admin/V_kecamatanSekolah', [...])
10 SYSTEMPATH\CodeIgniter.php(927): App\Controllers\Kecamatan->detail('1')
11 SYSTEMPATH\CodeIgniter.php(482): CodeIgniter\CodeIgniter->runController(Object(App\Controllers\Kecamatan))
12 SYSTEMPATH\CodeIgniter.php(351): CodeIgniter\CodeIgniter->handleRequest(null, Object(Config\Cache), false)
13 FCPATH\index.php(67): CodeIgniter\CodeIgniter->run()
14 SYSTEMPATH\Commands\Server\rewrite.php(46): require_once('FCPATH\\index.php')
CRITICAL - 2022-12-31 13:10:57 --> Undefined index: sesnama
in APPPATH\Views\layout\header.php on line 85.
 1 APPPATH\Views\layout\header.php(85): CodeIgniter\Debug\Exceptions->errorHandler(8, 'Undefined index: sesnama', 'APPPATH\\Views\\layout\\header.php', 85, [...])
 2 SYSTEMPATH\View\View.php(213): include('APPPATH\\Views\\layout\\header.php')
 3 SYSTEMPATH\View\View.php(216): CodeIgniter\View\View->CodeIgniter\View\{closure}()
 4 SYSTEMPATH\Common.php(1134): CodeIgniter\View\View->render('layout/header', [], true)
 5 APPPATH\Views\admin\V_KecamatanSekolah.php(1): view('layout/header')
 6 SYSTEMPATH\View\View.php(213): include('APPPATH\\Views\\admin\\V_KecamatanSekolah.php')
 7 SYSTEMPATH\View\View.php(216): CodeIgniter\View\View->CodeIgniter\View\{closure}()
 8 SYSTEMPATH\Common.php(1134): CodeIgniter\View\View->render('admin/V_kecamatanSekolah', [], true)
 9 APPPATH\Controllers\Kecamatan.php(39): view('admin/V_kecamatanSekolah', [...])
10 SYSTEMPATH\CodeIgniter.php(927): App\Controllers\Kecamatan->detail('1')
11 SYSTEMPATH\CodeIgniter.php(482): CodeIgniter\CodeIgniter->runController(Object(App\Controllers\Kecamatan))
12 SYSTEMPATH\CodeIgniter.php(351): CodeIgniter\CodeIgniter->handleRequest(null, Object(Config\Cache), false)
13 FCPATH\index.php(67): CodeIgniter\CodeIgniter->run()
14 SYSTEMPATH\Commands\Server\rewrite.php(46): require_once('FCPATH\\index.php')
