CRITICAL - 2023-01-12 01:36:42 --> Undefined variable: title
in APPPATH\Views\layout\header.php on line 6.
 1 APPPATH\Views\layout\header.php(6): CodeIgniter\Debug\Exceptions->errorHandler(8, 'Undefined variable: title', 'APPPATH\\Views\\layout\\header.php', 6, [])
 2 SYSTEMPATH\View\View.php(213): include('APPPATH\\Views\\layout\\header.php')
 3 SYSTEMPATH\View\View.php(216): CodeIgniter\View\View->CodeIgniter\View\{closure}()
 4 SYSTEMPATH\Common.php(1134): CodeIgniter\View\View->render('layout/header', [], true)
 5 APPPATH\Views\admin\V_YayasanKec.php(1): view('layout/header')
 6 SYSTEMPATH\View\View.php(213): include('APPPATH\\Views\\admin\\V_YayasanKec.php')
 7 SYSTEMPATH\View\View.php(216): CodeIgniter\View\View->CodeIgniter\View\{closure}()
 8 SYSTEMPATH\Common.php(1134): CodeIgniter\View\View->render('admin/V_yayasanKec', [], true)
 9 APPPATH\Controllers\Yayasan.php(39): view('admin/V_yayasanKec')
10 SYSTEMPATH\CodeIgniter.php(927): App\Controllers\Yayasan->kecamatan()
11 SYSTEMPATH\CodeIgniter.php(482): CodeIgniter\CodeIgniter->runController(Object(App\Controllers\Yayasan))
12 SYSTEMPATH\CodeIgniter.php(351): CodeIgniter\CodeIgniter->handleRequest(null, Object(Config\Cache), false)
13 FCPATH\index.php(67): CodeIgniter\CodeIgniter->run()
14 SYSTEMPATH\Commands\Server\rewrite.php(46): require_once('FCPATH\\index.php')
CRITICAL - 2023-01-12 01:37:31 --> Invalid file: admin/V_KayasanKec.php
in SYSTEMPATH\Exceptions\FrameworkException.php on line 33.
 1 SYSTEMPATH\View\View.php(201): CodeIgniter\Exceptions\FrameworkException::forInvalidFile('admin/V_KayasanKec.php')
 2 SYSTEMPATH\Common.php(1134): CodeIgniter\View\View->render('admin/V_KayasanKec', [], true)
 3 APPPATH\Controllers\Yayasan.php(39): view('admin/V_KayasanKec', [...])
 4 SYSTEMPATH\CodeIgniter.php(927): App\Controllers\Yayasan->kecamatan()
 5 SYSTEMPATH\CodeIgniter.php(482): CodeIgniter\CodeIgniter->runController(Object(App\Controllers\Yayasan))
 6 SYSTEMPATH\CodeIgniter.php(351): CodeIgniter\CodeIgniter->handleRequest(null, Object(Config\Cache), false)
 7 FCPATH\index.php(67): CodeIgniter\CodeIgniter->run()
 8 SYSTEMPATH\Commands\Server\rewrite.php(46): require_once('FCPATH\\index.php')
CRITICAL - 2023-01-12 02:11:50 --> Undefined property: stdClass::$nm_yayasan
in APPPATH\Views\admin\V_YayasanKec.php on line 65.
 1 APPPATH\Views\admin\V_YayasanKec.php(65): CodeIgniter\Debug\Exceptions->errorHandler(8, 'Undefined property: stdClass::$nm_yayasan', 'APPPATH\\Views\\admin\\V_YayasanKec.php', 65, [...])
 2 SYSTEMPATH\View\View.php(213): include('APPPATH\\Views\\admin\\V_YayasanKec.php')
 3 SYSTEMPATH\View\View.php(216): CodeIgniter\View\View->CodeIgniter\View\{closure}()
 4 SYSTEMPATH\Common.php(1134): CodeIgniter\View\View->render('admin/V_YayasanKec', [], true)
 5 APPPATH\Controllers\Yayasan.php(39): view('admin/V_YayasanKec', [...])
 6 SYSTEMPATH\CodeIgniter.php(927): App\Controllers\Yayasan->kecamatan()
 7 SYSTEMPATH\CodeIgniter.php(482): CodeIgniter\CodeIgniter->runController(Object(App\Controllers\Yayasan))
 8 SYSTEMPATH\CodeIgniter.php(351): CodeIgniter\CodeIgniter->handleRequest(null, Object(Config\Cache), false)
 9 FCPATH\index.php(67): CodeIgniter\CodeIgniter->run()
10 SYSTEMPATH\Commands\Server\rewrite.php(46): require_once('FCPATH\\index.php')
CRITICAL - 2023-01-12 02:13:03 --> Undefined property: stdClass::$nm_yayasan
in APPPATH\Views\admin\V_YayasanKec.php on line 65.
 1 APPPATH\Views\admin\V_YayasanKec.php(65): CodeIgniter\Debug\Exceptions->errorHandler(8, 'Undefined property: stdClass::$nm_yayasan', 'APPPATH\\Views\\admin\\V_YayasanKec.php', 65, [...])
 2 SYSTEMPATH\View\View.php(213): include('APPPATH\\Views\\admin\\V_YayasanKec.php')
 3 SYSTEMPATH\View\View.php(216): CodeIgniter\View\View->CodeIgniter\View\{closure}()
 4 SYSTEMPATH\Common.php(1134): CodeIgniter\View\View->render('admin/V_YayasanKec', [], true)
 5 APPPATH\Controllers\Yayasan.php(39): view('admin/V_YayasanKec', [...])
 6 SYSTEMPATH\CodeIgniter.php(927): App\Controllers\Yayasan->kecamatan()
 7 SYSTEMPATH\CodeIgniter.php(482): CodeIgniter\CodeIgniter->runController(Object(App\Controllers\Yayasan))
 8 SYSTEMPATH\CodeIgniter.php(351): CodeIgniter\CodeIgniter->handleRequest(null, Object(Config\Cache), false)
 9 FCPATH\index.php(67): CodeIgniter\CodeIgniter->run()
10 SYSTEMPATH\Commands\Server\rewrite.php(46): require_once('FCPATH\\index.php')
CRITICAL - 2023-01-12 02:13:03 --> Undefined property: stdClass::$nm_yayasan
in APPPATH\Views\admin\V_YayasanKec.php on line 65.
 1 APPPATH\Views\admin\V_YayasanKec.php(65): CodeIgniter\Debug\Exceptions->errorHandler(8, 'Undefined property: stdClass::$nm_yayasan', 'APPPATH\\Views\\admin\\V_YayasanKec.php', 65, [...])
 2 SYSTEMPATH\View\View.php(213): include('APPPATH\\Views\\admin\\V_YayasanKec.php')
 3 SYSTEMPATH\View\View.php(216): CodeIgniter\View\View->CodeIgniter\View\{closure}()
 4 SYSTEMPATH\Common.php(1134): CodeIgniter\View\View->render('admin/V_YayasanKec', [], true)
 5 APPPATH\Controllers\Yayasan.php(39): view('admin/V_YayasanKec', [...])
 6 SYSTEMPATH\CodeIgniter.php(927): App\Controllers\Yayasan->kecamatan()
 7 SYSTEMPATH\CodeIgniter.php(482): CodeIgniter\CodeIgniter->runController(Object(App\Controllers\Yayasan))
 8 SYSTEMPATH\CodeIgniter.php(351): CodeIgniter\CodeIgniter->handleRequest(null, Object(Config\Cache), false)
 9 FCPATH\index.php(67): CodeIgniter\CodeIgniter->run()
10 SYSTEMPATH\Commands\Server\rewrite.php(46): require_once('FCPATH\\index.php')
CRITICAL - 2023-01-12 02:13:04 --> Undefined property: stdClass::$nm_yayasan
in APPPATH\Views\admin\V_YayasanKec.php on line 65.
 1 APPPATH\Views\admin\V_YayasanKec.php(65): CodeIgniter\Debug\Exceptions->errorHandler(8, 'Undefined property: stdClass::$nm_yayasan', 'APPPATH\\Views\\admin\\V_YayasanKec.php', 65, [...])
 2 SYSTEMPATH\View\View.php(213): include('APPPATH\\Views\\admin\\V_YayasanKec.php')
 3 SYSTEMPATH\View\View.php(216): CodeIgniter\View\View->CodeIgniter\View\{closure}()
 4 SYSTEMPATH\Common.php(1134): CodeIgniter\View\View->render('admin/V_YayasanKec', [], true)
 5 APPPATH\Controllers\Yayasan.php(39): view('admin/V_YayasanKec', [...])
 6 SYSTEMPATH\CodeIgniter.php(927): App\Controllers\Yayasan->kecamatan()
 7 SYSTEMPATH\CodeIgniter.php(482): CodeIgniter\CodeIgniter->runController(Object(App\Controllers\Yayasan))
 8 SYSTEMPATH\CodeIgniter.php(351): CodeIgniter\CodeIgniter->handleRequest(null, Object(Config\Cache), false)
 9 FCPATH\index.php(67): CodeIgniter\CodeIgniter->run()
10 SYSTEMPATH\Commands\Server\rewrite.php(46): require_once('FCPATH\\index.php')
CRITICAL - 2023-01-12 02:18:39 --> Undefined property: stdClass::$yss
in APPPATH\Views\admin\V_YayasanKec.php on line 71.
 1 APPPATH\Views\admin\V_YayasanKec.php(71): CodeIgniter\Debug\Exceptions->errorHandler(8, 'Undefined property: stdClass::$yss', 'APPPATH\\Views\\admin\\V_YayasanKec.php', 71, [...])
 2 SYSTEMPATH\View\View.php(213): include('APPPATH\\Views\\admin\\V_YayasanKec.php')
 3 SYSTEMPATH\View\View.php(216): CodeIgniter\View\View->CodeIgniter\View\{closure}()
 4 SYSTEMPATH\Common.php(1134): CodeIgniter\View\View->render('admin/V_YayasanKec', [], true)
 5 APPPATH\Controllers\Yayasan.php(39): view('admin/V_YayasanKec', [...])
 6 SYSTEMPATH\CodeIgniter.php(927): App\Controllers\Yayasan->kecamatan()
 7 SYSTEMPATH\CodeIgniter.php(482): CodeIgniter\CodeIgniter->runController(Object(App\Controllers\Yayasan))
 8 SYSTEMPATH\CodeIgniter.php(351): CodeIgniter\CodeIgniter->handleRequest(null, Object(Config\Cache), false)
 9 FCPATH\index.php(67): CodeIgniter\CodeIgniter->run()
10 SYSTEMPATH\Commands\Server\rewrite.php(46): require_once('FCPATH\\index.php')
CRITICAL - 2023-01-12 02:45:50 --> Array to string conversion
in APPPATH\Views\admin\V_YayasanKec.php on line 69.
 1 APPPATH\Views\admin\V_YayasanKec.php(69): CodeIgniter\Debug\Exceptions->errorHandler(8, 'Array to string conversion', 'APPPATH\\Views\\admin\\V_YayasanKec.php', 69, [...])
 2 SYSTEMPATH\View\View.php(213): include('APPPATH\\Views\\admin\\V_YayasanKec.php')
 3 SYSTEMPATH\View\View.php(216): CodeIgniter\View\View->CodeIgniter\View\{closure}()
 4 SYSTEMPATH\Common.php(1134): CodeIgniter\View\View->render('admin/V_YayasanKec', [], true)
 5 APPPATH\Controllers\Yayasan.php(39): view('admin/V_YayasanKec', [...])
 6 SYSTEMPATH\CodeIgniter.php(927): App\Controllers\Yayasan->kecamatan()
 7 SYSTEMPATH\CodeIgniter.php(482): CodeIgniter\CodeIgniter->runController(Object(App\Controllers\Yayasan))
 8 SYSTEMPATH\CodeIgniter.php(351): CodeIgniter\CodeIgniter->handleRequest(null, Object(Config\Cache), false)
 9 FCPATH\index.php(67): CodeIgniter\CodeIgniter->run()
10 SYSTEMPATH\Commands\Server\rewrite.php(46): require_once('FCPATH\\index.php')
CRITICAL - 2023-01-12 02:46:08 --> Array to string conversion
in APPPATH\Views\admin\V_YayasanKec.php on line 69.
 1 APPPATH\Views\admin\V_YayasanKec.php(69): CodeIgniter\Debug\Exceptions->errorHandler(8, 'Array to string conversion', 'APPPATH\\Views\\admin\\V_YayasanKec.php', 69, [...])
 2 SYSTEMPATH\View\View.php(213): include('APPPATH\\Views\\admin\\V_YayasanKec.php')
 3 SYSTEMPATH\View\View.php(216): CodeIgniter\View\View->CodeIgniter\View\{closure}()
 4 SYSTEMPATH\Common.php(1134): CodeIgniter\View\View->render('admin/V_YayasanKec', [], true)
 5 APPPATH\Controllers\Yayasan.php(39): view('admin/V_YayasanKec', [...])
 6 SYSTEMPATH\CodeIgniter.php(927): App\Controllers\Yayasan->kecamatan()
 7 SYSTEMPATH\CodeIgniter.php(482): CodeIgniter\CodeIgniter->runController(Object(App\Controllers\Yayasan))
 8 SYSTEMPATH\CodeIgniter.php(351): CodeIgniter\CodeIgniter->handleRequest(null, Object(Config\Cache), false)
 9 FCPATH\index.php(67): CodeIgniter\CodeIgniter->run()
10 SYSTEMPATH\Commands\Server\rewrite.php(46): require_once('FCPATH\\index.php')
CRITICAL - 2023-01-12 02:48:32 --> Array to string conversion
in APPPATH\Views\admin\V_YayasanKec.php on line 70.
 1 APPPATH\Views\admin\V_YayasanKec.php(70): CodeIgniter\Debug\Exceptions->errorHandler(8, 'Array to string conversion', 'APPPATH\\Views\\admin\\V_YayasanKec.php', 70, [...])
 2 SYSTEMPATH\View\View.php(213): include('APPPATH\\Views\\admin\\V_YayasanKec.php')
 3 SYSTEMPATH\View\View.php(216): CodeIgniter\View\View->CodeIgniter\View\{closure}()
 4 SYSTEMPATH\Common.php(1134): CodeIgniter\View\View->render('admin/V_YayasanKec', [], true)
 5 APPPATH\Controllers\Yayasan.php(39): view('admin/V_YayasanKec', [...])
 6 SYSTEMPATH\CodeIgniter.php(927): App\Controllers\Yayasan->kecamatan()
 7 SYSTEMPATH\CodeIgniter.php(482): CodeIgniter\CodeIgniter->runController(Object(App\Controllers\Yayasan))
 8 SYSTEMPATH\CodeIgniter.php(351): CodeIgniter\CodeIgniter->handleRequest(null, Object(Config\Cache), false)
 9 FCPATH\index.php(67): CodeIgniter\CodeIgniter->run()
10 SYSTEMPATH\Commands\Server\rewrite.php(46): require_once('FCPATH\\index.php')
CRITICAL - 2023-01-12 02:48:32 --> Array to string conversion
in APPPATH\Views\admin\V_YayasanKec.php on line 70.
 1 APPPATH\Views\admin\V_YayasanKec.php(70): CodeIgniter\Debug\Exceptions->errorHandler(8, 'Array to string conversion', 'APPPATH\\Views\\admin\\V_YayasanKec.php', 70, [...])
 2 SYSTEMPATH\View\View.php(213): include('APPPATH\\Views\\admin\\V_YayasanKec.php')
 3 SYSTEMPATH\View\View.php(216): CodeIgniter\View\View->CodeIgniter\View\{closure}()
 4 SYSTEMPATH\Common.php(1134): CodeIgniter\View\View->render('admin/V_YayasanKec', [], true)
 5 APPPATH\Controllers\Yayasan.php(39): view('admin/V_YayasanKec', [...])
 6 SYSTEMPATH\CodeIgniter.php(927): App\Controllers\Yayasan->kecamatan()
 7 SYSTEMPATH\CodeIgniter.php(482): CodeIgniter\CodeIgniter->runController(Object(App\Controllers\Yayasan))
 8 SYSTEMPATH\CodeIgniter.php(351): CodeIgniter\CodeIgniter->handleRequest(null, Object(Config\Cache), false)
 9 FCPATH\index.php(67): CodeIgniter\CodeIgniter->run()
10 SYSTEMPATH\Commands\Server\rewrite.php(46): require_once('FCPATH\\index.php')
CRITICAL - 2023-01-12 02:48:33 --> Array to string conversion
in APPPATH\Views\admin\V_YayasanKec.php on line 70.
 1 APPPATH\Views\admin\V_YayasanKec.php(70): CodeIgniter\Debug\Exceptions->errorHandler(8, 'Array to string conversion', 'APPPATH\\Views\\admin\\V_YayasanKec.php', 70, [...])
 2 SYSTEMPATH\View\View.php(213): include('APPPATH\\Views\\admin\\V_YayasanKec.php')
 3 SYSTEMPATH\View\View.php(216): CodeIgniter\View\View->CodeIgniter\View\{closure}()
 4 SYSTEMPATH\Common.php(1134): CodeIgniter\View\View->render('admin/V_YayasanKec', [], true)
 5 APPPATH\Controllers\Yayasan.php(39): view('admin/V_YayasanKec', [...])
 6 SYSTEMPATH\CodeIgniter.php(927): App\Controllers\Yayasan->kecamatan()
 7 SYSTEMPATH\CodeIgniter.php(482): CodeIgniter\CodeIgniter->runController(Object(App\Controllers\Yayasan))
 8 SYSTEMPATH\CodeIgniter.php(351): CodeIgniter\CodeIgniter->handleRequest(null, Object(Config\Cache), false)
 9 FCPATH\index.php(67): CodeIgniter\CodeIgniter->run()
10 SYSTEMPATH\Commands\Server\rewrite.php(46): require_once('FCPATH\\index.php')
CRITICAL - 2023-01-12 02:48:33 --> Array to string conversion
in APPPATH\Views\admin\V_YayasanKec.php on line 70.
 1 APPPATH\Views\admin\V_YayasanKec.php(70): CodeIgniter\Debug\Exceptions->errorHandler(8, 'Array to string conversion', 'APPPATH\\Views\\admin\\V_YayasanKec.php', 70, [...])
 2 SYSTEMPATH\View\View.php(213): include('APPPATH\\Views\\admin\\V_YayasanKec.php')
 3 SYSTEMPATH\View\View.php(216): CodeIgniter\View\View->CodeIgniter\View\{closure}()
 4 SYSTEMPATH\Common.php(1134): CodeIgniter\View\View->render('admin/V_YayasanKec', [], true)
 5 APPPATH\Controllers\Yayasan.php(39): view('admin/V_YayasanKec', [...])
 6 SYSTEMPATH\CodeIgniter.php(927): App\Controllers\Yayasan->kecamatan()
 7 SYSTEMPATH\CodeIgniter.php(482): CodeIgniter\CodeIgniter->runController(Object(App\Controllers\Yayasan))
 8 SYSTEMPATH\CodeIgniter.php(351): CodeIgniter\CodeIgniter->handleRequest(null, Object(Config\Cache), false)
 9 FCPATH\index.php(67): CodeIgniter\CodeIgniter->run()
10 SYSTEMPATH\Commands\Server\rewrite.php(46): require_once('FCPATH\\index.php')
CRITICAL - 2023-01-12 02:51:48 --> Array to string conversion
in APPPATH\Views\admin\V_YayasanKec.php on line 69.
 1 APPPATH\Views\admin\V_YayasanKec.php(69): CodeIgniter\Debug\Exceptions->errorHandler(8, 'Array to string conversion', 'APPPATH\\Views\\admin\\V_YayasanKec.php', 69, [...])
 2 SYSTEMPATH\View\View.php(213): include('APPPATH\\Views\\admin\\V_YayasanKec.php')
 3 SYSTEMPATH\View\View.php(216): CodeIgniter\View\View->CodeIgniter\View\{closure}()
 4 SYSTEMPATH\Common.php(1134): CodeIgniter\View\View->render('admin/V_YayasanKec', [], true)
 5 APPPATH\Controllers\Yayasan.php(39): view('admin/V_YayasanKec', [...])
 6 SYSTEMPATH\CodeIgniter.php(927): App\Controllers\Yayasan->kecamatan()
 7 SYSTEMPATH\CodeIgniter.php(482): CodeIgniter\CodeIgniter->runController(Object(App\Controllers\Yayasan))
 8 SYSTEMPATH\CodeIgniter.php(351): CodeIgniter\CodeIgniter->handleRequest(null, Object(Config\Cache), false)
 9 FCPATH\index.php(67): CodeIgniter\CodeIgniter->run()
10 SYSTEMPATH\Commands\Server\rewrite.php(46): require_once('FCPATH\\index.php')
CRITICAL - 2023-01-12 02:51:48 --> Array to string conversion
in APPPATH\Views\admin\V_YayasanKec.php on line 69.
 1 APPPATH\Views\admin\V_YayasanKec.php(69): CodeIgniter\Debug\Exceptions->errorHandler(8, 'Array to string conversion', 'APPPATH\\Views\\admin\\V_YayasanKec.php', 69, [...])
 2 SYSTEMPATH\View\View.php(213): include('APPPATH\\Views\\admin\\V_YayasanKec.php')
 3 SYSTEMPATH\View\View.php(216): CodeIgniter\View\View->CodeIgniter\View\{closure}()
 4 SYSTEMPATH\Common.php(1134): CodeIgniter\View\View->render('admin/V_YayasanKec', [], true)
 5 APPPATH\Controllers\Yayasan.php(39): view('admin/V_YayasanKec', [...])
 6 SYSTEMPATH\CodeIgniter.php(927): App\Controllers\Yayasan->kecamatan()
 7 SYSTEMPATH\CodeIgniter.php(482): CodeIgniter\CodeIgniter->runController(Object(App\Controllers\Yayasan))
 8 SYSTEMPATH\CodeIgniter.php(351): CodeIgniter\CodeIgniter->handleRequest(null, Object(Config\Cache), false)
 9 FCPATH\index.php(67): CodeIgniter\CodeIgniter->run()
10 SYSTEMPATH\Commands\Server\rewrite.php(46): require_once('FCPATH\\index.php')
CRITICAL - 2023-01-12 02:52:41 --> Undefined property: stdClass::$yss
in APPPATH\Views\admin\V_YayasanKec.php on line 49.
 1 APPPATH\Views\admin\V_YayasanKec.php(49): CodeIgniter\Debug\Exceptions->errorHandler(8, 'Undefined property: stdClass::$yss', 'APPPATH\\Views\\admin\\V_YayasanKec.php', 49, [...])
 2 SYSTEMPATH\View\View.php(213): include('APPPATH\\Views\\admin\\V_YayasanKec.php')
 3 SYSTEMPATH\View\View.php(216): CodeIgniter\View\View->CodeIgniter\View\{closure}()
 4 SYSTEMPATH\Common.php(1134): CodeIgniter\View\View->render('admin/V_YayasanKec', [], true)
 5 APPPATH\Controllers\Yayasan.php(39): view('admin/V_YayasanKec', [...])
 6 SYSTEMPATH\CodeIgniter.php(927): App\Controllers\Yayasan->kecamatan()
 7 SYSTEMPATH\CodeIgniter.php(482): CodeIgniter\CodeIgniter->runController(Object(App\Controllers\Yayasan))
 8 SYSTEMPATH\CodeIgniter.php(351): CodeIgniter\CodeIgniter->handleRequest(null, Object(Config\Cache), false)
 9 FCPATH\index.php(67): CodeIgniter\CodeIgniter->run()
10 SYSTEMPATH\Commands\Server\rewrite.php(46): require_once('FCPATH\\index.php')
CRITICAL - 2023-01-12 02:53:23 --> Undefined property: stdClass::$yss
in APPPATH\Views\admin\V_YayasanKec.php on line 49.
 1 APPPATH\Views\admin\V_YayasanKec.php(49): CodeIgniter\Debug\Exceptions->errorHandler(8, 'Undefined property: stdClass::$yss', 'APPPATH\\Views\\admin\\V_YayasanKec.php', 49, [...])
 2 SYSTEMPATH\View\View.php(213): include('APPPATH\\Views\\admin\\V_YayasanKec.php')
 3 SYSTEMPATH\View\View.php(216): CodeIgniter\View\View->CodeIgniter\View\{closure}()
 4 SYSTEMPATH\Common.php(1134): CodeIgniter\View\View->render('admin/V_YayasanKec', [], true)
 5 APPPATH\Controllers\Yayasan.php(39): view('admin/V_YayasanKec', [...])
 6 SYSTEMPATH\CodeIgniter.php(927): App\Controllers\Yayasan->kecamatan()
 7 SYSTEMPATH\CodeIgniter.php(482): CodeIgniter\CodeIgniter->runController(Object(App\Controllers\Yayasan))
 8 SYSTEMPATH\CodeIgniter.php(351): CodeIgniter\CodeIgniter->handleRequest(null, Object(Config\Cache), false)
 9 FCPATH\index.php(67): CodeIgniter\CodeIgniter->run()
10 SYSTEMPATH\Commands\Server\rewrite.php(46): require_once('FCPATH\\index.php')
CRITICAL - 2023-01-12 02:53:47 --> Array to string conversion
in APPPATH\Views\admin\V_YayasanKec.php on line 70.
 1 APPPATH\Views\admin\V_YayasanKec.php(70): CodeIgniter\Debug\Exceptions->errorHandler(8, 'Array to string conversion', 'APPPATH\\Views\\admin\\V_YayasanKec.php', 70, [...])
 2 SYSTEMPATH\View\View.php(213): include('APPPATH\\Views\\admin\\V_YayasanKec.php')
 3 SYSTEMPATH\View\View.php(216): CodeIgniter\View\View->CodeIgniter\View\{closure}()
 4 SYSTEMPATH\Common.php(1134): CodeIgniter\View\View->render('admin/V_YayasanKec', [], true)
 5 APPPATH\Controllers\Yayasan.php(39): view('admin/V_YayasanKec', [...])
 6 SYSTEMPATH\CodeIgniter.php(927): App\Controllers\Yayasan->kecamatan()
 7 SYSTEMPATH\CodeIgniter.php(482): CodeIgniter\CodeIgniter->runController(Object(App\Controllers\Yayasan))
 8 SYSTEMPATH\CodeIgniter.php(351): CodeIgniter\CodeIgniter->handleRequest(null, Object(Config\Cache), false)
 9 FCPATH\index.php(67): CodeIgniter\CodeIgniter->run()
10 SYSTEMPATH\Commands\Server\rewrite.php(46): require_once('FCPATH\\index.php')
