ERROR - 2024-06-02 20:36:41 --> Error connecting to the database: mysqli_sql_exception: No connection could be made because the target machine actively refused it in C:\xampp\htdocs\muhasin\system\Database\MySQLi\Connection.php:170
Stack trace:
#0 C:\xampp\htdocs\muhasin\system\Database\MySQLi\Connection.php(170): mysqli->real_connect('localhost', 'root', Object(SensitiveParameterValue), 'muhasin', 3306, '', 0)
#1 C:\xampp\htdocs\muhasin\system\Database\BaseConnection.php(382): CodeIgniter\Database\MySQLi\Connection->connect(false)
#2 C:\xampp\htdocs\muhasin\system\Database\BaseConnection.php(561): CodeIgniter\Database\BaseConnection->initialize()
#3 C:\xampp\htdocs\muhasin\system\Database\BaseBuilder.php(1585): CodeIgniter\Database\BaseConnection->query('SELECT *\nFROM `...', Array, false)
#4 C:\xampp\htdocs\muhasin\app\Models\ModelLogin.php(19): CodeIgniter\Database\BaseBuilder->get()
#5 C:\xampp\htdocs\muhasin\app\Controllers\Login.php(32): App\Models\ModelLogin->getDataId('user', Array)
#6 C:\xampp\htdocs\muhasin\system\CodeIgniter.php(927): App\Controllers\Login->prosesLogin()
#7 C:\xampp\htdocs\muhasin\system\CodeIgniter.php(482): CodeIgniter\CodeIgniter->runController(Object(App\Controllers\Login))
#8 C:\xampp\htdocs\muhasin\system\CodeIgniter.php(351): CodeIgniter\CodeIgniter->handleRequest(NULL, Object(Config\Cache), false)
#9 C:\xampp\htdocs\muhasin\public\index.php(67): CodeIgniter\CodeIgniter->run()
#10 C:\xampp\htdocs\muhasin\system\Commands\Server\rewrite.php(46): require_once('C:\\xampp\\htdocs...')
#11 {main}

Next CodeIgniter\Database\Exceptions\DatabaseException: No connection could be made because the target machine actively refused it in C:\xampp\htdocs\muhasin\system\Database\MySQLi\Connection.php:215
Stack trace:
#0 C:\xampp\htdocs\muhasin\system\Database\BaseConnection.php(382): CodeIgniter\Database\MySQLi\Connection->connect(false)
#1 C:\xampp\htdocs\muhasin\system\Database\BaseConnection.php(561): CodeIgniter\Database\BaseConnection->initialize()
#2 C:\xampp\htdocs\muhasin\system\Database\BaseBuilder.php(1585): CodeIgniter\Database\BaseConnection->query('SELECT *\nFROM `...', Array, false)
#3 C:\xampp\htdocs\muhasin\app\Models\ModelLogin.php(19): CodeIgniter\Database\BaseBuilder->get()
#4 C:\xampp\htdocs\muhasin\app\Controllers\Login.php(32): App\Models\ModelLogin->getDataId('user', Array)
#5 C:\xampp\htdocs\muhasin\system\CodeIgniter.php(927): App\Controllers\Login->prosesLogin()
#6 C:\xampp\htdocs\muhasin\system\CodeIgniter.php(482): CodeIgniter\CodeIgniter->runController(Object(App\Controllers\Login))
#7 C:\xampp\htdocs\muhasin\system\CodeIgniter.php(351): CodeIgniter\CodeIgniter->handleRequest(NULL, Object(Config\Cache), false)
#8 C:\xampp\htdocs\muhasin\public\index.php(67): CodeIgniter\CodeIgniter->run()
#9 C:\xampp\htdocs\muhasin\system\Commands\Server\rewrite.php(46): require_once('C:\\xampp\\htdocs...')
#10 {main}
CRITICAL - 2024-06-02 20:36:41 --> Unable to connect to the database.
Main connection [MySQLi]: No connection could be made because the target machine actively refused it
in SYSTEMPATH\Database\BaseConnection.php on line 418.
 1 SYSTEMPATH\Database\BaseConnection.php(561): CodeIgniter\Database\BaseConnection->initialize()
 2 SYSTEMPATH\Database\BaseBuilder.php(1585): CodeIgniter\Database\BaseConnection->query('SELECT *
FROM `user`
WHERE `username` = :username:', [...], false)
 3 APPPATH\Models\ModelLogin.php(19): CodeIgniter\Database\BaseBuilder->get()
 4 APPPATH\Controllers\Login.php(32): App\Models\ModelLogin->getDataId('user', [...])
 5 SYSTEMPATH\CodeIgniter.php(927): App\Controllers\Login->prosesLogin()
 6 SYSTEMPATH\CodeIgniter.php(482): CodeIgniter\CodeIgniter->runController(Object(App\Controllers\Login))
 7 SYSTEMPATH\CodeIgniter.php(351): CodeIgniter\CodeIgniter->handleRequest(null, Object(Config\Cache), false)
 8 FCPATH\index.php(67): CodeIgniter\CodeIgniter->run()
 9 SYSTEMPATH\Commands\Server\rewrite.php(46): require_once('FCPATH\\index.php')
ERROR - 2024-06-02 20:37:10 --> Error connecting to the database: mysqli_sql_exception: No connection could be made because the target machine actively refused it in C:\xampp\htdocs\muhasin\system\Database\MySQLi\Connection.php:170
Stack trace:
#0 C:\xampp\htdocs\muhasin\system\Database\MySQLi\Connection.php(170): mysqli->real_connect('localhost', 'root', Object(SensitiveParameterValue), 'muhasin', 3306, '', 0)
#1 C:\xampp\htdocs\muhasin\system\Database\BaseConnection.php(382): CodeIgniter\Database\MySQLi\Connection->connect(false)
#2 C:\xampp\htdocs\muhasin\system\Database\BaseConnection.php(561): CodeIgniter\Database\BaseConnection->initialize()
#3 C:\xampp\htdocs\muhasin\system\Database\BaseBuilder.php(1585): CodeIgniter\Database\BaseConnection->query('SELECT *\nFROM `...', Array, false)
#4 C:\xampp\htdocs\muhasin\app\Models\ModelLogin.php(19): CodeIgniter\Database\BaseBuilder->get()
#5 C:\xampp\htdocs\muhasin\app\Controllers\Login.php(32): App\Models\ModelLogin->getDataId('user', Array)
#6 C:\xampp\htdocs\muhasin\system\CodeIgniter.php(927): App\Controllers\Login->prosesLogin()
#7 C:\xampp\htdocs\muhasin\system\CodeIgniter.php(482): CodeIgniter\CodeIgniter->runController(Object(App\Controllers\Login))
#8 C:\xampp\htdocs\muhasin\system\CodeIgniter.php(351): CodeIgniter\CodeIgniter->handleRequest(NULL, Object(Config\Cache), false)
#9 C:\xampp\htdocs\muhasin\public\index.php(67): CodeIgniter\CodeIgniter->run()
#10 C:\xampp\htdocs\muhasin\system\Commands\Server\rewrite.php(46): require_once('C:\\xampp\\htdocs...')
#11 {main}

Next CodeIgniter\Database\Exceptions\DatabaseException: No connection could be made because the target machine actively refused it in C:\xampp\htdocs\muhasin\system\Database\MySQLi\Connection.php:215
Stack trace:
#0 C:\xampp\htdocs\muhasin\system\Database\BaseConnection.php(382): CodeIgniter\Database\MySQLi\Connection->connect(false)
#1 C:\xampp\htdocs\muhasin\system\Database\BaseConnection.php(561): CodeIgniter\Database\BaseConnection->initialize()
#2 C:\xampp\htdocs\muhasin\system\Database\BaseBuilder.php(1585): CodeIgniter\Database\BaseConnection->query('SELECT *\nFROM `...', Array, false)
#3 C:\xampp\htdocs\muhasin\app\Models\ModelLogin.php(19): CodeIgniter\Database\BaseBuilder->get()
#4 C:\xampp\htdocs\muhasin\app\Controllers\Login.php(32): App\Models\ModelLogin->getDataId('user', Array)
#5 C:\xampp\htdocs\muhasin\system\CodeIgniter.php(927): App\Controllers\Login->prosesLogin()
#6 C:\xampp\htdocs\muhasin\system\CodeIgniter.php(482): CodeIgniter\CodeIgniter->runController(Object(App\Controllers\Login))
#7 C:\xampp\htdocs\muhasin\system\CodeIgniter.php(351): CodeIgniter\CodeIgniter->handleRequest(NULL, Object(Config\Cache), false)
#8 C:\xampp\htdocs\muhasin\public\index.php(67): CodeIgniter\CodeIgniter->run()
#9 C:\xampp\htdocs\muhasin\system\Commands\Server\rewrite.php(46): require_once('C:\\xampp\\htdocs...')
#10 {main}
CRITICAL - 2024-06-02 20:37:10 --> Unable to connect to the database.
Main connection [MySQLi]: No connection could be made because the target machine actively refused it
in SYSTEMPATH\Database\BaseConnection.php on line 418.
 1 SYSTEMPATH\Database\BaseConnection.php(561): CodeIgniter\Database\BaseConnection->initialize()
 2 SYSTEMPATH\Database\BaseBuilder.php(1585): CodeIgniter\Database\BaseConnection->query('SELECT *
FROM `user`
WHERE `username` = :username:', [...], false)
 3 APPPATH\Models\ModelLogin.php(19): CodeIgniter\Database\BaseBuilder->get()
 4 APPPATH\Controllers\Login.php(32): App\Models\ModelLogin->getDataId('user', [...])
 5 SYSTEMPATH\CodeIgniter.php(927): App\Controllers\Login->prosesLogin()
 6 SYSTEMPATH\CodeIgniter.php(482): CodeIgniter\CodeIgniter->runController(Object(App\Controllers\Login))
 7 SYSTEMPATH\CodeIgniter.php(351): CodeIgniter\CodeIgniter->handleRequest(null, Object(Config\Cache), false)
 8 FCPATH\index.php(67): CodeIgniter\CodeIgniter->run()
 9 SYSTEMPATH\Commands\Server\rewrite.php(46): require_once('FCPATH\\index.php')
ERROR - 2024-06-02 20:39:35 --> Error connecting to the database: mysqli_sql_exception: No connection could be made because the target machine actively refused it in C:\xampp\htdocs\muhasin\system\Database\MySQLi\Connection.php:170
Stack trace:
#0 C:\xampp\htdocs\muhasin\system\Database\MySQLi\Connection.php(170): mysqli->real_connect('localhost', 'root', Object(SensitiveParameterValue), 'muhasin', 3306, '', 0)
#1 C:\xampp\htdocs\muhasin\system\Database\BaseConnection.php(382): CodeIgniter\Database\MySQLi\Connection->connect(false)
#2 C:\xampp\htdocs\muhasin\system\Database\BaseConnection.php(561): CodeIgniter\Database\BaseConnection->initialize()
#3 C:\xampp\htdocs\muhasin\system\Database\BaseBuilder.php(1585): CodeIgniter\Database\BaseConnection->query('SELECT *\nFROM `...', Array, false)
#4 C:\xampp\htdocs\muhasin\app\Models\ModelLogin.php(19): CodeIgniter\Database\BaseBuilder->get()
#5 C:\xampp\htdocs\muhasin\app\Controllers\Login.php(32): App\Models\ModelLogin->getDataId('user', Array)
#6 C:\xampp\htdocs\muhasin\system\CodeIgniter.php(927): App\Controllers\Login->prosesLogin()
#7 C:\xampp\htdocs\muhasin\system\CodeIgniter.php(482): CodeIgniter\CodeIgniter->runController(Object(App\Controllers\Login))
#8 C:\xampp\htdocs\muhasin\system\CodeIgniter.php(351): CodeIgniter\CodeIgniter->handleRequest(NULL, Object(Config\Cache), false)
#9 C:\xampp\htdocs\muhasin\public\index.php(67): CodeIgniter\CodeIgniter->run()
#10 C:\xampp\htdocs\muhasin\system\Commands\Server\rewrite.php(46): require_once('C:\\xampp\\htdocs...')
#11 {main}

Next CodeIgniter\Database\Exceptions\DatabaseException: No connection could be made because the target machine actively refused it in C:\xampp\htdocs\muhasin\system\Database\MySQLi\Connection.php:215
Stack trace:
#0 C:\xampp\htdocs\muhasin\system\Database\BaseConnection.php(382): CodeIgniter\Database\MySQLi\Connection->connect(false)
#1 C:\xampp\htdocs\muhasin\system\Database\BaseConnection.php(561): CodeIgniter\Database\BaseConnection->initialize()
#2 C:\xampp\htdocs\muhasin\system\Database\BaseBuilder.php(1585): CodeIgniter\Database\BaseConnection->query('SELECT *\nFROM `...', Array, false)
#3 C:\xampp\htdocs\muhasin\app\Models\ModelLogin.php(19): CodeIgniter\Database\BaseBuilder->get()
#4 C:\xampp\htdocs\muhasin\app\Controllers\Login.php(32): App\Models\ModelLogin->getDataId('user', Array)
#5 C:\xampp\htdocs\muhasin\system\CodeIgniter.php(927): App\Controllers\Login->prosesLogin()
#6 C:\xampp\htdocs\muhasin\system\CodeIgniter.php(482): CodeIgniter\CodeIgniter->runController(Object(App\Controllers\Login))
#7 C:\xampp\htdocs\muhasin\system\CodeIgniter.php(351): CodeIgniter\CodeIgniter->handleRequest(NULL, Object(Config\Cache), false)
#8 C:\xampp\htdocs\muhasin\public\index.php(67): CodeIgniter\CodeIgniter->run()
#9 C:\xampp\htdocs\muhasin\system\Commands\Server\rewrite.php(46): require_once('C:\\xampp\\htdocs...')
#10 {main}
CRITICAL - 2024-06-02 20:39:35 --> Unable to connect to the database.
Main connection [MySQLi]: No connection could be made because the target machine actively refused it
in SYSTEMPATH\Database\BaseConnection.php on line 418.
 1 SYSTEMPATH\Database\BaseConnection.php(561): CodeIgniter\Database\BaseConnection->initialize()
 2 SYSTEMPATH\Database\BaseBuilder.php(1585): CodeIgniter\Database\BaseConnection->query('SELECT *
FROM `user`
WHERE `username` = :username:', [...], false)
 3 APPPATH\Models\ModelLogin.php(19): CodeIgniter\Database\BaseBuilder->get()
 4 APPPATH\Controllers\Login.php(32): App\Models\ModelLogin->getDataId('user', [...])
 5 SYSTEMPATH\CodeIgniter.php(927): App\Controllers\Login->prosesLogin()
 6 SYSTEMPATH\CodeIgniter.php(482): CodeIgniter\CodeIgniter->runController(Object(App\Controllers\Login))
 7 SYSTEMPATH\CodeIgniter.php(351): CodeIgniter\CodeIgniter->handleRequest(null, Object(Config\Cache), false)
 8 FCPATH\index.php(67): CodeIgniter\CodeIgniter->run()
 9 SYSTEMPATH\Commands\Server\rewrite.php(46): require_once('FCPATH\\index.php')
ERROR - 2024-06-02 20:40:03 --> Error connecting to the database: mysqli_sql_exception: No connection could be made because the target machine actively refused it in C:\xampp\htdocs\muhasin\system\Database\MySQLi\Connection.php:170
Stack trace:
#0 C:\xampp\htdocs\muhasin\system\Database\MySQLi\Connection.php(170): mysqli->real_connect('localhost', 'root', Object(SensitiveParameterValue), 'muhasin', 3306, '', 0)
#1 C:\xampp\htdocs\muhasin\system\Database\BaseConnection.php(382): CodeIgniter\Database\MySQLi\Connection->connect(false)
#2 C:\xampp\htdocs\muhasin\system\Database\BaseConnection.php(561): CodeIgniter\Database\BaseConnection->initialize()
#3 C:\xampp\htdocs\muhasin\system\Database\BaseBuilder.php(1585): CodeIgniter\Database\BaseConnection->query('SELECT *\nFROM `...', Array, false)
#4 C:\xampp\htdocs\muhasin\app\Models\ModelLogin.php(19): CodeIgniter\Database\BaseBuilder->get()
#5 C:\xampp\htdocs\muhasin\app\Controllers\Login.php(32): App\Models\ModelLogin->getDataId('user', Array)
#6 C:\xampp\htdocs\muhasin\system\CodeIgniter.php(927): App\Controllers\Login->prosesLogin()
#7 C:\xampp\htdocs\muhasin\system\CodeIgniter.php(482): CodeIgniter\CodeIgniter->runController(Object(App\Controllers\Login))
#8 C:\xampp\htdocs\muhasin\system\CodeIgniter.php(351): CodeIgniter\CodeIgniter->handleRequest(NULL, Object(Config\Cache), false)
#9 C:\xampp\htdocs\muhasin\public\index.php(67): CodeIgniter\CodeIgniter->run()
#10 C:\xampp\htdocs\muhasin\system\Commands\Server\rewrite.php(46): require_once('C:\\xampp\\htdocs...')
#11 {main}

Next CodeIgniter\Database\Exceptions\DatabaseException: No connection could be made because the target machine actively refused it in C:\xampp\htdocs\muhasin\system\Database\MySQLi\Connection.php:215
Stack trace:
#0 C:\xampp\htdocs\muhasin\system\Database\BaseConnection.php(382): CodeIgniter\Database\MySQLi\Connection->connect(false)
#1 C:\xampp\htdocs\muhasin\system\Database\BaseConnection.php(561): CodeIgniter\Database\BaseConnection->initialize()
#2 C:\xampp\htdocs\muhasin\system\Database\BaseBuilder.php(1585): CodeIgniter\Database\BaseConnection->query('SELECT *\nFROM `...', Array, false)
#3 C:\xampp\htdocs\muhasin\app\Models\ModelLogin.php(19): CodeIgniter\Database\BaseBuilder->get()
#4 C:\xampp\htdocs\muhasin\app\Controllers\Login.php(32): App\Models\ModelLogin->getDataId('user', Array)
#5 C:\xampp\htdocs\muhasin\system\CodeIgniter.php(927): App\Controllers\Login->prosesLogin()
#6 C:\xampp\htdocs\muhasin\system\CodeIgniter.php(482): CodeIgniter\CodeIgniter->runController(Object(App\Controllers\Login))
#7 C:\xampp\htdocs\muhasin\system\CodeIgniter.php(351): CodeIgniter\CodeIgniter->handleRequest(NULL, Object(Config\Cache), false)
#8 C:\xampp\htdocs\muhasin\public\index.php(67): CodeIgniter\CodeIgniter->run()
#9 C:\xampp\htdocs\muhasin\system\Commands\Server\rewrite.php(46): require_once('C:\\xampp\\htdocs...')
#10 {main}
CRITICAL - 2024-06-02 20:40:03 --> Unable to connect to the database.
Main connection [MySQLi]: No connection could be made because the target machine actively refused it
in SYSTEMPATH\Database\BaseConnection.php on line 418.
 1 SYSTEMPATH\Database\BaseConnection.php(561): CodeIgniter\Database\BaseConnection->initialize()
 2 SYSTEMPATH\Database\BaseBuilder.php(1585): CodeIgniter\Database\BaseConnection->query('SELECT *
FROM `user`
WHERE `username` = :username:', [...], false)
 3 APPPATH\Models\ModelLogin.php(19): CodeIgniter\Database\BaseBuilder->get()
 4 APPPATH\Controllers\Login.php(32): App\Models\ModelLogin->getDataId('user', [...])
 5 SYSTEMPATH\CodeIgniter.php(927): App\Controllers\Login->prosesLogin()
 6 SYSTEMPATH\CodeIgniter.php(482): CodeIgniter\CodeIgniter->runController(Object(App\Controllers\Login))
 7 SYSTEMPATH\CodeIgniter.php(351): CodeIgniter\CodeIgniter->handleRequest(null, Object(Config\Cache), false)
 8 FCPATH\index.php(67): CodeIgniter\CodeIgniter->run()
 9 SYSTEMPATH\Commands\Server\rewrite.php(46): require_once('FCPATH\\index.php')
ERROR - 2024-06-02 20:40:12 --> Error connecting to the database: mysqli_sql_exception: No connection could be made because the target machine actively refused it in C:\xampp\htdocs\muhasin\system\Database\MySQLi\Connection.php:170
Stack trace:
#0 C:\xampp\htdocs\muhasin\system\Database\MySQLi\Connection.php(170): mysqli->real_connect('localhost', 'root', Object(SensitiveParameterValue), 'muhasin', 3306, '', 0)
#1 C:\xampp\htdocs\muhasin\system\Database\BaseConnection.php(382): CodeIgniter\Database\MySQLi\Connection->connect(false)
#2 C:\xampp\htdocs\muhasin\system\Database\BaseConnection.php(561): CodeIgniter\Database\BaseConnection->initialize()
#3 C:\xampp\htdocs\muhasin\system\Database\BaseBuilder.php(1585): CodeIgniter\Database\BaseConnection->query('SELECT *\nFROM `...', Array, false)
#4 C:\xampp\htdocs\muhasin\app\Models\ModelLogin.php(19): CodeIgniter\Database\BaseBuilder->get()
#5 C:\xampp\htdocs\muhasin\app\Controllers\Login.php(32): App\Models\ModelLogin->getDataId('user', Array)
#6 C:\xampp\htdocs\muhasin\system\CodeIgniter.php(927): App\Controllers\Login->prosesLogin()
#7 C:\xampp\htdocs\muhasin\system\CodeIgniter.php(482): CodeIgniter\CodeIgniter->runController(Object(App\Controllers\Login))
#8 C:\xampp\htdocs\muhasin\system\CodeIgniter.php(351): CodeIgniter\CodeIgniter->handleRequest(NULL, Object(Config\Cache), false)
#9 C:\xampp\htdocs\muhasin\public\index.php(67): CodeIgniter\CodeIgniter->run()
#10 C:\xampp\htdocs\muhasin\system\Commands\Server\rewrite.php(46): require_once('C:\\xampp\\htdocs...')
#11 {main}

Next CodeIgniter\Database\Exceptions\DatabaseException: No connection could be made because the target machine actively refused it in C:\xampp\htdocs\muhasin\system\Database\MySQLi\Connection.php:215
Stack trace:
#0 C:\xampp\htdocs\muhasin\system\Database\BaseConnection.php(382): CodeIgniter\Database\MySQLi\Connection->connect(false)
#1 C:\xampp\htdocs\muhasin\system\Database\BaseConnection.php(561): CodeIgniter\Database\BaseConnection->initialize()
#2 C:\xampp\htdocs\muhasin\system\Database\BaseBuilder.php(1585): CodeIgniter\Database\BaseConnection->query('SELECT *\nFROM `...', Array, false)
#3 C:\xampp\htdocs\muhasin\app\Models\ModelLogin.php(19): CodeIgniter\Database\BaseBuilder->get()
#4 C:\xampp\htdocs\muhasin\app\Controllers\Login.php(32): App\Models\ModelLogin->getDataId('user', Array)
#5 C:\xampp\htdocs\muhasin\system\CodeIgniter.php(927): App\Controllers\Login->prosesLogin()
#6 C:\xampp\htdocs\muhasin\system\CodeIgniter.php(482): CodeIgniter\CodeIgniter->runController(Object(App\Controllers\Login))
#7 C:\xampp\htdocs\muhasin\system\CodeIgniter.php(351): CodeIgniter\CodeIgniter->handleRequest(NULL, Object(Config\Cache), false)
#8 C:\xampp\htdocs\muhasin\public\index.php(67): CodeIgniter\CodeIgniter->run()
#9 C:\xampp\htdocs\muhasin\system\Commands\Server\rewrite.php(46): require_once('C:\\xampp\\htdocs...')
#10 {main}
CRITICAL - 2024-06-02 20:40:12 --> Unable to connect to the database.
Main connection [MySQLi]: No connection could be made because the target machine actively refused it
in SYSTEMPATH\Database\BaseConnection.php on line 418.
 1 SYSTEMPATH\Database\BaseConnection.php(561): CodeIgniter\Database\BaseConnection->initialize()
 2 SYSTEMPATH\Database\BaseBuilder.php(1585): CodeIgniter\Database\BaseConnection->query('SELECT *
FROM `user`
WHERE `username` = :username:', [...], false)
 3 APPPATH\Models\ModelLogin.php(19): CodeIgniter\Database\BaseBuilder->get()
 4 APPPATH\Controllers\Login.php(32): App\Models\ModelLogin->getDataId('user', [...])
 5 SYSTEMPATH\CodeIgniter.php(927): App\Controllers\Login->prosesLogin()
 6 SYSTEMPATH\CodeIgniter.php(482): CodeIgniter\CodeIgniter->runController(Object(App\Controllers\Login))
 7 SYSTEMPATH\CodeIgniter.php(351): CodeIgniter\CodeIgniter->handleRequest(null, Object(Config\Cache), false)
 8 FCPATH\index.php(67): CodeIgniter\CodeIgniter->run()
 9 SYSTEMPATH\Commands\Server\rewrite.php(46): require_once('FCPATH\\index.php')
ERROR - 2024-06-02 20:40:25 --> Error connecting to the database: mysqli_sql_exception: No connection could be made because the target machine actively refused it in C:\xampp\htdocs\muhasin\system\Database\MySQLi\Connection.php:170
Stack trace:
#0 C:\xampp\htdocs\muhasin\system\Database\MySQLi\Connection.php(170): mysqli->real_connect('localhost', 'root', Object(SensitiveParameterValue), 'muhasin', 3306, '', 0)
#1 C:\xampp\htdocs\muhasin\system\Database\BaseConnection.php(382): CodeIgniter\Database\MySQLi\Connection->connect(false)
#2 C:\xampp\htdocs\muhasin\system\Database\BaseConnection.php(561): CodeIgniter\Database\BaseConnection->initialize()
#3 C:\xampp\htdocs\muhasin\system\Database\BaseBuilder.php(1585): CodeIgniter\Database\BaseConnection->query('SELECT *\nFROM `...', Array, false)
#4 C:\xampp\htdocs\muhasin\app\Models\ModelLogin.php(19): CodeIgniter\Database\BaseBuilder->get()
#5 C:\xampp\htdocs\muhasin\app\Controllers\Login.php(32): App\Models\ModelLogin->getDataId('user', Array)
#6 C:\xampp\htdocs\muhasin\system\CodeIgniter.php(927): App\Controllers\Login->prosesLogin()
#7 C:\xampp\htdocs\muhasin\system\CodeIgniter.php(482): CodeIgniter\CodeIgniter->runController(Object(App\Controllers\Login))
#8 C:\xampp\htdocs\muhasin\system\CodeIgniter.php(351): CodeIgniter\CodeIgniter->handleRequest(NULL, Object(Config\Cache), false)
#9 C:\xampp\htdocs\muhasin\public\index.php(67): CodeIgniter\CodeIgniter->run()
#10 C:\xampp\htdocs\muhasin\system\Commands\Server\rewrite.php(46): require_once('C:\\xampp\\htdocs...')
#11 {main}

Next CodeIgniter\Database\Exceptions\DatabaseException: No connection could be made because the target machine actively refused it in C:\xampp\htdocs\muhasin\system\Database\MySQLi\Connection.php:215
Stack trace:
#0 C:\xampp\htdocs\muhasin\system\Database\BaseConnection.php(382): CodeIgniter\Database\MySQLi\Connection->connect(false)
#1 C:\xampp\htdocs\muhasin\system\Database\BaseConnection.php(561): CodeIgniter\Database\BaseConnection->initialize()
#2 C:\xampp\htdocs\muhasin\system\Database\BaseBuilder.php(1585): CodeIgniter\Database\BaseConnection->query('SELECT *\nFROM `...', Array, false)
#3 C:\xampp\htdocs\muhasin\app\Models\ModelLogin.php(19): CodeIgniter\Database\BaseBuilder->get()
#4 C:\xampp\htdocs\muhasin\app\Controllers\Login.php(32): App\Models\ModelLogin->getDataId('user', Array)
#5 C:\xampp\htdocs\muhasin\system\CodeIgniter.php(927): App\Controllers\Login->prosesLogin()
#6 C:\xampp\htdocs\muhasin\system\CodeIgniter.php(482): CodeIgniter\CodeIgniter->runController(Object(App\Controllers\Login))
#7 C:\xampp\htdocs\muhasin\system\CodeIgniter.php(351): CodeIgniter\CodeIgniter->handleRequest(NULL, Object(Config\Cache), false)
#8 C:\xampp\htdocs\muhasin\public\index.php(67): CodeIgniter\CodeIgniter->run()
#9 C:\xampp\htdocs\muhasin\system\Commands\Server\rewrite.php(46): require_once('C:\\xampp\\htdocs...')
#10 {main}
CRITICAL - 2024-06-02 20:40:25 --> Unable to connect to the database.
Main connection [MySQLi]: No connection could be made because the target machine actively refused it
in SYSTEMPATH\Database\BaseConnection.php on line 418.
 1 SYSTEMPATH\Database\BaseConnection.php(561): CodeIgniter\Database\BaseConnection->initialize()
 2 SYSTEMPATH\Database\BaseBuilder.php(1585): CodeIgniter\Database\BaseConnection->query('SELECT *
FROM `user`
WHERE `username` = :username:', [...], false)
 3 APPPATH\Models\ModelLogin.php(19): CodeIgniter\Database\BaseBuilder->get()
 4 APPPATH\Controllers\Login.php(32): App\Models\ModelLogin->getDataId('user', [...])
 5 SYSTEMPATH\CodeIgniter.php(927): App\Controllers\Login->prosesLogin()
 6 SYSTEMPATH\CodeIgniter.php(482): CodeIgniter\CodeIgniter->runController(Object(App\Controllers\Login))
 7 SYSTEMPATH\CodeIgniter.php(351): CodeIgniter\CodeIgniter->handleRequest(null, Object(Config\Cache), false)
 8 FCPATH\index.php(67): CodeIgniter\CodeIgniter->run()
 9 SYSTEMPATH\Commands\Server\rewrite.php(46): require_once('FCPATH\\index.php')
ERROR - 2024-06-02 20:41:46 --> Error connecting to the database: mysqli_sql_exception: No connection could be made because the target machine actively refused it in C:\xampp\htdocs\muhasin\system\Database\MySQLi\Connection.php:170
Stack trace:
#0 C:\xampp\htdocs\muhasin\system\Database\MySQLi\Connection.php(170): mysqli->real_connect('localhost', 'root', Object(SensitiveParameterValue), 'muhasin', 3306, '', 0)
#1 C:\xampp\htdocs\muhasin\system\Database\BaseConnection.php(382): CodeIgniter\Database\MySQLi\Connection->connect(false)
#2 C:\xampp\htdocs\muhasin\system\Database\BaseConnection.php(561): CodeIgniter\Database\BaseConnection->initialize()
#3 C:\xampp\htdocs\muhasin\system\Database\BaseBuilder.php(1585): CodeIgniter\Database\BaseConnection->query('SELECT *\nFROM `...', Array, false)
#4 C:\xampp\htdocs\muhasin\app\Models\ModelLogin.php(19): CodeIgniter\Database\BaseBuilder->get()
#5 C:\xampp\htdocs\muhasin\app\Controllers\Login.php(32): App\Models\ModelLogin->getDataId('user', Array)
#6 C:\xampp\htdocs\muhasin\system\CodeIgniter.php(927): App\Controllers\Login->prosesLogin()
#7 C:\xampp\htdocs\muhasin\system\CodeIgniter.php(482): CodeIgniter\CodeIgniter->runController(Object(App\Controllers\Login))
#8 C:\xampp\htdocs\muhasin\system\CodeIgniter.php(351): CodeIgniter\CodeIgniter->handleRequest(NULL, Object(Config\Cache), false)
#9 C:\xampp\htdocs\muhasin\public\index.php(67): CodeIgniter\CodeIgniter->run()
#10 C:\xampp\htdocs\muhasin\system\Commands\Server\rewrite.php(46): require_once('C:\\xampp\\htdocs...')
#11 {main}

Next CodeIgniter\Database\Exceptions\DatabaseException: No connection could be made because the target machine actively refused it in C:\xampp\htdocs\muhasin\system\Database\MySQLi\Connection.php:215
Stack trace:
#0 C:\xampp\htdocs\muhasin\system\Database\BaseConnection.php(382): CodeIgniter\Database\MySQLi\Connection->connect(false)
#1 C:\xampp\htdocs\muhasin\system\Database\BaseConnection.php(561): CodeIgniter\Database\BaseConnection->initialize()
#2 C:\xampp\htdocs\muhasin\system\Database\BaseBuilder.php(1585): CodeIgniter\Database\BaseConnection->query('SELECT *\nFROM `...', Array, false)
#3 C:\xampp\htdocs\muhasin\app\Models\ModelLogin.php(19): CodeIgniter\Database\BaseBuilder->get()
#4 C:\xampp\htdocs\muhasin\app\Controllers\Login.php(32): App\Models\ModelLogin->getDataId('user', Array)
#5 C:\xampp\htdocs\muhasin\system\CodeIgniter.php(927): App\Controllers\Login->prosesLogin()
#6 C:\xampp\htdocs\muhasin\system\CodeIgniter.php(482): CodeIgniter\CodeIgniter->runController(Object(App\Controllers\Login))
#7 C:\xampp\htdocs\muhasin\system\CodeIgniter.php(351): CodeIgniter\CodeIgniter->handleRequest(NULL, Object(Config\Cache), false)
#8 C:\xampp\htdocs\muhasin\public\index.php(67): CodeIgniter\CodeIgniter->run()
#9 C:\xampp\htdocs\muhasin\system\Commands\Server\rewrite.php(46): require_once('C:\\xampp\\htdocs...')
#10 {main}
CRITICAL - 2024-06-02 20:41:46 --> Unable to connect to the database.
Main connection [MySQLi]: No connection could be made because the target machine actively refused it
in SYSTEMPATH\Database\BaseConnection.php on line 418.
 1 SYSTEMPATH\Database\BaseConnection.php(561): CodeIgniter\Database\BaseConnection->initialize()
 2 SYSTEMPATH\Database\BaseBuilder.php(1585): CodeIgniter\Database\BaseConnection->query('SELECT *
FROM `user`
WHERE `username` = :username:', [...], false)
 3 APPPATH\Models\ModelLogin.php(19): CodeIgniter\Database\BaseBuilder->get()
 4 APPPATH\Controllers\Login.php(32): App\Models\ModelLogin->getDataId('user', [...])
 5 SYSTEMPATH\CodeIgniter.php(927): App\Controllers\Login->prosesLogin()
 6 SYSTEMPATH\CodeIgniter.php(482): CodeIgniter\CodeIgniter->runController(Object(App\Controllers\Login))
 7 SYSTEMPATH\CodeIgniter.php(351): CodeIgniter\CodeIgniter->handleRequest(null, Object(Config\Cache), false)
 8 FCPATH\index.php(67): CodeIgniter\CodeIgniter->run()
 9 SYSTEMPATH\Commands\Server\rewrite.php(46): require_once('FCPATH\\index.php')
CRITICAL - 2024-06-02 20:47:07 --> Undefined constant "CodeIgniter\Debug\VENDORPATH"
in SYSTEMPATH\Debug\Exceptions.php on line 177.
 1 SYSTEMPATH\Debug\Exceptions.php(157): CodeIgniter\Debug\Exceptions->isFakerDeprecationError(8192, 'Creation of dynamic property App\\Controllers\\Dasboard::$sekolah is deprecated', 'APPPATH\\Controllers\\Dasboard.php', 15)
 2 APPPATH\Controllers\Dasboard.php(15): CodeIgniter\Debug\Exceptions->errorHandler(8192, 'Creation of dynamic property App\\Controllers\\Dasboard::$sekolah is deprecated', 'APPPATH\\Controllers\\Dasboard.php', 15)
 3 SYSTEMPATH\CodeIgniter.php(889): App\Controllers\Dasboard->__construct()
 4 SYSTEMPATH\CodeIgniter.php(473): CodeIgniter\CodeIgniter->createController()
 5 SYSTEMPATH\CodeIgniter.php(351): CodeIgniter\CodeIgniter->handleRequest(null, Object(Config\Cache), false)
 6 FCPATH\index.php(67): CodeIgniter\CodeIgniter->run()
 7 SYSTEMPATH\Commands\Server\rewrite.php(46): require_once('FCPATH\\index.php')
CRITICAL - 2024-06-02 20:47:16 --> Undefined constant "CodeIgniter\Debug\VENDORPATH"
in SYSTEMPATH\Debug\Exceptions.php on line 177.
 1 SYSTEMPATH\Debug\Exceptions.php(157): CodeIgniter\Debug\Exceptions->isFakerDeprecationError(8192, 'Creation of dynamic property App\\Controllers\\Dasboard::$sekolah is deprecated', 'APPPATH\\Controllers\\Dasboard.php', 15)
 2 APPPATH\Controllers\Dasboard.php(15): CodeIgniter\Debug\Exceptions->errorHandler(8192, 'Creation of dynamic property App\\Controllers\\Dasboard::$sekolah is deprecated', 'APPPATH\\Controllers\\Dasboard.php', 15)
 3 SYSTEMPATH\CodeIgniter.php(889): App\Controllers\Dasboard->__construct()
 4 SYSTEMPATH\CodeIgniter.php(473): CodeIgniter\CodeIgniter->createController()
 5 SYSTEMPATH\CodeIgniter.php(351): CodeIgniter\CodeIgniter->handleRequest(null, Object(Config\Cache), false)
 6 FCPATH\index.php(67): CodeIgniter\CodeIgniter->run()
 7 SYSTEMPATH\Commands\Server\rewrite.php(46): require_once('FCPATH\\index.php')
CRITICAL - 2024-06-02 20:55:16 --> Creation of dynamic property App\Controllers\Dasboard::$sekolah is deprecated
in APPPATH\Controllers\Dasboard.php on line 15.
 1 APPPATH\Controllers\Dasboard.php(15): CodeIgniter\Debug\Exceptions->errorHandler(8192, 'Creation of dynamic property App\\Controllers\\Dasboard::$sekolah is deprecated', 'APPPATH\\Controllers\\Dasboard.php', 15)
 2 SYSTEMPATH\CodeIgniter.php(889): App\Controllers\Dasboard->__construct()
 3 SYSTEMPATH\CodeIgniter.php(473): CodeIgniter\CodeIgniter->createController()
 4 SYSTEMPATH\CodeIgniter.php(351): CodeIgniter\CodeIgniter->handleRequest(null, Object(Config\Cache), false)
 5 FCPATH\index.php(67): CodeIgniter\CodeIgniter->run()
 6 SYSTEMPATH\Commands\Server\rewrite.php(46): require_once('FCPATH\\index.php')
CRITICAL - 2024-06-02 20:55:32 --> Creation of dynamic property App\Controllers\Dasboard::$sekolah is deprecated
in APPPATH\Controllers\Dasboard.php on line 15.
 1 APPPATH\Controllers\Dasboard.php(15): CodeIgniter\Debug\Exceptions->errorHandler(8192, 'Creation of dynamic property App\\Controllers\\Dasboard::$sekolah is deprecated', 'APPPATH\\Controllers\\Dasboard.php', 15)
 2 SYSTEMPATH\CodeIgniter.php(889): App\Controllers\Dasboard->__construct()
 3 SYSTEMPATH\CodeIgniter.php(473): CodeIgniter\CodeIgniter->createController()
 4 SYSTEMPATH\CodeIgniter.php(351): CodeIgniter\CodeIgniter->handleRequest(null, Object(Config\Cache), false)
 5 FCPATH\index.php(67): CodeIgniter\CodeIgniter->run()
 6 SYSTEMPATH\Commands\Server\rewrite.php(46): require_once('FCPATH\\index.php')
