CRITICAL - 2023-01-16 02:38:06 --> Undefined variable: datayayasan
in APPPATH\Views\admin\V_MajemenUser.php on line 63.
 1 APPPATH\Views\admin\V_MajemenUser.php(63): CodeIgniter\Debug\Exceptions->errorHandler(8, 'Undefined variable: datayayasan', 'APPPATH\\Views\\admin\\V_MajemenUser.php', 63, [...])
 2 SYSTEMPATH\View\View.php(213): include('APPPATH\\Views\\admin\\V_MajemenUser.php')
 3 SYSTEMPATH\View\View.php(216): CodeIgniter\View\View->CodeIgniter\View\{closure}()
 4 SYSTEMPATH\Common.php(1134): CodeIgniter\View\View->render('admin/V_MajemenUser', [], true)
 5 APPPATH\Controllers\User.php(29): view('admin/V_MajemenUser', [...])
 6 SYSTEMPATH\CodeIgniter.php(927): App\Controllers\User->index()
 7 SYSTEMPATH\CodeIgniter.php(482): CodeIgniter\CodeIgniter->runController(Object(App\Controllers\User))
 8 SYSTEMPATH\CodeIgniter.php(351): CodeIgniter\CodeIgniter->handleRequest(null, Object(Config\Cache), false)
 9 FCPATH\index.php(67): CodeIgniter\CodeIgniter->run()
10 SYSTEMPATH\Commands\Server\rewrite.php(46): require_once('FCPATH\\index.php')
CRITICAL - 2023-01-16 02:38:43 --> Undefined property: stdClass::$id_yayasan
in APPPATH\Views\admin\V_MajemenUser.php on line 73.
 1 APPPATH\Views\admin\V_MajemenUser.php(73): CodeIgniter\Debug\Exceptions->errorHandler(8, 'Undefined property: stdClass::$id_yayasan', 'APPPATH\\Views\\admin\\V_MajemenUser.php', 73, [...])
 2 SYSTEMPATH\View\View.php(213): include('APPPATH\\Views\\admin\\V_MajemenUser.php')
 3 SYSTEMPATH\View\View.php(216): CodeIgniter\View\View->CodeIgniter\View\{closure}()
 4 SYSTEMPATH\Common.php(1134): CodeIgniter\View\View->render('admin/V_MajemenUser', [], true)
 5 APPPATH\Controllers\User.php(29): view('admin/V_MajemenUser', [...])
 6 SYSTEMPATH\CodeIgniter.php(927): App\Controllers\User->index()
 7 SYSTEMPATH\CodeIgniter.php(482): CodeIgniter\CodeIgniter->runController(Object(App\Controllers\User))
 8 SYSTEMPATH\CodeIgniter.php(351): CodeIgniter\CodeIgniter->handleRequest(null, Object(Config\Cache), false)
 9 FCPATH\index.php(67): CodeIgniter\CodeIgniter->run()
10 SYSTEMPATH\Commands\Server\rewrite.php(46): require_once('FCPATH\\index.php')
CRITICAL - 2023-01-16 03:15:54 --> Undefined property: stdClass::$id_yayasan
in APPPATH\Views\admin\V_EditUser.php on line 23.
 1 APPPATH\Views\admin\V_EditUser.php(23): CodeIgniter\Debug\Exceptions->errorHandler(8, 'Undefined property: stdClass::$id_yayasan', 'APPPATH\\Views\\admin\\V_EditUser.php', 23, [...])
 2 SYSTEMPATH\View\View.php(213): include('APPPATH\\Views\\admin\\V_EditUser.php')
 3 SYSTEMPATH\View\View.php(216): CodeIgniter\View\View->CodeIgniter\View\{closure}()
 4 SYSTEMPATH\Common.php(1134): CodeIgniter\View\View->render('admin/V_EditUser', [], true)
 5 APPPATH\Controllers\User.php(42): view('admin/V_EditUser', [...])
 6 SYSTEMPATH\CodeIgniter.php(927): App\Controllers\User->edit('1')
 7 SYSTEMPATH\CodeIgniter.php(482): CodeIgniter\CodeIgniter->runController(Object(App\Controllers\User))
 8 SYSTEMPATH\CodeIgniter.php(351): CodeIgniter\CodeIgniter->handleRequest(null, Object(Config\Cache), false)
 9 FCPATH\index.php(67): CodeIgniter\CodeIgniter->run()
10 SYSTEMPATH\Commands\Server\rewrite.php(46): require_once('FCPATH\\index.php')
CRITICAL - 2023-01-16 05:49:34 --> Undefined variable: row
in APPPATH\Views\admin\V_InsertUser.php on line 37.
 1 APPPATH\Views\admin\V_InsertUser.php(37): CodeIgniter\Debug\Exceptions->errorHandler(8, 'Undefined variable: row', 'APPPATH\\Views\\admin\\V_InsertUser.php', 37, [...])
 2 SYSTEMPATH\View\View.php(213): include('APPPATH\\Views\\admin\\V_InsertUser.php')
 3 SYSTEMPATH\View\View.php(216): CodeIgniter\View\View->CodeIgniter\View\{closure}()
 4 SYSTEMPATH\Common.php(1134): CodeIgniter\View\View->render('admin/V_InsertUser', [], true)
 5 APPPATH\Controllers\User.php(66): view('admin/V_InsertUser', [...])
 6 SYSTEMPATH\CodeIgniter.php(927): App\Controllers\User->insert()
 7 SYSTEMPATH\CodeIgniter.php(482): CodeIgniter\CodeIgniter->runController(Object(App\Controllers\User))
 8 SYSTEMPATH\CodeIgniter.php(351): CodeIgniter\CodeIgniter->handleRequest(null, Object(Config\Cache), false)
 9 FCPATH\index.php(67): CodeIgniter\CodeIgniter->run()
10 SYSTEMPATH\Commands\Server\rewrite.php(46): require_once('FCPATH\\index.php')
CRITICAL - 2023-01-16 06:49:03 --> syntax error, unexpected '++' (T_INC)
in APPPATH\Views\admin\V_DetailYayasan.php on line 90.
 1 SYSTEMPATH\View\View.php(216): CodeIgniter\View\View->CodeIgniter\View\{closure}()
 2 SYSTEMPATH\Common.php(1134): CodeIgniter\View\View->render('admin/V_DetailYayasan', [], true)
 3 APPPATH\Controllers\Yayasan.php(75): view('admin/V_DetailYayasan', [...])
 4 SYSTEMPATH\CodeIgniter.php(927): App\Controllers\Yayasan->detailyayasan('953')
 5 SYSTEMPATH\CodeIgniter.php(482): CodeIgniter\CodeIgniter->runController(Object(App\Controllers\Yayasan))
 6 SYSTEMPATH\CodeIgniter.php(351): CodeIgniter\CodeIgniter->handleRequest(null, Object(Config\Cache), false)
 7 FCPATH\index.php(67): CodeIgniter\CodeIgniter->run()
 8 SYSTEMPATH\Commands\Server\rewrite.php(46): require_once('FCPATH\\index.php')
