CRITICAL - 2022-12-15 00:48:47 --> Undefined index: sesnama
in APPPATH\Views\layout\header.php on line 85.
 1 APPPATH\Views\layout\header.php(85): CodeIgniter\Debug\Exceptions->errorHandler(8, 'Undefined index: sesnama', 'APPPATH\\Views\\layout\\header.php', 85, [...])
 2 SYSTEMPATH\View\View.php(213): include('APPPATH\\Views\\layout\\header.php')
 3 SYSTEMPATH\View\View.php(216): CodeIgniter\View\View->CodeIgniter\View\{closure}()
 4 SYSTEMPATH\Common.php(1134): CodeIgniter\View\View->render('layout/header', [], true)
 5 APPPATH\Views\admin\V_Kecamatan.php(1): view('layout/header')
 6 SYSTEMPATH\View\View.php(213): include('APPPATH\\Views\\admin\\V_Kecamatan.php')
 7 SYSTEMPATH\View\View.php(216): CodeIgniter\View\View->CodeIgniter\View\{closure}()
 8 SYSTEMPATH\Common.php(1134): CodeIgniter\View\View->render('admin/V_Kecamatan', [], true)
 9 APPPATH\Controllers\Kecamatan.php(27): view('admin/V_Kecamatan', [...])
10 SYSTEMPATH\CodeIgniter.php(927): App\Controllers\Kecamatan->index()
11 SYSTEMPATH\CodeIgniter.php(482): CodeIgniter\CodeIgniter->runController(Object(App\Controllers\Kecamatan))
12 SYSTEMPATH\CodeIgniter.php(351): CodeIgniter\CodeIgniter->handleRequest(null, Object(Config\Cache), false)
13 FCPATH\index.php(67): CodeIgniter\CodeIgniter->run()
14 SYSTEMPATH\Commands\Server\rewrite.php(46): require_once('FCPATH\\index.php')
CRITICAL - 2022-12-15 00:48:52 --> Undefined index: sesnama
in APPPATH\Views\layout\header.php on line 85.
 1 APPPATH\Views\layout\header.php(85): CodeIgniter\Debug\Exceptions->errorHandler(8, 'Undefined index: sesnama', 'APPPATH\\Views\\layout\\header.php', 85, [...])
 2 SYSTEMPATH\View\View.php(213): include('APPPATH\\Views\\layout\\header.php')
 3 SYSTEMPATH\View\View.php(216): CodeIgniter\View\View->CodeIgniter\View\{closure}()
 4 SYSTEMPATH\Common.php(1134): CodeIgniter\View\View->render('layout/header', [], true)
 5 APPPATH\Views\admin\V_Kecamatan.php(1): view('layout/header')
 6 SYSTEMPATH\View\View.php(213): include('APPPATH\\Views\\admin\\V_Kecamatan.php')
 7 SYSTEMPATH\View\View.php(216): CodeIgniter\View\View->CodeIgniter\View\{closure}()
 8 SYSTEMPATH\Common.php(1134): CodeIgniter\View\View->render('admin/V_Kecamatan', [], true)
 9 APPPATH\Controllers\Kecamatan.php(27): view('admin/V_Kecamatan', [...])
10 SYSTEMPATH\CodeIgniter.php(927): App\Controllers\Kecamatan->index()
11 SYSTEMPATH\CodeIgniter.php(482): CodeIgniter\CodeIgniter->runController(Object(App\Controllers\Kecamatan))
12 SYSTEMPATH\CodeIgniter.php(351): CodeIgniter\CodeIgniter->handleRequest(null, Object(Config\Cache), false)
13 FCPATH\index.php(67): CodeIgniter\CodeIgniter->run()
14 SYSTEMPATH\Commands\Server\rewrite.php(46): require_once('FCPATH\\index.php')
CRITICAL - 2022-12-15 01:12:31 --> Undefined property: stdClass::$nama_sekolah_kemenag
in APPPATH\Views\admin\V_KecamatanSekolahKemenag.php on line 58.
 1 APPPATH\Views\admin\V_KecamatanSekolahKemenag.php(58): CodeIgniter\Debug\Exceptions->errorHandler(8, 'Undefined property: stdClass::$nama_sekolah_kemenag', 'APPPATH\\Views\\admin\\V_KecamatanSekolahKemenag.php', 58, [...])
 2 SYSTEMPATH\View\View.php(213): include('APPPATH\\Views\\admin\\V_KecamatanSekolahKemenag.php')
 3 SYSTEMPATH\View\View.php(216): CodeIgniter\View\View->CodeIgniter\View\{closure}()
 4 SYSTEMPATH\Common.php(1134): CodeIgniter\View\View->render('admin/V_kecamatanSekolahkemenag', [], true)
 5 APPPATH\Controllers\Kecamatan.php(65): view('admin/V_kecamatanSekolahkemenag', [...])
 6 SYSTEMPATH\CodeIgniter.php(927): App\Controllers\Kecamatan->detailkeckemenag('1')
 7 SYSTEMPATH\CodeIgniter.php(482): CodeIgniter\CodeIgniter->runController(Object(App\Controllers\Kecamatan))
 8 SYSTEMPATH\CodeIgniter.php(351): CodeIgniter\CodeIgniter->handleRequest(null, Object(Config\Cache), false)
 9 FCPATH\index.php(67): CodeIgniter\CodeIgniter->run()
10 SYSTEMPATH\Commands\Server\rewrite.php(46): require_once('FCPATH\\index.php')
